01:15:06.918 [org.springframework.kafka.KafkaListenerEndpointContainer#0-0-C-1] INFO  o.apache.kafka.clients.NetworkClient - [Consumer clientId=spring-kafka-client-0, groupId=test] Disconnecting from node 1 due to request timeout.
01:15:06.924 [kafka-coordinator-heartbeat-thread | test] INFO  o.a.k.c.c.i.ConsumerCoordinator - [Consumer clientId=spring-kafka-client-0, groupId=test] Group coordinator localhost:9092 (id: 2147483646 rack: null) is unavailable or invalid due to cause: session timed out without receiving a heartbeat response. isDisconnected: false. Rediscovery will be attempted.
01:15:06.924 [kafka-coordinator-heartbeat-thread | test] INFO  o.a.k.c.c.i.ConsumerCoordinator - [Consumer clientId=spring-kafka-client-0, groupId=test] Requesting disconnect from last known coordinator localhost:9092 (id: 2147483646 rack: null)
01:15:06.924 [kafka-coordinator-heartbeat-thread | test] INFO  o.apache.kafka.clients.NetworkClient - [Consumer clientId=spring-kafka-client-0, groupId=test] Client requested disconnect from node 2147483646
01:15:06.926 [org.springframework.kafka.KafkaListenerEndpointContainer#0-0-C-1] INFO  o.a.k.clients.FetchSessionHandler - [Consumer clientId=spring-kafka-client-0, groupId=test] Error sending fetch request (sessionId=1831076750, epoch=89185) to node 1:
org.apache.kafka.common.errors.DisconnectException: null
01:15:07.050 [org.springframework.kafka.KafkaListenerEndpointContainer#0-0-C-1] INFO  o.a.k.c.c.i.ConsumerCoordinator - [Consumer clientId=spring-kafka-client-0, groupId=test] Discovered group coordinator localhost:9092 (id: 2147483646 rack: null)
01:15:18.541 [HikariPool-1 housekeeper] WARN  com.zaxxer.hikari.pool.HikariPool - HikariPool-1 - Thread starvation or clock leap detected (housekeeper delta=1h45m37s474ms).
01:30:47.196 [kafka-coordinator-heartbeat-thread | test] INFO  o.a.k.c.c.i.ConsumerCoordinator - [Consumer clientId=spring-kafka-client-0, groupId=test] Group coordinator localhost:9092 (id: 2147483646 rack: null) is unavailable or invalid due to cause: session timed out without receiving a heartbeat response. isDisconnected: false. Rediscovery will be attempted.
01:30:47.196 [kafka-coordinator-heartbeat-thread | test] INFO  o.a.k.c.c.i.ConsumerCoordinator - [Consumer clientId=spring-kafka-client-0, groupId=test] Requesting disconnect from last known coordinator localhost:9092 (id: 2147483646 rack: null)
01:30:47.196 [kafka-coordinator-heartbeat-thread | test] INFO  o.apache.kafka.clients.NetworkClient - [Consumer clientId=spring-kafka-client-0, groupId=test] Client requested disconnect from node 2147483646
01:30:47.199 [org.springframework.kafka.KafkaListenerEndpointContainer#0-0-C-1] INFO  o.a.k.c.c.i.ConsumerCoordinator - [Consumer clientId=spring-kafka-client-0, groupId=test] Discovered group coordinator localhost:9092 (id: 2147483646 rack: null)
01:30:47.199 [org.springframework.kafka.KafkaListenerEndpointContainer#0-0-C-1] INFO  o.a.k.c.c.i.ConsumerCoordinator - [Consumer clientId=spring-kafka-client-0, groupId=test] Group coordinator localhost:9092 (id: 2147483646 rack: null) is unavailable or invalid due to cause: coordinator unavailable. isDisconnected: false. Rediscovery will be attempted.
01:30:47.199 [org.springframework.kafka.KafkaListenerEndpointContainer#0-0-C-1] INFO  o.a.k.c.c.i.ConsumerCoordinator - [Consumer clientId=spring-kafka-client-0, groupId=test] Requesting disconnect from last known coordinator localhost:9092 (id: 2147483646 rack: null)
01:30:47.334 [org.springframework.kafka.KafkaListenerEndpointContainer#0-0-C-1] INFO  o.a.k.c.c.i.ConsumerCoordinator - [Consumer clientId=spring-kafka-client-0, groupId=test] Discovered group coordinator localhost:9092 (id: 2147483646 rack: null)
02:59:00.755 [kafka-coordinator-heartbeat-thread | test] INFO  o.a.k.c.c.i.ConsumerCoordinator - [Consumer clientId=spring-kafka-client-0, groupId=test] Group coordinator localhost:9092 (id: 2147483646 rack: null) is unavailable or invalid due to cause: session timed out without receiving a heartbeat response. isDisconnected: false. Rediscovery will be attempted.
02:59:00.755 [kafka-coordinator-heartbeat-thread | test] INFO  o.a.k.c.c.i.ConsumerCoordinator - [Consumer clientId=spring-kafka-client-0, groupId=test] Requesting disconnect from last known coordinator localhost:9092 (id: 2147483646 rack: null)
02:59:00.755 [kafka-coordinator-heartbeat-thread | test] INFO  o.apache.kafka.clients.NetworkClient - [Consumer clientId=spring-kafka-client-0, groupId=test] Client requested disconnect from node 2147483646
02:59:00.771 [org.springframework.kafka.KafkaListenerEndpointContainer#0-0-C-1] INFO  o.a.k.c.c.i.ConsumerCoordinator - [Consumer clientId=spring-kafka-client-0, groupId=test] Discovered group coordinator localhost:9092 (id: 2147483646 rack: null)
02:59:00.772 [org.springframework.kafka.KafkaListenerEndpointContainer#0-0-C-1] INFO  o.a.k.c.c.i.ConsumerCoordinator - [Consumer clientId=spring-kafka-client-0, groupId=test] Group coordinator localhost:9092 (id: 2147483646 rack: null) is unavailable or invalid due to cause: coordinator unavailable. isDisconnected: false. Rediscovery will be attempted.
02:59:00.772 [org.springframework.kafka.KafkaListenerEndpointContainer#0-0-C-1] INFO  o.a.k.c.c.i.ConsumerCoordinator - [Consumer clientId=spring-kafka-client-0, groupId=test] Requesting disconnect from last known coordinator localhost:9092 (id: 2147483646 rack: null)
02:59:00.862 [org.springframework.kafka.KafkaListenerEndpointContainer#0-0-C-1] INFO  o.a.k.c.c.i.ConsumerCoordinator - [Consumer clientId=spring-kafka-client-0, groupId=test] Discovered group coordinator localhost:9092 (id: 2147483646 rack: null)
03:16:33.407 [kafka-coordinator-heartbeat-thread | test] INFO  o.a.k.c.c.i.ConsumerCoordinator - [Consumer clientId=spring-kafka-client-0, groupId=test] Group coordinator localhost:9092 (id: 2147483646 rack: null) is unavailable or invalid due to cause: session timed out without receiving a heartbeat response. isDisconnected: false. Rediscovery will be attempted.
03:16:33.408 [kafka-coordinator-heartbeat-thread | test] INFO  o.a.k.c.c.i.ConsumerCoordinator - [Consumer clientId=spring-kafka-client-0, groupId=test] Requesting disconnect from last known coordinator localhost:9092 (id: 2147483646 rack: null)
03:16:33.408 [kafka-coordinator-heartbeat-thread | test] INFO  o.apache.kafka.clients.NetworkClient - [Consumer clientId=spring-kafka-client-0, groupId=test] Client requested disconnect from node 2147483646
03:16:33.410 [org.springframework.kafka.KafkaListenerEndpointContainer#0-0-C-1] INFO  o.a.k.c.c.i.ConsumerCoordinator - [Consumer clientId=spring-kafka-client-0, groupId=test] Discovered group coordinator localhost:9092 (id: 2147483646 rack: null)
03:16:33.410 [org.springframework.kafka.KafkaListenerEndpointContainer#0-0-C-1] INFO  o.a.k.c.c.i.ConsumerCoordinator - [Consumer clientId=spring-kafka-client-0, groupId=test] Group coordinator localhost:9092 (id: 2147483646 rack: null) is unavailable or invalid due to cause: coordinator unavailable. isDisconnected: false. Rediscovery will be attempted.
03:16:33.410 [org.springframework.kafka.KafkaListenerEndpointContainer#0-0-C-1] INFO  o.a.k.c.c.i.ConsumerCoordinator - [Consumer clientId=spring-kafka-client-0, groupId=test] Requesting disconnect from last known coordinator localhost:9092 (id: 2147483646 rack: null)
03:16:33.523 [org.springframework.kafka.KafkaListenerEndpointContainer#0-0-C-1] INFO  o.a.k.c.c.i.ConsumerCoordinator - [Consumer clientId=spring-kafka-client-0, groupId=test] Discovered group coordinator localhost:9092 (id: 2147483646 rack: null)
03:16:44.090 [HikariPool-1 housekeeper] WARN  com.zaxxer.hikari.pool.HikariPool - HikariPool-1 - Thread starvation or clock leap detected (housekeeper delta=2h1m25s549ms).
03:34:48.513 [kafka-coordinator-heartbeat-thread | test] INFO  o.a.k.c.c.i.ConsumerCoordinator - [Consumer clientId=spring-kafka-client-0, groupId=test] Group coordinator localhost:9092 (id: 2147483646 rack: null) is unavailable or invalid due to cause: session timed out without receiving a heartbeat response. isDisconnected: false. Rediscovery will be attempted.
03:34:48.514 [kafka-coordinator-heartbeat-thread | test] INFO  o.a.k.c.c.i.ConsumerCoordinator - [Consumer clientId=spring-kafka-client-0, groupId=test] Requesting disconnect from last known coordinator localhost:9092 (id: 2147483646 rack: null)
03:34:48.514 [kafka-coordinator-heartbeat-thread | test] INFO  o.apache.kafka.clients.NetworkClient - [Consumer clientId=spring-kafka-client-0, groupId=test] Client requested disconnect from node 2147483646
03:34:48.515 [org.springframework.kafka.KafkaListenerEndpointContainer#0-0-C-1] INFO  o.a.k.c.c.i.ConsumerCoordinator - [Consumer clientId=spring-kafka-client-0, groupId=test] Discovered group coordinator localhost:9092 (id: 2147483646 rack: null)
03:34:48.516 [org.springframework.kafka.KafkaListenerEndpointContainer#0-0-C-1] INFO  o.a.k.c.c.i.ConsumerCoordinator - [Consumer clientId=spring-kafka-client-0, groupId=test] Group coordinator localhost:9092 (id: 2147483646 rack: null) is unavailable or invalid due to cause: coordinator unavailable. isDisconnected: false. Rediscovery will be attempted.
03:34:48.516 [org.springframework.kafka.KafkaListenerEndpointContainer#0-0-C-1] INFO  o.a.k.c.c.i.ConsumerCoordinator - [Consumer clientId=spring-kafka-client-0, groupId=test] Requesting disconnect from last known coordinator localhost:9092 (id: 2147483646 rack: null)
03:34:48.608 [org.springframework.kafka.KafkaListenerEndpointContainer#0-0-C-1] INFO  o.a.k.c.c.i.ConsumerCoordinator - [Consumer clientId=spring-kafka-client-0, groupId=test] Discovered group coordinator localhost:9092 (id: 2147483646 rack: null)
05:02:39.908 [kafka-coordinator-heartbeat-thread | test] INFO  o.a.k.c.c.i.ConsumerCoordinator - [Consumer clientId=spring-kafka-client-0, groupId=test] Group coordinator localhost:9092 (id: 2147483646 rack: null) is unavailable or invalid due to cause: session timed out without receiving a heartbeat response. isDisconnected: false. Rediscovery will be attempted.
05:02:39.908 [kafka-coordinator-heartbeat-thread | test] INFO  o.a.k.c.c.i.ConsumerCoordinator - [Consumer clientId=spring-kafka-client-0, groupId=test] Requesting disconnect from last known coordinator localhost:9092 (id: 2147483646 rack: null)
05:02:39.908 [kafka-coordinator-heartbeat-thread | test] INFO  o.apache.kafka.clients.NetworkClient - [Consumer clientId=spring-kafka-client-0, groupId=test] Client requested disconnect from node 2147483646
05:02:39.954 [org.springframework.kafka.KafkaListenerEndpointContainer#0-0-C-1] INFO  o.a.k.c.c.i.ConsumerCoordinator - [Consumer clientId=spring-kafka-client-0, groupId=test] Discovered group coordinator localhost:9092 (id: 2147483646 rack: null)
05:02:39.955 [org.springframework.kafka.KafkaListenerEndpointContainer#0-0-C-1] INFO  o.a.k.c.c.i.ConsumerCoordinator - [Consumer clientId=spring-kafka-client-0, groupId=test] Group coordinator localhost:9092 (id: 2147483646 rack: null) is unavailable or invalid due to cause: coordinator unavailable. isDisconnected: false. Rediscovery will be attempted.
05:02:39.955 [org.springframework.kafka.KafkaListenerEndpointContainer#0-0-C-1] INFO  o.a.k.c.c.i.ConsumerCoordinator - [Consumer clientId=spring-kafka-client-0, groupId=test] Requesting disconnect from last known coordinator localhost:9092 (id: 2147483646 rack: null)
05:02:40.063 [org.springframework.kafka.KafkaListenerEndpointContainer#0-0-C-1] INFO  o.a.k.c.c.i.ConsumerCoordinator - [Consumer clientId=spring-kafka-client-0, groupId=test] Discovered group coordinator localhost:9092 (id: 2147483646 rack: null)
05:27:54.543 [kafka-coordinator-heartbeat-thread | test] INFO  o.a.k.c.c.i.ConsumerCoordinator - [Consumer clientId=spring-kafka-client-0, groupId=test] Group coordinator localhost:9092 (id: 2147483646 rack: null) is unavailable or invalid due to cause: session timed out without receiving a heartbeat response. isDisconnected: false. Rediscovery will be attempted.
05:27:54.543 [kafka-coordinator-heartbeat-thread | test] INFO  o.a.k.c.c.i.ConsumerCoordinator - [Consumer clientId=spring-kafka-client-0, groupId=test] Requesting disconnect from last known coordinator localhost:9092 (id: 2147483646 rack: null)
05:27:54.543 [kafka-coordinator-heartbeat-thread | test] INFO  o.apache.kafka.clients.NetworkClient - [Consumer clientId=spring-kafka-client-0, groupId=test] Client requested disconnect from node 2147483646
05:27:54.544 [org.springframework.kafka.KafkaListenerEndpointContainer#0-0-C-1] INFO  o.a.k.c.c.i.ConsumerCoordinator - [Consumer clientId=spring-kafka-client-0, groupId=test] Discovered group coordinator localhost:9092 (id: 2147483646 rack: null)
05:27:54.545 [org.springframework.kafka.KafkaListenerEndpointContainer#0-0-C-1] INFO  o.a.k.c.c.i.ConsumerCoordinator - [Consumer clientId=spring-kafka-client-0, groupId=test] Group coordinator localhost:9092 (id: 2147483646 rack: null) is unavailable or invalid due to cause: coordinator unavailable. isDisconnected: false. Rediscovery will be attempted.
05:27:54.545 [org.springframework.kafka.KafkaListenerEndpointContainer#0-0-C-1] INFO  o.a.k.c.c.i.ConsumerCoordinator - [Consumer clientId=spring-kafka-client-0, groupId=test] Requesting disconnect from last known coordinator localhost:9092 (id: 2147483646 rack: null)
05:27:54.639 [org.springframework.kafka.KafkaListenerEndpointContainer#0-0-C-1] INFO  o.a.k.c.c.i.ConsumerCoordinator - [Consumer clientId=spring-kafka-client-0, groupId=test] Discovered group coordinator localhost:9092 (id: 2147483646 rack: null)
05:27:59.128 [HikariPool-1 housekeeper] WARN  com.zaxxer.hikari.pool.HikariPool - HikariPool-1 - Thread starvation or clock leap detected (housekeeper delta=2h11m15s38ms).
06:33:46.237 [kafka-coordinator-heartbeat-thread | test] INFO  o.a.k.c.c.i.ConsumerCoordinator - [Consumer clientId=spring-kafka-client-0, groupId=test] Group coordinator localhost:9092 (id: 2147483646 rack: null) is unavailable or invalid due to cause: session timed out without receiving a heartbeat response. isDisconnected: false. Rediscovery will be attempted.
06:33:46.237 [kafka-coordinator-heartbeat-thread | test] INFO  o.a.k.c.c.i.ConsumerCoordinator - [Consumer clientId=spring-kafka-client-0, groupId=test] Requesting disconnect from last known coordinator localhost:9092 (id: 2147483646 rack: null)
06:33:46.237 [kafka-coordinator-heartbeat-thread | test] INFO  o.apache.kafka.clients.NetworkClient - [Consumer clientId=spring-kafka-client-0, groupId=test] Client requested disconnect from node 2147483646
06:33:46.239 [org.springframework.kafka.KafkaListenerEndpointContainer#0-0-C-1] INFO  o.a.k.c.c.i.ConsumerCoordinator - [Consumer clientId=spring-kafka-client-0, groupId=test] Discovered group coordinator localhost:9092 (id: 2147483646 rack: null)
06:33:46.239 [org.springframework.kafka.KafkaListenerEndpointContainer#0-0-C-1] INFO  o.a.k.c.c.i.ConsumerCoordinator - [Consumer clientId=spring-kafka-client-0, groupId=test] Group coordinator localhost:9092 (id: 2147483646 rack: null) is unavailable or invalid due to cause: coordinator unavailable. isDisconnected: false. Rediscovery will be attempted.
06:33:46.239 [org.springframework.kafka.KafkaListenerEndpointContainer#0-0-C-1] INFO  o.a.k.c.c.i.ConsumerCoordinator - [Consumer clientId=spring-kafka-client-0, groupId=test] Requesting disconnect from last known coordinator localhost:9092 (id: 2147483646 rack: null)
06:33:46.332 [org.springframework.kafka.KafkaListenerEndpointContainer#0-0-C-1] INFO  o.a.k.c.c.i.ConsumerCoordinator - [Consumer clientId=spring-kafka-client-0, groupId=test] Discovered group coordinator localhost:9092 (id: 2147483646 rack: null)
07:28:54.123 [kafka-coordinator-heartbeat-thread | test] INFO  o.a.k.c.c.i.ConsumerCoordinator - [Consumer clientId=spring-kafka-client-0, groupId=test] Group coordinator localhost:9092 (id: 2147483646 rack: null) is unavailable or invalid due to cause: session timed out without receiving a heartbeat response. isDisconnected: false. Rediscovery will be attempted.
07:28:54.124 [kafka-coordinator-heartbeat-thread | test] INFO  o.a.k.c.c.i.ConsumerCoordinator - [Consumer clientId=spring-kafka-client-0, groupId=test] Requesting disconnect from last known coordinator localhost:9092 (id: 2147483646 rack: null)
07:28:54.124 [kafka-coordinator-heartbeat-thread | test] INFO  o.apache.kafka.clients.NetworkClient - [Consumer clientId=spring-kafka-client-0, groupId=test] Client requested disconnect from node 2147483646
07:28:54.125 [org.springframework.kafka.KafkaListenerEndpointContainer#0-0-C-1] INFO  o.a.k.c.c.i.ConsumerCoordinator - [Consumer clientId=spring-kafka-client-0, groupId=test] Discovered group coordinator localhost:9092 (id: 2147483646 rack: null)
07:28:54.125 [org.springframework.kafka.KafkaListenerEndpointContainer#0-0-C-1] INFO  o.a.k.c.c.i.ConsumerCoordinator - [Consumer clientId=spring-kafka-client-0, groupId=test] Group coordinator localhost:9092 (id: 2147483646 rack: null) is unavailable or invalid due to cause: coordinator unavailable. isDisconnected: false. Rediscovery will be attempted.
07:28:54.125 [org.springframework.kafka.KafkaListenerEndpointContainer#0-0-C-1] INFO  o.a.k.c.c.i.ConsumerCoordinator - [Consumer clientId=spring-kafka-client-0, groupId=test] Requesting disconnect from last known coordinator localhost:9092 (id: 2147483646 rack: null)
07:28:54.227 [org.springframework.kafka.KafkaListenerEndpointContainer#0-0-C-1] INFO  o.a.k.c.c.i.ConsumerCoordinator - [Consumer clientId=spring-kafka-client-0, groupId=test] Discovered group coordinator localhost:9092 (id: 2147483646 rack: null)
07:57:19.640 [kafka-coordinator-heartbeat-thread | test] INFO  o.a.k.c.c.i.ConsumerCoordinator - [Consumer clientId=spring-kafka-client-0, groupId=test] Group coordinator localhost:9092 (id: 2147483646 rack: null) is unavailable or invalid due to cause: session timed out without receiving a heartbeat response. isDisconnected: false. Rediscovery will be attempted.
07:57:19.640 [kafka-coordinator-heartbeat-thread | test] INFO  o.a.k.c.c.i.ConsumerCoordinator - [Consumer clientId=spring-kafka-client-0, groupId=test] Requesting disconnect from last known coordinator localhost:9092 (id: 2147483646 rack: null)
07:57:19.640 [kafka-coordinator-heartbeat-thread | test] INFO  o.apache.kafka.clients.NetworkClient - [Consumer clientId=spring-kafka-client-0, groupId=test] Client requested disconnect from node 2147483646
07:57:19.642 [org.springframework.kafka.KafkaListenerEndpointContainer#0-0-C-1] INFO  o.a.k.c.c.i.ConsumerCoordinator - [Consumer clientId=spring-kafka-client-0, groupId=test] Discovered group coordinator localhost:9092 (id: 2147483646 rack: null)
07:57:19.643 [org.springframework.kafka.KafkaListenerEndpointContainer#0-0-C-1] INFO  o.a.k.c.c.i.ConsumerCoordinator - [Consumer clientId=spring-kafka-client-0, groupId=test] Group coordinator localhost:9092 (id: 2147483646 rack: null) is unavailable or invalid due to cause: coordinator unavailable. isDisconnected: false. Rediscovery will be attempted.
07:57:19.643 [org.springframework.kafka.KafkaListenerEndpointContainer#0-0-C-1] INFO  o.a.k.c.c.i.ConsumerCoordinator - [Consumer clientId=spring-kafka-client-0, groupId=test] Requesting disconnect from last known coordinator localhost:9092 (id: 2147483646 rack: null)
07:57:19.763 [org.springframework.kafka.KafkaListenerEndpointContainer#0-0-C-1] INFO  o.a.k.c.c.i.ConsumerCoordinator - [Consumer clientId=spring-kafka-client-0, groupId=test] Discovered group coordinator localhost:9092 (id: 2147483646 rack: null)
08:14:25.500 [kafka-coordinator-heartbeat-thread | test] INFO  o.a.k.c.c.i.ConsumerCoordinator - [Consumer clientId=spring-kafka-client-0, groupId=test] Group coordinator localhost:9092 (id: 2147483646 rack: null) is unavailable or invalid due to cause: session timed out without receiving a heartbeat response. isDisconnected: false. Rediscovery will be attempted.
08:14:25.500 [kafka-coordinator-heartbeat-thread | test] INFO  o.a.k.c.c.i.ConsumerCoordinator - [Consumer clientId=spring-kafka-client-0, groupId=test] Requesting disconnect from last known coordinator localhost:9092 (id: 2147483646 rack: null)
08:14:25.500 [kafka-coordinator-heartbeat-thread | test] INFO  o.apache.kafka.clients.NetworkClient - [Consumer clientId=spring-kafka-client-0, groupId=test] Client requested disconnect from node 2147483646
08:14:25.501 [org.springframework.kafka.KafkaListenerEndpointContainer#0-0-C-1] INFO  o.a.k.c.c.i.ConsumerCoordinator - [Consumer clientId=spring-kafka-client-0, groupId=test] Discovered group coordinator localhost:9092 (id: 2147483646 rack: null)
08:14:25.501 [org.springframework.kafka.KafkaListenerEndpointContainer#0-0-C-1] INFO  o.a.k.c.c.i.ConsumerCoordinator - [Consumer clientId=spring-kafka-client-0, groupId=test] Group coordinator localhost:9092 (id: 2147483646 rack: null) is unavailable or invalid due to cause: coordinator unavailable. isDisconnected: false. Rediscovery will be attempted.
08:14:25.502 [org.springframework.kafka.KafkaListenerEndpointContainer#0-0-C-1] INFO  o.a.k.c.c.i.ConsumerCoordinator - [Consumer clientId=spring-kafka-client-0, groupId=test] Requesting disconnect from last known coordinator localhost:9092 (id: 2147483646 rack: null)
08:14:25.607 [org.springframework.kafka.KafkaListenerEndpointContainer#0-0-C-1] INFO  o.a.k.c.c.i.ConsumerCoordinator - [Consumer clientId=spring-kafka-client-0, groupId=test] Discovered group coordinator localhost:9092 (id: 2147483646 rack: null)
08:14:27.287 [HikariPool-1 housekeeper] WARN  com.zaxxer.hikari.pool.HikariPool - HikariPool-1 - Thread starvation or clock leap detected (housekeeper delta=2h46m28s159ms).
08:29:55.213 [org.springframework.kafka.KafkaListenerEndpointContainer#0-0-C-1] INFO  o.apache.kafka.clients.NetworkClient - [Consumer clientId=spring-kafka-client-0, groupId=test] Disconnecting from node 1 due to request timeout.
08:29:55.213 [kafka-coordinator-heartbeat-thread | test] INFO  o.a.k.c.c.i.ConsumerCoordinator - [Consumer clientId=spring-kafka-client-0, groupId=test] Group coordinator localhost:9092 (id: 2147483646 rack: null) is unavailable or invalid due to cause: session timed out without receiving a heartbeat response. isDisconnected: false. Rediscovery will be attempted.
08:29:55.213 [org.springframework.kafka.KafkaListenerEndpointContainer#0-0-C-1] INFO  o.a.k.clients.FetchSessionHandler - [Consumer clientId=spring-kafka-client-0, groupId=test] Error sending fetch request (sessionId=1896070468, epoch=171) to node 1:
org.apache.kafka.common.errors.DisconnectException: null
08:29:55.213 [kafka-coordinator-heartbeat-thread | test] INFO  o.a.k.c.c.i.ConsumerCoordinator - [Consumer clientId=spring-kafka-client-0, groupId=test] Requesting disconnect from last known coordinator localhost:9092 (id: 2147483646 rack: null)
08:29:55.213 [kafka-coordinator-heartbeat-thread | test] INFO  o.apache.kafka.clients.NetworkClient - [Consumer clientId=spring-kafka-client-0, groupId=test] Client requested disconnect from node 2147483646
08:29:55.323 [org.springframework.kafka.KafkaListenerEndpointContainer#0-0-C-1] INFO  o.a.k.c.c.i.ConsumerCoordinator - [Consumer clientId=spring-kafka-client-0, groupId=test] Discovered group coordinator localhost:9092 (id: 2147483646 rack: null)
09:06:18.873 [org.springframework.kafka.KafkaListenerEndpointContainer#0-0-C-1] INFO  o.apache.kafka.clients.NetworkClient - [Consumer clientId=spring-kafka-client-0, groupId=test] Disconnecting from node 1 due to request timeout.
09:06:18.888 [org.springframework.kafka.KafkaListenerEndpointContainer#0-0-C-1] INFO  o.a.k.clients.FetchSessionHandler - [Consumer clientId=spring-kafka-client-0, groupId=test] Error sending fetch request (sessionId=258513722, epoch=14) to node 1:
org.apache.kafka.common.errors.DisconnectException: null
09:06:18.888 [kafka-coordinator-heartbeat-thread | test] INFO  o.a.k.c.c.i.ConsumerCoordinator - [Consumer clientId=spring-kafka-client-0, groupId=test] Group coordinator localhost:9092 (id: 2147483646 rack: null) is unavailable or invalid due to cause: session timed out without receiving a heartbeat response. isDisconnected: false. Rediscovery will be attempted.
09:06:18.889 [kafka-coordinator-heartbeat-thread | test] INFO  o.a.k.c.c.i.ConsumerCoordinator - [Consumer clientId=spring-kafka-client-0, groupId=test] Requesting disconnect from last known coordinator localhost:9092 (id: 2147483646 rack: null)
09:06:18.892 [kafka-coordinator-heartbeat-thread | test] INFO  o.apache.kafka.clients.NetworkClient - [Consumer clientId=spring-kafka-client-0, groupId=test] Client requested disconnect from node 2147483646
09:06:19.057 [org.springframework.kafka.KafkaListenerEndpointContainer#0-0-C-1] INFO  o.a.k.c.c.i.ConsumerCoordinator - [Consumer clientId=spring-kafka-client-0, groupId=test] Discovered group coordinator localhost:9092 (id: 2147483646 rack: null)
09:53:09.580 [kafka-coordinator-heartbeat-thread | test] INFO  o.a.k.c.c.i.ConsumerCoordinator - [Consumer clientId=spring-kafka-client-0, groupId=test] Group coordinator localhost:9092 (id: 2147483646 rack: null) is unavailable or invalid due to cause: session timed out without receiving a heartbeat response. isDisconnected: false. Rediscovery will be attempted.
09:53:09.581 [kafka-coordinator-heartbeat-thread | test] INFO  o.a.k.c.c.i.ConsumerCoordinator - [Consumer clientId=spring-kafka-client-0, groupId=test] Requesting disconnect from last known coordinator localhost:9092 (id: 2147483646 rack: null)
09:53:09.581 [kafka-coordinator-heartbeat-thread | test] INFO  o.apache.kafka.clients.NetworkClient - [Consumer clientId=spring-kafka-client-0, groupId=test] Client requested disconnect from node 2147483646
09:53:09.583 [org.springframework.kafka.KafkaListenerEndpointContainer#0-0-C-1] INFO  o.a.k.c.c.i.ConsumerCoordinator - [Consumer clientId=spring-kafka-client-0, groupId=test] Discovered group coordinator localhost:9092 (id: 2147483646 rack: null)
09:53:09.584 [org.springframework.kafka.KafkaListenerEndpointContainer#0-0-C-1] INFO  o.a.k.c.c.i.ConsumerCoordinator - [Consumer clientId=spring-kafka-client-0, groupId=test] Group coordinator localhost:9092 (id: 2147483646 rack: null) is unavailable or invalid due to cause: coordinator unavailable. isDisconnected: false. Rediscovery will be attempted.
09:53:09.584 [org.springframework.kafka.KafkaListenerEndpointContainer#0-0-C-1] INFO  o.a.k.c.c.i.ConsumerCoordinator - [Consumer clientId=spring-kafka-client-0, groupId=test] Requesting disconnect from last known coordinator localhost:9092 (id: 2147483646 rack: null)
09:53:09.674 [org.springframework.kafka.KafkaListenerEndpointContainer#0-0-C-1] INFO  o.a.k.c.c.i.ConsumerCoordinator - [Consumer clientId=spring-kafka-client-0, groupId=test] Discovered group coordinator localhost:9092 (id: 2147483646 rack: null)
09:53:12.792 [HikariPool-1 housekeeper] WARN  com.zaxxer.hikari.pool.HikariPool - HikariPool-1 - Thread starvation or clock leap detected (housekeeper delta=1h38m45s504ms).
11:31:06.022 [kafka-coordinator-heartbeat-thread | test] INFO  o.a.k.c.c.i.ConsumerCoordinator - [Consumer clientId=spring-kafka-client-0, groupId=test] Group coordinator localhost:9092 (id: 2147483646 rack: null) is unavailable or invalid due to cause: session timed out without receiving a heartbeat response. isDisconnected: false. Rediscovery will be attempted.
11:31:06.057 [kafka-coordinator-heartbeat-thread | test] INFO  o.a.k.c.c.i.ConsumerCoordinator - [Consumer clientId=spring-kafka-client-0, groupId=test] Requesting disconnect from last known coordinator localhost:9092 (id: 2147483646 rack: null)
11:31:06.058 [kafka-coordinator-heartbeat-thread | test] INFO  o.apache.kafka.clients.NetworkClient - [Consumer clientId=spring-kafka-client-0, groupId=test] Client requested disconnect from node 2147483646
11:31:06.104 [org.springframework.kafka.KafkaListenerEndpointContainer#0-0-C-1] INFO  o.a.k.c.c.i.ConsumerCoordinator - [Consumer clientId=spring-kafka-client-0, groupId=test] Discovered group coordinator localhost:9092 (id: 2147483646 rack: null)
11:31:19.086 [HikariPool-1 housekeeper] WARN  com.zaxxer.hikari.pool.HikariPool - HikariPool-1 - Thread starvation or clock leap detected (housekeeper delta=15m28s776ms).
11:46:52.497 [kafka-coordinator-heartbeat-thread | test] INFO  o.a.k.c.c.i.ConsumerCoordinator - [Consumer clientId=spring-kafka-client-0, groupId=test] Group coordinator localhost:9092 (id: 2147483646 rack: null) is unavailable or invalid due to cause: session timed out without receiving a heartbeat response. isDisconnected: false. Rediscovery will be attempted.
11:46:52.497 [kafka-coordinator-heartbeat-thread | test] INFO  o.a.k.c.c.i.ConsumerCoordinator - [Consumer clientId=spring-kafka-client-0, groupId=test] Requesting disconnect from last known coordinator localhost:9092 (id: 2147483646 rack: null)
11:46:52.497 [kafka-coordinator-heartbeat-thread | test] INFO  o.apache.kafka.clients.NetworkClient - [Consumer clientId=spring-kafka-client-0, groupId=test] Client requested disconnect from node 2147483646
11:46:52.498 [org.springframework.kafka.KafkaListenerEndpointContainer#0-0-C-1] INFO  o.a.k.c.c.i.ConsumerCoordinator - [Consumer clientId=spring-kafka-client-0, groupId=test] Discovered group coordinator localhost:9092 (id: 2147483646 rack: null)
11:46:52.499 [org.springframework.kafka.KafkaListenerEndpointContainer#0-0-C-1] INFO  o.a.k.c.c.i.ConsumerCoordinator - [Consumer clientId=spring-kafka-client-0, groupId=test] Group coordinator localhost:9092 (id: 2147483646 rack: null) is unavailable or invalid due to cause: coordinator unavailable. isDisconnected: false. Rediscovery will be attempted.
11:46:52.499 [org.springframework.kafka.KafkaListenerEndpointContainer#0-0-C-1] INFO  o.a.k.c.c.i.ConsumerCoordinator - [Consumer clientId=spring-kafka-client-0, groupId=test] Requesting disconnect from last known coordinator localhost:9092 (id: 2147483646 rack: null)
11:46:52.622 [org.springframework.kafka.KafkaListenerEndpointContainer#0-0-C-1] INFO  o.a.k.c.c.i.ConsumerCoordinator - [Consumer clientId=spring-kafka-client-0, groupId=test] Discovered group coordinator localhost:9092 (id: 2147483646 rack: null)
11:47:18.091 [HikariPool-1 housekeeper] WARN  com.zaxxer.hikari.pool.HikariPool - HikariPool-1 - Thread starvation or clock leap detected (housekeeper delta=15m28s994ms).
12:12:25.966 [kafka-coordinator-heartbeat-thread | test] INFO  o.a.k.c.c.i.ConsumerCoordinator - [Consumer clientId=spring-kafka-client-0, groupId=test] Group coordinator localhost:9092 (id: 2147483646 rack: null) is unavailable or invalid due to cause: session timed out without receiving a heartbeat response. isDisconnected: false. Rediscovery will be attempted.
12:12:26.004 [kafka-coordinator-heartbeat-thread | test] INFO  o.a.k.c.c.i.ConsumerCoordinator - [Consumer clientId=spring-kafka-client-0, groupId=test] Requesting disconnect from last known coordinator localhost:9092 (id: 2147483646 rack: null)
12:12:26.004 [kafka-coordinator-heartbeat-thread | test] INFO  o.apache.kafka.clients.NetworkClient - [Consumer clientId=spring-kafka-client-0, groupId=test] Client requested disconnect from node 2147483646
12:12:26.017 [org.springframework.kafka.KafkaListenerEndpointContainer#0-0-C-1] INFO  o.a.k.c.c.i.ConsumerCoordinator - [Consumer clientId=spring-kafka-client-0, groupId=test] Discovered group coordinator localhost:9092 (id: 2147483646 rack: null)
12:12:26.020 [org.springframework.kafka.KafkaListenerEndpointContainer#0-0-C-1] INFO  o.a.k.c.c.i.ConsumerCoordinator - [Consumer clientId=spring-kafka-client-0, groupId=test] Group coordinator localhost:9092 (id: 2147483646 rack: null) is unavailable or invalid due to cause: coordinator unavailable. isDisconnected: false. Rediscovery will be attempted.
12:12:26.021 [org.springframework.kafka.KafkaListenerEndpointContainer#0-0-C-1] INFO  o.a.k.c.c.i.ConsumerCoordinator - [Consumer clientId=spring-kafka-client-0, groupId=test] Requesting disconnect from last known coordinator localhost:9092 (id: 2147483646 rack: null)
12:12:26.145 [org.springframework.kafka.KafkaListenerEndpointContainer#0-0-C-1] INFO  o.a.k.c.c.i.ConsumerCoordinator - [Consumer clientId=spring-kafka-client-0, groupId=test] Discovered group coordinator localhost:9092 (id: 2147483646 rack: null)
12:12:33.032 [HikariPool-1 housekeeper] WARN  com.zaxxer.hikari.pool.HikariPool - HikariPool-1 - Thread starvation or clock leap detected (housekeeper delta=17m44s842ms).
12:17:26.185 [kafka-coordinator-heartbeat-thread | test] INFO  o.a.k.c.c.i.ConsumerCoordinator - [Consumer clientId=spring-kafka-client-0, groupId=test] Group coordinator localhost:9092 (id: 2147483646 rack: null) is unavailable or invalid due to cause: session timed out without receiving a heartbeat response. isDisconnected: false. Rediscovery will be attempted.
12:17:26.185 [kafka-coordinator-heartbeat-thread | test] INFO  o.a.k.c.c.i.ConsumerCoordinator - [Consumer clientId=spring-kafka-client-0, groupId=test] Requesting disconnect from last known coordinator localhost:9092 (id: 2147483646 rack: null)
12:17:26.185 [kafka-coordinator-heartbeat-thread | test] INFO  o.apache.kafka.clients.NetworkClient - [Consumer clientId=spring-kafka-client-0, groupId=test] Client requested disconnect from node 2147483646
12:17:26.189 [org.springframework.kafka.KafkaListenerEndpointContainer#0-0-C-1] INFO  o.a.k.c.c.i.ConsumerCoordinator - [Consumer clientId=spring-kafka-client-0, groupId=test] Discovered group coordinator localhost:9092 (id: 2147483646 rack: null)
12:17:26.189 [org.springframework.kafka.KafkaListenerEndpointContainer#0-0-C-1] INFO  o.a.k.c.c.i.ConsumerCoordinator - [Consumer clientId=spring-kafka-client-0, groupId=test] Group coordinator localhost:9092 (id: 2147483646 rack: null) is unavailable or invalid due to cause: coordinator unavailable. isDisconnected: false. Rediscovery will be attempted.
12:17:26.189 [org.springframework.kafka.KafkaListenerEndpointContainer#0-0-C-1] INFO  o.a.k.c.c.i.ConsumerCoordinator - [Consumer clientId=spring-kafka-client-0, groupId=test] Requesting disconnect from last known coordinator localhost:9092 (id: 2147483646 rack: null)
12:17:26.305 [org.springframework.kafka.KafkaListenerEndpointContainer#0-0-C-1] INFO  o.a.k.c.c.i.ConsumerCoordinator - [Consumer clientId=spring-kafka-client-0, groupId=test] Discovered group coordinator localhost:9092 (id: 2147483646 rack: null)
12:17:46.059 [HikariPool-1 housekeeper] WARN  com.zaxxer.hikari.pool.HikariPool - HikariPool-1 - Thread starvation or clock leap detected (housekeeper delta=4m43s18ms).
12:34:04.946 [kafka-coordinator-heartbeat-thread | test] INFO  o.a.k.c.c.i.ConsumerCoordinator - [Consumer clientId=spring-kafka-client-0, groupId=test] Group coordinator localhost:9092 (id: 2147483646 rack: null) is unavailable or invalid due to cause: session timed out without receiving a heartbeat response. isDisconnected: false. Rediscovery will be attempted.
12:34:04.946 [kafka-coordinator-heartbeat-thread | test] INFO  o.a.k.c.c.i.ConsumerCoordinator - [Consumer clientId=spring-kafka-client-0, groupId=test] Requesting disconnect from last known coordinator localhost:9092 (id: 2147483646 rack: null)
12:34:04.946 [kafka-coordinator-heartbeat-thread | test] INFO  o.apache.kafka.clients.NetworkClient - [Consumer clientId=spring-kafka-client-0, groupId=test] Client requested disconnect from node 2147483646
12:34:04.947 [org.springframework.kafka.KafkaListenerEndpointContainer#0-0-C-1] INFO  o.a.k.c.c.i.ConsumerCoordinator - [Consumer clientId=spring-kafka-client-0, groupId=test] Discovered group coordinator localhost:9092 (id: 2147483646 rack: null)
12:34:04.947 [org.springframework.kafka.KafkaListenerEndpointContainer#0-0-C-1] INFO  o.a.k.c.c.i.ConsumerCoordinator - [Consumer clientId=spring-kafka-client-0, groupId=test] Group coordinator localhost:9092 (id: 2147483646 rack: null) is unavailable or invalid due to cause: coordinator unavailable. isDisconnected: false. Rediscovery will be attempted.
12:34:04.947 [org.springframework.kafka.KafkaListenerEndpointContainer#0-0-C-1] INFO  o.a.k.c.c.i.ConsumerCoordinator - [Consumer clientId=spring-kafka-client-0, groupId=test] Requesting disconnect from last known coordinator localhost:9092 (id: 2147483646 rack: null)
12:34:05.062 [org.springframework.kafka.KafkaListenerEndpointContainer#0-0-C-1] INFO  o.a.k.c.c.i.ConsumerCoordinator - [Consumer clientId=spring-kafka-client-0, groupId=test] Discovered group coordinator localhost:9092 (id: 2147483646 rack: null)
12:34:08.260 [HikariPool-1 housekeeper] WARN  com.zaxxer.hikari.pool.HikariPool - HikariPool-1 - Thread starvation or clock leap detected (housekeeper delta=16m22s201ms).
12:36:32.886 [kafka-coordinator-heartbeat-thread | test] INFO  o.a.k.c.c.i.ConsumerCoordinator - [Consumer clientId=spring-kafka-client-0, groupId=test] Group coordinator localhost:9092 (id: 2147483646 rack: null) is unavailable or invalid due to cause: session timed out without receiving a heartbeat response. isDisconnected: false. Rediscovery will be attempted.
12:36:32.887 [kafka-coordinator-heartbeat-thread | test] INFO  o.a.k.c.c.i.ConsumerCoordinator - [Consumer clientId=spring-kafka-client-0, groupId=test] Requesting disconnect from last known coordinator localhost:9092 (id: 2147483646 rack: null)
12:36:32.887 [kafka-coordinator-heartbeat-thread | test] INFO  o.apache.kafka.clients.NetworkClient - [Consumer clientId=spring-kafka-client-0, groupId=test] Client requested disconnect from node 2147483646
12:36:32.981 [org.springframework.kafka.KafkaListenerEndpointContainer#0-0-C-1] INFO  o.a.k.c.c.i.ConsumerCoordinator - [Consumer clientId=spring-kafka-client-0, groupId=test] Discovered group coordinator localhost:9092 (id: 2147483646 rack: null)
12:37:00.239 [HikariPool-1 housekeeper] WARN  com.zaxxer.hikari.pool.HikariPool - HikariPool-1 - Thread starvation or clock leap detected (housekeeper delta=1m51s963ms).
13:07:30.171 [HikariPool-1 housekeeper] WARN  com.zaxxer.hikari.pool.HikariPool - HikariPool-1 - Retrograde clock change detected (housekeeper delta=29s693ms), soft-evicting connections from pool.
13:24:03.711 [kafka-coordinator-heartbeat-thread | test] INFO  o.a.k.c.c.i.ConsumerCoordinator - [Consumer clientId=spring-kafka-client-0, groupId=test] Group coordinator localhost:9092 (id: 2147483646 rack: null) is unavailable or invalid due to cause: session timed out without receiving a heartbeat response. isDisconnected: false. Rediscovery will be attempted.
13:24:03.712 [kafka-coordinator-heartbeat-thread | test] INFO  o.a.k.c.c.i.ConsumerCoordinator - [Consumer clientId=spring-kafka-client-0, groupId=test] Requesting disconnect from last known coordinator localhost:9092 (id: 2147483646 rack: null)
13:24:03.712 [kafka-coordinator-heartbeat-thread | test] INFO  o.apache.kafka.clients.NetworkClient - [Consumer clientId=spring-kafka-client-0, groupId=test] Client requested disconnect from node 2147483646
13:24:03.729 [org.springframework.kafka.KafkaListenerEndpointContainer#0-0-C-1] INFO  o.a.k.c.c.i.ConsumerCoordinator - [Consumer clientId=spring-kafka-client-0, groupId=test] Discovered group coordinator localhost:9092 (id: 2147483646 rack: null)
13:24:03.729 [org.springframework.kafka.KafkaListenerEndpointContainer#0-0-C-1] INFO  o.a.k.c.c.i.ConsumerCoordinator - [Consumer clientId=spring-kafka-client-0, groupId=test] Group coordinator localhost:9092 (id: 2147483646 rack: null) is unavailable or invalid due to cause: coordinator unavailable. isDisconnected: false. Rediscovery will be attempted.
13:24:03.730 [org.springframework.kafka.KafkaListenerEndpointContainer#0-0-C-1] INFO  o.a.k.c.c.i.ConsumerCoordinator - [Consumer clientId=spring-kafka-client-0, groupId=test] Requesting disconnect from last known coordinator localhost:9092 (id: 2147483646 rack: null)
13:24:03.826 [org.springframework.kafka.KafkaListenerEndpointContainer#0-0-C-1] INFO  o.a.k.c.c.i.ConsumerCoordinator - [Consumer clientId=spring-kafka-client-0, groupId=test] Discovered group coordinator localhost:9092 (id: 2147483646 rack: null)
13:24:30.128 [HikariPool-1 housekeeper] WARN  com.zaxxer.hikari.pool.HikariPool - HikariPool-1 - Thread starvation or clock leap detected (housekeeper delta=16m59s958ms).
13:38:35.214 [org.springframework.kafka.KafkaListenerEndpointContainer#0-0-C-1] INFO  o.a.k.c.c.i.ConsumerRebalanceListenerInvoker - [Consumer clientId=spring-kafka-client-0, groupId=test] Revoke previously assigned partitions someTopic-0
13:38:35.217 [org.springframework.kafka.KafkaListenerEndpointContainer#0-0-C-1] INFO  o.s.k.l.KafkaMessageListenerContainer - test: partitions revoked: [someTopic-0]
13:38:35.219 [org.springframework.kafka.KafkaListenerEndpointContainer#0-0-C-1] INFO  o.a.k.c.c.i.ConsumerCoordinator - [Consumer clientId=spring-kafka-client-0, groupId=test] Member spring-kafka-client-0-8c503205-d68b-4363-bab5-7ebe64d50d94 sending LeaveGroup request to coordinator localhost:9092 (id: 2147483646 rack: null) due to the consumer unsubscribed from all topics
13:38:35.221 [org.springframework.kafka.KafkaListenerEndpointContainer#0-0-C-1] INFO  o.a.k.c.c.i.ConsumerCoordinator - [Consumer clientId=spring-kafka-client-0, groupId=test] Resetting generation and member id due to: consumer pro-actively leaving the group
13:38:35.221 [org.springframework.kafka.KafkaListenerEndpointContainer#0-0-C-1] INFO  o.a.k.c.c.i.ConsumerCoordinator - [Consumer clientId=spring-kafka-client-0, groupId=test] Request joining group due to: consumer pro-actively leaving the group
13:38:35.221 [org.springframework.kafka.KafkaListenerEndpointContainer#0-0-C-1] INFO  o.a.k.c.c.i.LegacyKafkaConsumer - [Consumer clientId=spring-kafka-client-0, groupId=test] Unsubscribed all topics or patterns and assigned partitions
13:38:35.227 [org.springframework.kafka.KafkaListenerEndpointContainer#0-0-C-1] INFO  o.a.k.c.c.i.ConsumerCoordinator - [Consumer clientId=spring-kafka-client-0, groupId=test] Resetting generation and member id due to: consumer pro-actively leaving the group
13:38:35.227 [org.springframework.kafka.KafkaListenerEndpointContainer#0-0-C-1] INFO  o.a.k.c.c.i.ConsumerCoordinator - [Consumer clientId=spring-kafka-client-0, groupId=test] Request joining group due to: consumer pro-actively leaving the group
13:38:35.560 [org.springframework.kafka.KafkaListenerEndpointContainer#0-0-C-1] INFO  o.a.kafka.common.metrics.Metrics - Metrics scheduler closed
13:38:35.560 [org.springframework.kafka.KafkaListenerEndpointContainer#0-0-C-1] INFO  o.a.kafka.common.metrics.Metrics - Closing reporter org.apache.kafka.common.metrics.JmxReporter
13:38:35.560 [org.springframework.kafka.KafkaListenerEndpointContainer#0-0-C-1] INFO  o.a.kafka.common.metrics.Metrics - Closing reporter org.apache.kafka.common.telemetry.internals.ClientTelemetryReporter
13:38:35.561 [org.springframework.kafka.KafkaListenerEndpointContainer#0-0-C-1] INFO  o.a.kafka.common.metrics.Metrics - Metrics reporters closed
13:38:35.574 [org.springframework.kafka.KafkaListenerEndpointContainer#0-0-C-1] INFO  o.a.kafka.common.utils.AppInfoParser - App info kafka.consumer for spring-kafka-client-0 unregistered
13:38:35.576 [org.springframework.kafka.KafkaListenerEndpointContainer#0-0-C-1] INFO  o.s.k.l.KafkaMessageListenerContainer - test: Consumer stopped
13:38:35.675 [SpringApplicationShutdownHook] INFO  o.s.o.j.LocalContainerEntityManagerFactoryBean - Closing JPA EntityManagerFactory for persistence unit 'default'
13:38:35.698 [SpringApplicationShutdownHook] INFO  com.zaxxer.hikari.HikariDataSource - HikariPool-1 - Shutdown initiated...
13:38:35.700 [SpringApplicationShutdownHook] INFO  com.zaxxer.hikari.HikariDataSource - HikariPool-1 - Shutdown completed.
