01:00:35.136 [org.springframework.kafka.KafkaListenerEndpointContainer#0-0-C-1] INFO  o.apache.kafka.clients.NetworkClient - [Consumer clientId=spring-kafka-client-0, groupId=test] Disconnecting from node 1 due to request timeout.
01:00:35.146 [kafka-coordinator-heartbeat-thread | test] INFO  o.a.k.c.c.i.ConsumerCoordinator - [Consumer clientId=spring-kafka-client-0, groupId=test] Group coordinator localhost:9092 (id: 2147483646 rack: null) is unavailable or invalid due to cause: session timed out without receiving a heartbeat response. isDisconnected: false. Rediscovery will be attempted.
01:00:35.146 [kafka-coordinator-heartbeat-thread | test] INFO  o.a.k.c.c.i.ConsumerCoordinator - [Consumer clientId=spring-kafka-client-0, groupId=test] Requesting disconnect from last known coordinator localhost:9092 (id: 2147483646 rack: null)
01:00:35.146 [kafka-coordinator-heartbeat-thread | test] INFO  o.apache.kafka.clients.NetworkClient - [Consumer clientId=spring-kafka-client-0, groupId=test] Client requested disconnect from node 2147483646
01:00:35.146 [org.springframework.kafka.KafkaListenerEndpointContainer#0-0-C-1] INFO  o.a.k.clients.FetchSessionHandler - [Consumer clientId=spring-kafka-client-0, groupId=test] Error sending fetch request (sessionId=698180960, epoch=26558) to node 1:
org.apache.kafka.common.errors.DisconnectException: null
01:00:35.278 [org.springframework.kafka.KafkaListenerEndpointContainer#0-0-C-1] INFO  o.a.k.c.c.i.ConsumerCoordinator - [Consumer clientId=spring-kafka-client-0, groupId=test] Discovered group coordinator localhost:9092 (id: 2147483646 rack: null)
01:00:46.619 [HikariPool-1 housekeeper] WARN  com.zaxxer.hikari.pool.HikariPool - HikariPool-1 - Thread starvation or clock leap detected (housekeeper delta=1m29s335ms).
01:05:36.015 [kafka-coordinator-heartbeat-thread | test] INFO  o.a.k.c.c.i.ConsumerCoordinator - [Consumer clientId=spring-kafka-client-0, groupId=test] Group coordinator localhost:9092 (id: 2147483646 rack: null) is unavailable or invalid due to cause: session timed out without receiving a heartbeat response. isDisconnected: false. Rediscovery will be attempted.
01:05:36.016 [kafka-coordinator-heartbeat-thread | test] INFO  o.a.k.c.c.i.ConsumerCoordinator - [Consumer clientId=spring-kafka-client-0, groupId=test] Requesting disconnect from last known coordinator localhost:9092 (id: 2147483646 rack: null)
01:05:36.016 [kafka-coordinator-heartbeat-thread | test] INFO  o.apache.kafka.clients.NetworkClient - [Consumer clientId=spring-kafka-client-0, groupId=test] Client requested disconnect from node 2147483646
01:05:36.108 [org.springframework.kafka.KafkaListenerEndpointContainer#0-0-C-1] INFO  o.a.k.c.c.i.ConsumerCoordinator - [Consumer clientId=spring-kafka-client-0, groupId=test] Discovered group coordinator localhost:9092 (id: 2147483646 rack: null)
01:06:00.832 [HikariPool-1 housekeeper] WARN  com.zaxxer.hikari.pool.HikariPool - HikariPool-1 - Thread starvation or clock leap detected (housekeeper delta=4m44s204ms).
01:10:37.023 [kafka-coordinator-heartbeat-thread | test] INFO  o.a.k.c.c.i.ConsumerCoordinator - [Consumer clientId=spring-kafka-client-0, groupId=test] Group coordinator localhost:9092 (id: 2147483646 rack: null) is unavailable or invalid due to cause: session timed out without receiving a heartbeat response. isDisconnected: false. Rediscovery will be attempted.
01:10:37.024 [kafka-coordinator-heartbeat-thread | test] INFO  o.a.k.c.c.i.ConsumerCoordinator - [Consumer clientId=spring-kafka-client-0, groupId=test] Requesting disconnect from last known coordinator localhost:9092 (id: 2147483646 rack: null)
01:10:37.024 [kafka-coordinator-heartbeat-thread | test] INFO  o.apache.kafka.clients.NetworkClient - [Consumer clientId=spring-kafka-client-0, groupId=test] Client requested disconnect from node 2147483646
01:10:37.026 [org.springframework.kafka.KafkaListenerEndpointContainer#0-0-C-1] INFO  o.a.k.c.c.i.ConsumerCoordinator - [Consumer clientId=spring-kafka-client-0, groupId=test] Discovered group coordinator localhost:9092 (id: 2147483646 rack: null)
01:10:37.026 [org.springframework.kafka.KafkaListenerEndpointContainer#0-0-C-1] INFO  o.a.k.c.c.i.ConsumerCoordinator - [Consumer clientId=spring-kafka-client-0, groupId=test] Group coordinator localhost:9092 (id: 2147483646 rack: null) is unavailable or invalid due to cause: coordinator unavailable. isDisconnected: false. Rediscovery will be attempted.
01:10:37.026 [org.springframework.kafka.KafkaListenerEndpointContainer#0-0-C-1] INFO  o.a.k.c.c.i.ConsumerCoordinator - [Consumer clientId=spring-kafka-client-0, groupId=test] Requesting disconnect from last known coordinator localhost:9092 (id: 2147483646 rack: null)
01:10:37.154 [org.springframework.kafka.KafkaListenerEndpointContainer#0-0-C-1] INFO  o.a.k.c.c.i.ConsumerCoordinator - [Consumer clientId=spring-kafka-client-0, groupId=test] Discovered group coordinator localhost:9092 (id: 2147483646 rack: null)
01:10:45.043 [HikariPool-1 housekeeper] WARN  com.zaxxer.hikari.pool.HikariPool - HikariPool-1 - Thread starvation or clock leap detected (housekeeper delta=4m44s211ms).
01:15:38.376 [org.springframework.kafka.KafkaListenerEndpointContainer#0-0-C-1] INFO  o.apache.kafka.clients.NetworkClient - [Consumer clientId=spring-kafka-client-0, groupId=test] Disconnecting from node 1 due to request timeout.
01:15:38.381 [kafka-coordinator-heartbeat-thread | test] INFO  o.a.k.c.c.i.ConsumerCoordinator - [Consumer clientId=spring-kafka-client-0, groupId=test] Group coordinator localhost:9092 (id: 2147483646 rack: null) is unavailable or invalid due to cause: session timed out without receiving a heartbeat response. isDisconnected: false. Rediscovery will be attempted.
01:15:38.381 [kafka-coordinator-heartbeat-thread | test] INFO  o.a.k.c.c.i.ConsumerCoordinator - [Consumer clientId=spring-kafka-client-0, groupId=test] Requesting disconnect from last known coordinator localhost:9092 (id: 2147483646 rack: null)
01:15:38.381 [org.springframework.kafka.KafkaListenerEndpointContainer#0-0-C-1] INFO  o.a.k.clients.FetchSessionHandler - [Consumer clientId=spring-kafka-client-0, groupId=test] Error sending fetch request (sessionId=842588813, epoch=235) to node 1:
org.apache.kafka.common.errors.DisconnectException: null
01:15:38.381 [kafka-coordinator-heartbeat-thread | test] INFO  o.apache.kafka.clients.NetworkClient - [Consumer clientId=spring-kafka-client-0, groupId=test] Client requested disconnect from node 2147483646
01:15:38.494 [org.springframework.kafka.KafkaListenerEndpointContainer#0-0-C-1] INFO  o.a.k.c.c.i.ConsumerCoordinator - [Consumer clientId=spring-kafka-client-0, groupId=test] Discovered group coordinator localhost:9092 (id: 2147483646 rack: null)
01:15:58.252 [HikariPool-1 housekeeper] WARN  com.zaxxer.hikari.pool.HikariPool - HikariPool-1 - Thread starvation or clock leap detected (housekeeper delta=4m43s199ms).
01:20:39.427 [kafka-coordinator-heartbeat-thread | test] INFO  o.a.k.c.c.i.ConsumerCoordinator - [Consumer clientId=spring-kafka-client-0, groupId=test] Group coordinator localhost:9092 (id: 2147483646 rack: null) is unavailable or invalid due to cause: session timed out without receiving a heartbeat response. isDisconnected: false. Rediscovery will be attempted.
01:20:39.428 [kafka-coordinator-heartbeat-thread | test] INFO  o.a.k.c.c.i.ConsumerCoordinator - [Consumer clientId=spring-kafka-client-0, groupId=test] Requesting disconnect from last known coordinator localhost:9092 (id: 2147483646 rack: null)
01:20:39.428 [kafka-coordinator-heartbeat-thread | test] INFO  o.apache.kafka.clients.NetworkClient - [Consumer clientId=spring-kafka-client-0, groupId=test] Client requested disconnect from node 2147483646
01:20:39.438 [org.springframework.kafka.KafkaListenerEndpointContainer#0-0-C-1] INFO  o.a.k.c.c.i.ConsumerCoordinator - [Consumer clientId=spring-kafka-client-0, groupId=test] Discovered group coordinator localhost:9092 (id: 2147483646 rack: null)
01:20:39.439 [org.springframework.kafka.KafkaListenerEndpointContainer#0-0-C-1] INFO  o.a.k.c.c.i.ConsumerCoordinator - [Consumer clientId=spring-kafka-client-0, groupId=test] Group coordinator localhost:9092 (id: 2147483646 rack: null) is unavailable or invalid due to cause: coordinator unavailable. isDisconnected: false. Rediscovery will be attempted.
01:20:39.439 [org.springframework.kafka.KafkaListenerEndpointContainer#0-0-C-1] INFO  o.a.k.c.c.i.ConsumerCoordinator - [Consumer clientId=spring-kafka-client-0, groupId=test] Requesting disconnect from last known coordinator localhost:9092 (id: 2147483646 rack: null)
01:20:39.544 [org.springframework.kafka.KafkaListenerEndpointContainer#0-0-C-1] INFO  o.a.k.c.c.i.ConsumerCoordinator - [Consumer clientId=spring-kafka-client-0, groupId=test] Discovered group coordinator localhost:9092 (id: 2147483646 rack: null)
01:20:42.427 [HikariPool-1 housekeeper] WARN  com.zaxxer.hikari.pool.HikariPool - HikariPool-1 - Thread starvation or clock leap detected (housekeeper delta=4m44s175ms).
01:25:42.530 [HikariPool-1 housekeeper] WARN  com.zaxxer.hikari.pool.HikariPool - HikariPool-1 - Thread starvation or clock leap detected (housekeeper delta=1m50ms).
01:30:40.153 [org.springframework.kafka.KafkaListenerEndpointContainer#0-0-C-1] INFO  o.apache.kafka.clients.NetworkClient - [Consumer clientId=spring-kafka-client-0, groupId=test] Disconnecting from node 1 due to request timeout.
01:30:40.155 [kafka-coordinator-heartbeat-thread | test] INFO  o.a.k.c.c.i.ConsumerCoordinator - [Consumer clientId=spring-kafka-client-0, groupId=test] Group coordinator localhost:9092 (id: 2147483646 rack: null) is unavailable or invalid due to cause: session timed out without receiving a heartbeat response. isDisconnected: false. Rediscovery will be attempted.
01:30:40.155 [kafka-coordinator-heartbeat-thread | test] INFO  o.a.k.c.c.i.ConsumerCoordinator - [Consumer clientId=spring-kafka-client-0, groupId=test] Requesting disconnect from last known coordinator localhost:9092 (id: 2147483646 rack: null)
01:30:40.155 [org.springframework.kafka.KafkaListenerEndpointContainer#0-0-C-1] INFO  o.a.k.clients.FetchSessionHandler - [Consumer clientId=spring-kafka-client-0, groupId=test] Error sending fetch request (sessionId=1312537796, epoch=618) to node 1:
org.apache.kafka.common.errors.DisconnectException: null
01:30:40.155 [kafka-coordinator-heartbeat-thread | test] INFO  o.apache.kafka.clients.NetworkClient - [Consumer clientId=spring-kafka-client-0, groupId=test] Client requested disconnect from node 2147483646
01:30:40.264 [org.springframework.kafka.KafkaListenerEndpointContainer#0-0-C-1] INFO  o.a.k.c.c.i.ConsumerCoordinator - [Consumer clientId=spring-kafka-client-0, groupId=test] Discovered group coordinator localhost:9092 (id: 2147483646 rack: null)
01:30:48.628 [HikariPool-1 housekeeper] WARN  com.zaxxer.hikari.pool.HikariPool - HikariPool-1 - Thread starvation or clock leap detected (housekeeper delta=4m36s86ms).
02:47:33.013 [org.springframework.kafka.KafkaListenerEndpointContainer#0-0-C-1] INFO  o.apache.kafka.clients.NetworkClient - [Consumer clientId=spring-kafka-client-0, groupId=test] Disconnecting from node 1 due to request timeout.
02:47:33.072 [kafka-coordinator-heartbeat-thread | test] INFO  o.a.k.c.c.i.ConsumerCoordinator - [Consumer clientId=spring-kafka-client-0, groupId=test] Group coordinator localhost:9092 (id: 2147483646 rack: null) is unavailable or invalid due to cause: session timed out without receiving a heartbeat response. isDisconnected: false. Rediscovery will be attempted.
02:47:33.072 [kafka-coordinator-heartbeat-thread | test] INFO  o.a.k.c.c.i.ConsumerCoordinator - [Consumer clientId=spring-kafka-client-0, groupId=test] Requesting disconnect from last known coordinator localhost:9092 (id: 2147483646 rack: null)
02:47:33.072 [org.springframework.kafka.KafkaListenerEndpointContainer#0-0-C-1] INFO  o.a.k.clients.FetchSessionHandler - [Consumer clientId=spring-kafka-client-0, groupId=test] Error sending fetch request (sessionId=1355982254, epoch=6068) to node 1:
org.apache.kafka.common.errors.DisconnectException: null
02:47:33.072 [kafka-coordinator-heartbeat-thread | test] INFO  o.apache.kafka.clients.NetworkClient - [Consumer clientId=spring-kafka-client-0, groupId=test] Client requested disconnect from node 2147483646
02:47:33.126 [org.springframework.kafka.KafkaListenerEndpointContainer#0-0-C-1] INFO  o.a.k.c.c.i.ConsumerCoordinator - [Consumer clientId=spring-kafka-client-0, groupId=test] Discovered group coordinator localhost:9092 (id: 2147483646 rack: null)
02:47:57.873 [HikariPool-1 housekeeper] WARN  com.zaxxer.hikari.pool.HikariPool - HikariPool-1 - Thread starvation or clock leap detected (housekeeper delta=16m38s449ms).
03:03:32.032 [kafka-coordinator-heartbeat-thread | test] INFO  o.a.k.c.c.i.ConsumerCoordinator - [Consumer clientId=spring-kafka-client-0, groupId=test] Group coordinator localhost:9092 (id: 2147483646 rack: null) is unavailable or invalid due to cause: session timed out without receiving a heartbeat response. isDisconnected: false. Rediscovery will be attempted.
03:03:32.033 [kafka-coordinator-heartbeat-thread | test] INFO  o.a.k.c.c.i.ConsumerCoordinator - [Consumer clientId=spring-kafka-client-0, groupId=test] Requesting disconnect from last known coordinator localhost:9092 (id: 2147483646 rack: null)
03:03:32.034 [kafka-coordinator-heartbeat-thread | test] INFO  o.apache.kafka.clients.NetworkClient - [Consumer clientId=spring-kafka-client-0, groupId=test] Client requested disconnect from node 2147483646
03:03:32.044 [org.springframework.kafka.KafkaListenerEndpointContainer#0-0-C-1] INFO  o.a.k.c.c.i.ConsumerCoordinator - [Consumer clientId=spring-kafka-client-0, groupId=test] Discovered group coordinator localhost:9092 (id: 2147483646 rack: null)
03:03:32.046 [org.springframework.kafka.KafkaListenerEndpointContainer#0-0-C-1] INFO  o.a.k.c.c.i.ConsumerCoordinator - [Consumer clientId=spring-kafka-client-0, groupId=test] Group coordinator localhost:9092 (id: 2147483646 rack: null) is unavailable or invalid due to cause: coordinator unavailable. isDisconnected: false. Rediscovery will be attempted.
03:03:32.046 [org.springframework.kafka.KafkaListenerEndpointContainer#0-0-C-1] INFO  o.a.k.c.c.i.ConsumerCoordinator - [Consumer clientId=spring-kafka-client-0, groupId=test] Requesting disconnect from last known coordinator localhost:9092 (id: 2147483646 rack: null)
03:03:32.172 [org.springframework.kafka.KafkaListenerEndpointContainer#0-0-C-1] INFO  o.a.k.c.c.i.ConsumerCoordinator - [Consumer clientId=spring-kafka-client-0, groupId=test] Discovered group coordinator localhost:9092 (id: 2147483646 rack: null)
03:03:39.890 [HikariPool-1 housekeeper] WARN  com.zaxxer.hikari.pool.HikariPool - HikariPool-1 - Thread starvation or clock leap detected (housekeeper delta=15m42s17ms).
03:20:55.139 [kafka-coordinator-heartbeat-thread | test] INFO  o.a.k.c.c.i.ConsumerCoordinator - [Consumer clientId=spring-kafka-client-0, groupId=test] Group coordinator localhost:9092 (id: 2147483646 rack: null) is unavailable or invalid due to cause: session timed out without receiving a heartbeat response. isDisconnected: false. Rediscovery will be attempted.
03:20:55.141 [kafka-coordinator-heartbeat-thread | test] INFO  o.a.k.c.c.i.ConsumerCoordinator - [Consumer clientId=spring-kafka-client-0, groupId=test] Requesting disconnect from last known coordinator localhost:9092 (id: 2147483646 rack: null)
03:20:55.141 [kafka-coordinator-heartbeat-thread | test] INFO  o.apache.kafka.clients.NetworkClient - [Consumer clientId=spring-kafka-client-0, groupId=test] Client requested disconnect from node 2147483646
03:20:55.165 [org.springframework.kafka.KafkaListenerEndpointContainer#0-0-C-1] INFO  o.a.k.c.c.i.ConsumerCoordinator - [Consumer clientId=spring-kafka-client-0, groupId=test] Discovered group coordinator localhost:9092 (id: 2147483646 rack: null)
03:20:55.165 [org.springframework.kafka.KafkaListenerEndpointContainer#0-0-C-1] INFO  o.a.k.c.c.i.ConsumerCoordinator - [Consumer clientId=spring-kafka-client-0, groupId=test] Group coordinator localhost:9092 (id: 2147483646 rack: null) is unavailable or invalid due to cause: coordinator unavailable. isDisconnected: false. Rediscovery will be attempted.
03:20:55.165 [org.springframework.kafka.KafkaListenerEndpointContainer#0-0-C-1] INFO  o.a.k.c.c.i.ConsumerCoordinator - [Consumer clientId=spring-kafka-client-0, groupId=test] Requesting disconnect from last known coordinator localhost:9092 (id: 2147483646 rack: null)
03:20:55.288 [org.springframework.kafka.KafkaListenerEndpointContainer#0-0-C-1] INFO  o.a.k.c.c.i.ConsumerCoordinator - [Consumer clientId=spring-kafka-client-0, groupId=test] Discovered group coordinator localhost:9092 (id: 2147483646 rack: null)
03:21:04.077 [HikariPool-1 housekeeper] WARN  com.zaxxer.hikari.pool.HikariPool - HikariPool-1 - Thread starvation or clock leap detected (housekeeper delta=16m24s176ms).
04:37:20.075 [kafka-coordinator-heartbeat-thread | test] INFO  o.a.k.c.c.i.ConsumerCoordinator - [Consumer clientId=spring-kafka-client-0, groupId=test] Group coordinator localhost:9092 (id: 2147483646 rack: null) is unavailable or invalid due to cause: session timed out without receiving a heartbeat response. isDisconnected: false. Rediscovery will be attempted.
04:37:20.089 [kafka-coordinator-heartbeat-thread | test] INFO  o.a.k.c.c.i.ConsumerCoordinator - [Consumer clientId=spring-kafka-client-0, groupId=test] Requesting disconnect from last known coordinator localhost:9092 (id: 2147483646 rack: null)
04:37:20.089 [kafka-coordinator-heartbeat-thread | test] INFO  o.apache.kafka.clients.NetworkClient - [Consumer clientId=spring-kafka-client-0, groupId=test] Client requested disconnect from node 2147483646
04:37:20.245 [org.springframework.kafka.KafkaListenerEndpointContainer#0-0-C-1] INFO  o.a.k.c.c.i.ConsumerCoordinator - [Consumer clientId=spring-kafka-client-0, groupId=test] Discovered group coordinator localhost:9092 (id: 2147483646 rack: null)
04:37:45.844 [HikariPool-1 housekeeper] WARN  com.zaxxer.hikari.pool.HikariPool - HikariPool-1 - Thread starvation or clock leap detected (housekeeper delta=16m40s948ms).
04:53:13.232 [kafka-coordinator-heartbeat-thread | test] INFO  o.a.k.c.c.i.ConsumerCoordinator - [Consumer clientId=spring-kafka-client-0, groupId=test] Group coordinator localhost:9092 (id: 2147483646 rack: null) is unavailable or invalid due to cause: session timed out without receiving a heartbeat response. isDisconnected: false. Rediscovery will be attempted.
04:53:13.232 [kafka-coordinator-heartbeat-thread | test] INFO  o.a.k.c.c.i.ConsumerCoordinator - [Consumer clientId=spring-kafka-client-0, groupId=test] Requesting disconnect from last known coordinator localhost:9092 (id: 2147483646 rack: null)
04:53:13.232 [kafka-coordinator-heartbeat-thread | test] INFO  o.apache.kafka.clients.NetworkClient - [Consumer clientId=spring-kafka-client-0, groupId=test] Client requested disconnect from node 2147483646
04:53:13.240 [org.springframework.kafka.KafkaListenerEndpointContainer#0-0-C-1] INFO  o.a.k.c.c.i.ConsumerCoordinator - [Consumer clientId=spring-kafka-client-0, groupId=test] Discovered group coordinator localhost:9092 (id: 2147483646 rack: null)
04:53:13.240 [org.springframework.kafka.KafkaListenerEndpointContainer#0-0-C-1] INFO  o.a.k.c.c.i.ConsumerCoordinator - [Consumer clientId=spring-kafka-client-0, groupId=test] Group coordinator localhost:9092 (id: 2147483646 rack: null) is unavailable or invalid due to cause: coordinator unavailable. isDisconnected: false. Rediscovery will be attempted.
04:53:13.240 [org.springframework.kafka.KafkaListenerEndpointContainer#0-0-C-1] INFO  o.a.k.c.c.i.ConsumerCoordinator - [Consumer clientId=spring-kafka-client-0, groupId=test] Requesting disconnect from last known coordinator localhost:9092 (id: 2147483646 rack: null)
04:53:13.352 [org.springframework.kafka.KafkaListenerEndpointContainer#0-0-C-1] INFO  o.a.k.c.c.i.ConsumerCoordinator - [Consumer clientId=spring-kafka-client-0, groupId=test] Discovered group coordinator localhost:9092 (id: 2147483646 rack: null)
04:53:21.854 [HikariPool-1 housekeeper] WARN  com.zaxxer.hikari.pool.HikariPool - HikariPool-1 - Thread starvation or clock leap detected (housekeeper delta=15m36s10ms).
06:09:26.460 [org.springframework.kafka.KafkaListenerEndpointContainer#0-0-C-1] INFO  o.apache.kafka.clients.NetworkClient - [Consumer clientId=spring-kafka-client-0, groupId=test] Disconnecting from node 1 due to request timeout.
06:09:26.464 [kafka-coordinator-heartbeat-thread | test] INFO  o.a.k.c.c.i.ConsumerCoordinator - [Consumer clientId=spring-kafka-client-0, groupId=test] Group coordinator localhost:9092 (id: 2147483646 rack: null) is unavailable or invalid due to cause: session timed out without receiving a heartbeat response. isDisconnected: false. Rediscovery will be attempted.
06:09:26.464 [kafka-coordinator-heartbeat-thread | test] INFO  o.a.k.c.c.i.ConsumerCoordinator - [Consumer clientId=spring-kafka-client-0, groupId=test] Requesting disconnect from last known coordinator localhost:9092 (id: 2147483646 rack: null)
06:09:26.463 [org.springframework.kafka.KafkaListenerEndpointContainer#0-0-C-1] INFO  o.a.k.clients.FetchSessionHandler - [Consumer clientId=spring-kafka-client-0, groupId=test] Error sending fetch request (sessionId=1726413521, epoch=12353) to node 1:
org.apache.kafka.common.errors.DisconnectException: null
06:09:26.464 [kafka-coordinator-heartbeat-thread | test] INFO  o.apache.kafka.clients.NetworkClient - [Consumer clientId=spring-kafka-client-0, groupId=test] Client requested disconnect from node 2147483646
06:09:26.581 [org.springframework.kafka.KafkaListenerEndpointContainer#0-0-C-1] INFO  o.a.k.c.c.i.ConsumerCoordinator - [Consumer clientId=spring-kafka-client-0, groupId=test] Discovered group coordinator localhost:9092 (id: 2147483646 rack: null)
06:09:48.625 [HikariPool-1 housekeeper] WARN  com.zaxxer.hikari.pool.HikariPool - HikariPool-1 - Thread starvation or clock leap detected (housekeeper delta=16m26s20ms).
07:25:11.235 [kafka-coordinator-heartbeat-thread | test] INFO  o.a.k.c.c.i.ConsumerCoordinator - [Consumer clientId=spring-kafka-client-0, groupId=test] Group coordinator localhost:9092 (id: 2147483646 rack: null) is unavailable or invalid due to cause: session timed out without receiving a heartbeat response. isDisconnected: false. Rediscovery will be attempted.
07:25:11.239 [kafka-coordinator-heartbeat-thread | test] INFO  o.a.k.c.c.i.ConsumerCoordinator - [Consumer clientId=spring-kafka-client-0, groupId=test] Requesting disconnect from last known coordinator localhost:9092 (id: 2147483646 rack: null)
07:25:11.239 [org.springframework.kafka.KafkaListenerEndpointContainer#0-0-C-1] INFO  o.apache.kafka.clients.NetworkClient - [Consumer clientId=spring-kafka-client-0, groupId=test] Client requested disconnect from node 2147483646
07:25:11.253 [org.springframework.kafka.KafkaListenerEndpointContainer#0-0-C-1] INFO  o.a.k.c.c.i.ConsumerCoordinator - [Consumer clientId=spring-kafka-client-0, groupId=test] Discovered group coordinator localhost:9092 (id: 2147483646 rack: null)
07:25:11.253 [org.springframework.kafka.KafkaListenerEndpointContainer#0-0-C-1] INFO  o.a.k.c.c.i.ConsumerCoordinator - [Consumer clientId=spring-kafka-client-0, groupId=test] Group coordinator localhost:9092 (id: 2147483646 rack: null) is unavailable or invalid due to cause: coordinator unavailable. isDisconnected: false. Rediscovery will be attempted.
07:25:11.253 [org.springframework.kafka.KafkaListenerEndpointContainer#0-0-C-1] INFO  o.a.k.c.c.i.ConsumerCoordinator - [Consumer clientId=spring-kafka-client-0, groupId=test] Requesting disconnect from last known coordinator localhost:9092 (id: 2147483646 rack: null)
07:25:11.343 [org.springframework.kafka.KafkaListenerEndpointContainer#0-0-C-1] INFO  o.a.k.c.c.i.ConsumerCoordinator - [Consumer clientId=spring-kafka-client-0, groupId=test] Discovered group coordinator localhost:9092 (id: 2147483646 rack: null)
07:25:11.433 [HikariPool-1 housekeeper] WARN  com.zaxxer.hikari.pool.HikariPool - HikariPool-1 - Thread starvation or clock leap detected (housekeeper delta=15m51s974ms).
07:35:49.481 [kafka-coordinator-heartbeat-thread | test] INFO  o.a.k.c.c.i.ConsumerCoordinator - [Consumer clientId=spring-kafka-client-0, groupId=test] Group coordinator localhost:9092 (id: 2147483646 rack: null) is unavailable or invalid due to cause: session timed out without receiving a heartbeat response. isDisconnected: false. Rediscovery will be attempted.
07:35:49.483 [kafka-coordinator-heartbeat-thread | test] INFO  o.a.k.c.c.i.ConsumerCoordinator - [Consumer clientId=spring-kafka-client-0, groupId=test] Requesting disconnect from last known coordinator localhost:9092 (id: 2147483646 rack: null)
07:35:49.483 [kafka-coordinator-heartbeat-thread | test] INFO  o.apache.kafka.clients.NetworkClient - [Consumer clientId=spring-kafka-client-0, groupId=test] Client requested disconnect from node 2147483646
07:35:49.488 [org.springframework.kafka.KafkaListenerEndpointContainer#0-0-C-1] INFO  o.a.k.c.c.i.ConsumerCoordinator - [Consumer clientId=spring-kafka-client-0, groupId=test] Discovered group coordinator localhost:9092 (id: 2147483646 rack: null)
07:35:49.489 [org.springframework.kafka.KafkaListenerEndpointContainer#0-0-C-1] INFO  o.a.k.c.c.i.ConsumerCoordinator - [Consumer clientId=spring-kafka-client-0, groupId=test] Group coordinator localhost:9092 (id: 2147483646 rack: null) is unavailable or invalid due to cause: coordinator unavailable. isDisconnected: false. Rediscovery will be attempted.
07:35:49.489 [org.springframework.kafka.KafkaListenerEndpointContainer#0-0-C-1] INFO  o.a.k.c.c.i.ConsumerCoordinator - [Consumer clientId=spring-kafka-client-0, groupId=test] Requesting disconnect from last known coordinator localhost:9092 (id: 2147483646 rack: null)
07:35:49.590 [org.springframework.kafka.KafkaListenerEndpointContainer#0-0-C-1] INFO  o.a.k.c.c.i.ConsumerCoordinator - [Consumer clientId=spring-kafka-client-0, groupId=test] Discovered group coordinator localhost:9092 (id: 2147483646 rack: null)
07:36:02.113 [HikariPool-1 housekeeper] WARN  com.zaxxer.hikari.pool.HikariPool - HikariPool-1 - Thread starvation or clock leap detected (housekeeper delta=10m20s667ms).
07:52:09.288 [kafka-coordinator-heartbeat-thread | test] INFO  o.a.k.c.c.i.ConsumerCoordinator - [Consumer clientId=spring-kafka-client-0, groupId=test] Group coordinator localhost:9092 (id: 2147483646 rack: null) is unavailable or invalid due to cause: session timed out without receiving a heartbeat response. isDisconnected: false. Rediscovery will be attempted.
07:52:09.288 [kafka-coordinator-heartbeat-thread | test] INFO  o.a.k.c.c.i.ConsumerCoordinator - [Consumer clientId=spring-kafka-client-0, groupId=test] Requesting disconnect from last known coordinator localhost:9092 (id: 2147483646 rack: null)
07:52:09.288 [kafka-coordinator-heartbeat-thread | test] INFO  o.apache.kafka.clients.NetworkClient - [Consumer clientId=spring-kafka-client-0, groupId=test] Client requested disconnect from node 2147483646
07:52:09.293 [org.springframework.kafka.KafkaListenerEndpointContainer#0-0-C-1] INFO  o.a.k.c.c.i.ConsumerCoordinator - [Consumer clientId=spring-kafka-client-0, groupId=test] Discovered group coordinator localhost:9092 (id: 2147483646 rack: null)
07:52:09.293 [org.springframework.kafka.KafkaListenerEndpointContainer#0-0-C-1] INFO  o.a.k.c.c.i.ConsumerCoordinator - [Consumer clientId=spring-kafka-client-0, groupId=test] Group coordinator localhost:9092 (id: 2147483646 rack: null) is unavailable or invalid due to cause: coordinator unavailable. isDisconnected: false. Rediscovery will be attempted.
07:52:09.293 [org.springframework.kafka.KafkaListenerEndpointContainer#0-0-C-1] INFO  o.a.k.c.c.i.ConsumerCoordinator - [Consumer clientId=spring-kafka-client-0, groupId=test] Requesting disconnect from last known coordinator localhost:9092 (id: 2147483646 rack: null)
07:52:09.398 [org.springframework.kafka.KafkaListenerEndpointContainer#0-0-C-1] INFO  o.a.k.c.c.i.ConsumerCoordinator - [Consumer clientId=spring-kafka-client-0, groupId=test] Discovered group coordinator localhost:9092 (id: 2147483646 rack: null)
07:52:35.139 [HikariPool-1 housekeeper] WARN  com.zaxxer.hikari.pool.HikariPool - HikariPool-1 - Thread starvation or clock leap detected (housekeeper delta=16m3s16ms).
09:08:59.557 [kafka-coordinator-heartbeat-thread | test] INFO  o.a.k.c.c.i.ConsumerCoordinator - [Consumer clientId=spring-kafka-client-0, groupId=test] Group coordinator localhost:9092 (id: 2147483646 rack: null) is unavailable or invalid due to cause: session timed out without receiving a heartbeat response. isDisconnected: false. Rediscovery will be attempted.
09:08:59.566 [kafka-coordinator-heartbeat-thread | test] INFO  o.a.k.c.c.i.ConsumerCoordinator - [Consumer clientId=spring-kafka-client-0, groupId=test] Requesting disconnect from last known coordinator localhost:9092 (id: 2147483646 rack: null)
09:08:59.566 [kafka-coordinator-heartbeat-thread | test] INFO  o.apache.kafka.clients.NetworkClient - [Consumer clientId=spring-kafka-client-0, groupId=test] Client requested disconnect from node 2147483646
09:08:59.572 [org.springframework.kafka.KafkaListenerEndpointContainer#0-0-C-1] INFO  o.a.k.c.c.i.ConsumerCoordinator - [Consumer clientId=spring-kafka-client-0, groupId=test] Discovered group coordinator localhost:9092 (id: 2147483646 rack: null)
09:08:59.573 [org.springframework.kafka.KafkaListenerEndpointContainer#0-0-C-1] INFO  o.a.k.c.c.i.ConsumerCoordinator - [Consumer clientId=spring-kafka-client-0, groupId=test] Group coordinator localhost:9092 (id: 2147483646 rack: null) is unavailable or invalid due to cause: coordinator unavailable. isDisconnected: false. Rediscovery will be attempted.
09:08:59.573 [org.springframework.kafka.KafkaListenerEndpointContainer#0-0-C-1] INFO  o.a.k.c.c.i.ConsumerCoordinator - [Consumer clientId=spring-kafka-client-0, groupId=test] Requesting disconnect from last known coordinator localhost:9092 (id: 2147483646 rack: null)
09:08:59.696 [org.springframework.kafka.KafkaListenerEndpointContainer#0-0-C-1] INFO  o.a.k.c.c.i.ConsumerCoordinator - [Consumer clientId=spring-kafka-client-0, groupId=test] Discovered group coordinator localhost:9092 (id: 2147483646 rack: null)
09:09:07.095 [HikariPool-1 housekeeper] WARN  com.zaxxer.hikari.pool.HikariPool - HikariPool-1 - Thread starvation or clock leap detected (housekeeper delta=16m31s224ms).
09:35:09.756 [org.springframework.kafka.KafkaListenerEndpointContainer#0-0-C-1] INFO  o.apache.kafka.clients.NetworkClient - [Consumer clientId=spring-kafka-client-0, groupId=test] Disconnecting from node 1 due to request timeout.
09:35:09.819 [org.springframework.kafka.KafkaListenerEndpointContainer#0-0-C-1] INFO  o.a.k.clients.FetchSessionHandler - [Consumer clientId=spring-kafka-client-0, groupId=test] Error sending fetch request (sessionId=2063242052, epoch=14153) to node 1:
org.apache.kafka.common.errors.DisconnectException: null
09:35:09.822 [kafka-coordinator-heartbeat-thread | test] INFO  o.a.k.c.c.i.ConsumerCoordinator - [Consumer clientId=spring-kafka-client-0, groupId=test] Group coordinator localhost:9092 (id: 2147483646 rack: null) is unavailable or invalid due to cause: session timed out without receiving a heartbeat response. isDisconnected: false. Rediscovery will be attempted.
09:35:09.822 [kafka-coordinator-heartbeat-thread | test] INFO  o.a.k.c.c.i.ConsumerCoordinator - [Consumer clientId=spring-kafka-client-0, groupId=test] Requesting disconnect from last known coordinator localhost:9092 (id: 2147483646 rack: null)
09:35:09.823 [kafka-coordinator-heartbeat-thread | test] INFO  o.apache.kafka.clients.NetworkClient - [Consumer clientId=spring-kafka-client-0, groupId=test] Client requested disconnect from node 2147483646
09:35:10.327 [org.springframework.kafka.KafkaListenerEndpointContainer#0-0-C-1] INFO  o.a.k.c.c.i.ConsumerCoordinator - [Consumer clientId=spring-kafka-client-0, groupId=test] Discovered group coordinator localhost:9092 (id: 2147483646 rack: null)
09:35:28.514 [HikariPool-1 housekeeper] WARN  com.zaxxer.hikari.pool.HikariPool - HikariPool-1 - Thread starvation or clock leap detected (housekeeper delta=7m51s142ms).
09:57:28.211 [HikariPool-1 housekeeper] WARN  com.zaxxer.hikari.pool.HikariPool - HikariPool-1 - Retrograde clock change detected (housekeeper delta=29s532ms), soft-evicting connections from pool.
11:47:54.519 [kafka-coordinator-heartbeat-thread | test] INFO  o.a.k.c.c.i.ConsumerCoordinator - [Consumer clientId=spring-kafka-client-0, groupId=test] Group coordinator localhost:9092 (id: 2147483646 rack: null) is unavailable or invalid due to cause: session timed out without receiving a heartbeat response. isDisconnected: false. Rediscovery will be attempted.
11:47:54.531 [kafka-coordinator-heartbeat-thread | test] INFO  o.a.k.c.c.i.ConsumerCoordinator - [Consumer clientId=spring-kafka-client-0, groupId=test] Requesting disconnect from last known coordinator localhost:9092 (id: 2147483646 rack: null)
11:47:54.534 [kafka-coordinator-heartbeat-thread | test] INFO  o.apache.kafka.clients.NetworkClient - [Consumer clientId=spring-kafka-client-0, groupId=test] Client requested disconnect from node 2147483646
11:47:55.175 [org.springframework.kafka.KafkaListenerEndpointContainer#0-0-C-1] INFO  o.a.k.c.c.i.ConsumerCoordinator - [Consumer clientId=spring-kafka-client-0, groupId=test] Discovered group coordinator localhost:9092 (id: 2147483646 rack: null)
11:48:26.056 [HikariPool-1 housekeeper] WARN  com.zaxxer.hikari.pool.HikariPool - HikariPool-1 - Thread starvation or clock leap detected (housekeeper delta=8m26s746ms).
12:04:50.091 [kafka-coordinator-heartbeat-thread | test] INFO  o.a.k.c.c.i.ConsumerCoordinator - [Consumer clientId=spring-kafka-client-0, groupId=test] Group coordinator localhost:9092 (id: 2147483646 rack: null) is unavailable or invalid due to cause: session timed out without receiving a heartbeat response. isDisconnected: false. Rediscovery will be attempted.
12:04:50.740 [kafka-coordinator-heartbeat-thread | test] INFO  o.a.k.c.c.i.ConsumerCoordinator - [Consumer clientId=spring-kafka-client-0, groupId=test] Requesting disconnect from last known coordinator localhost:9092 (id: 2147483646 rack: null)
12:04:50.743 [kafka-coordinator-heartbeat-thread | test] INFO  o.apache.kafka.clients.NetworkClient - [Consumer clientId=spring-kafka-client-0, groupId=test] Client requested disconnect from node 2147483646
12:04:51.357 [org.springframework.kafka.KafkaListenerEndpointContainer#0-0-C-1] INFO  o.a.k.c.c.i.ConsumerCoordinator - [Consumer clientId=spring-kafka-client-0, groupId=test] Discovered group coordinator localhost:9092 (id: 2147483646 rack: null)
12:05:03.283 [HikariPool-1 housekeeper] WARN  com.zaxxer.hikari.pool.HikariPool - HikariPool-1 - Thread starvation or clock leap detected (housekeeper delta=16m37s226ms).
12:13:16.645 [kafka-coordinator-heartbeat-thread | test] INFO  o.a.k.c.c.i.ConsumerCoordinator - [Consumer clientId=spring-kafka-client-0, groupId=test] Group coordinator localhost:9092 (id: 2147483646 rack: null) is unavailable or invalid due to cause: session timed out without receiving a heartbeat response. isDisconnected: false. Rediscovery will be attempted.
12:13:17.032 [kafka-coordinator-heartbeat-thread | test] INFO  o.a.k.c.c.i.ConsumerCoordinator - [Consumer clientId=spring-kafka-client-0, groupId=test] Requesting disconnect from last known coordinator localhost:9092 (id: 2147483646 rack: null)
12:13:17.039 [kafka-coordinator-heartbeat-thread | test] INFO  o.apache.kafka.clients.NetworkClient - [Consumer clientId=spring-kafka-client-0, groupId=test] Client requested disconnect from node 2147483646
12:13:18.410 [org.springframework.kafka.KafkaListenerEndpointContainer#0-0-C-1] INFO  o.a.k.c.c.i.ConsumerCoordinator - [Consumer clientId=spring-kafka-client-0, groupId=test] Discovered group coordinator localhost:9092 (id: 2147483646 rack: null)
12:13:42.471 [HikariPool-1 housekeeper] WARN  com.zaxxer.hikari.pool.HikariPool - HikariPool-1 - Thread starvation or clock leap detected (housekeeper delta=6m39s166ms).
15:08:43.835 [HikariPool-1 housekeeper] WARN  com.zaxxer.hikari.pool.HikariPool - HikariPool-1 - Retrograde clock change detected (housekeeper delta=29s832ms), soft-evicting connections from pool.
19:30:17.128 [HikariPool-1 housekeeper] WARN  com.zaxxer.hikari.pool.HikariPool - HikariPool-1 - Retrograde clock change detected (housekeeper delta=29s850ms), soft-evicting connections from pool.
19:53:22.111 [kafka-coordinator-heartbeat-thread | test] INFO  o.a.k.c.c.i.ConsumerCoordinator - [Consumer clientId=spring-kafka-client-0, groupId=test] Group coordinator localhost:9092 (id: 2147483646 rack: null) is unavailable or invalid due to cause: session timed out without receiving a heartbeat response. isDisconnected: false. Rediscovery will be attempted.
19:53:22.135 [kafka-coordinator-heartbeat-thread | test] INFO  o.a.k.c.c.i.ConsumerCoordinator - [Consumer clientId=spring-kafka-client-0, groupId=test] Requesting disconnect from last known coordinator localhost:9092 (id: 2147483646 rack: null)
19:53:22.144 [org.springframework.kafka.KafkaListenerEndpointContainer#0-0-C-1] INFO  o.apache.kafka.clients.NetworkClient - [Consumer clientId=spring-kafka-client-0, groupId=test] Client requested disconnect from node 2147483646
19:53:22.526 [org.springframework.kafka.KafkaListenerEndpointContainer#0-0-C-1] INFO  o.a.k.c.c.i.ConsumerCoordinator - [Consumer clientId=spring-kafka-client-0, groupId=test] Discovered group coordinator localhost:9092 (id: 2147483646 rack: null)
19:53:25.858 [HikariPool-1 housekeeper] WARN  com.zaxxer.hikari.pool.HikariPool - HikariPool-1 - Thread starvation or clock leap detected (housekeeper delta=17m8s627ms).
20:53:59.887 [org.springframework.kafka.KafkaListenerEndpointContainer#0-0-C-1] INFO  o.apache.kafka.clients.NetworkClient - [Consumer clientId=spring-kafka-client-0, groupId=test] Disconnecting from node 1 due to request timeout.
20:53:59.904 [kafka-coordinator-heartbeat-thread | test] INFO  o.a.k.c.c.i.ConsumerCoordinator - [Consumer clientId=spring-kafka-client-0, groupId=test] Group coordinator localhost:9092 (id: 2147483646 rack: null) is unavailable or invalid due to cause: session timed out without receiving a heartbeat response. isDisconnected: false. Rediscovery will be attempted.
20:53:59.904 [kafka-coordinator-heartbeat-thread | test] INFO  o.a.k.c.c.i.ConsumerCoordinator - [Consumer clientId=spring-kafka-client-0, groupId=test] Requesting disconnect from last known coordinator localhost:9092 (id: 2147483646 rack: null)
20:53:59.904 [kafka-coordinator-heartbeat-thread | test] INFO  o.apache.kafka.clients.NetworkClient - [Consumer clientId=spring-kafka-client-0, groupId=test] Client requested disconnect from node 2147483646
20:53:59.904 [org.springframework.kafka.KafkaListenerEndpointContainer#0-0-C-1] INFO  o.a.k.clients.FetchSessionHandler - [Consumer clientId=spring-kafka-client-0, groupId=test] Error sending fetch request (sessionId=105306004, epoch=66919) to node 1:
org.apache.kafka.common.errors.DisconnectException: null
20:54:00.144 [org.springframework.kafka.KafkaListenerEndpointContainer#0-0-C-1] INFO  o.a.k.c.c.i.ConsumerCoordinator - [Consumer clientId=spring-kafka-client-0, groupId=test] Discovered group coordinator localhost:9092 (id: 2147483646 rack: null)
20:54:17.541 [HikariPool-1 housekeeper] WARN  com.zaxxer.hikari.pool.HikariPool - HikariPool-1 - Thread starvation or clock leap detected (housekeeper delta=15m51s228ms).
21:28:47.110 [org.springframework.kafka.KafkaListenerEndpointContainer#0-0-C-1] INFO  o.apache.kafka.clients.NetworkClient - [Consumer clientId=spring-kafka-client-0, groupId=test] Disconnecting from node 1 due to request timeout.
21:28:47.466 [kafka-coordinator-heartbeat-thread | test] INFO  o.a.k.c.c.i.ConsumerCoordinator - [Consumer clientId=spring-kafka-client-0, groupId=test] Group coordinator localhost:9092 (id: 2147483646 rack: null) is unavailable or invalid due to cause: session timed out without receiving a heartbeat response. isDisconnected: false. Rediscovery will be attempted.
21:28:47.470 [kafka-coordinator-heartbeat-thread | test] INFO  o.a.k.c.c.i.ConsumerCoordinator - [Consumer clientId=spring-kafka-client-0, groupId=test] Requesting disconnect from last known coordinator localhost:9092 (id: 2147483646 rack: null)
21:28:47.484 [kafka-coordinator-heartbeat-thread | test] INFO  o.apache.kafka.clients.NetworkClient - [Consumer clientId=spring-kafka-client-0, groupId=test] Client requested disconnect from node 2147483646
21:28:47.462 [org.springframework.kafka.KafkaListenerEndpointContainer#0-0-C-1] INFO  o.a.k.clients.FetchSessionHandler - [Consumer clientId=spring-kafka-client-0, groupId=test] Error sending fetch request (sessionId=510864830, epoch=2157) to node 1:
org.apache.kafka.common.errors.DisconnectException: null
21:28:48.786 [org.springframework.kafka.KafkaListenerEndpointContainer#0-0-C-1] INFO  o.a.k.c.c.i.ConsumerCoordinator - [Consumer clientId=spring-kafka-client-0, groupId=test] Discovered group coordinator localhost:9092 (id: 2147483646 rack: null)
21:28:58.702 [HikariPool-1 housekeeper] WARN  com.zaxxer.hikari.pool.HikariPool - HikariPool-1 - Thread starvation or clock leap detected (housekeeper delta=13m40s920ms).
21:58:46.653 [kafka-coordinator-heartbeat-thread | test] INFO  o.a.k.c.c.i.ConsumerCoordinator - [Consumer clientId=spring-kafka-client-0, groupId=test] Group coordinator localhost:9092 (id: 2147483646 rack: null) is unavailable or invalid due to cause: session timed out without receiving a heartbeat response. isDisconnected: false. Rediscovery will be attempted.
21:58:47.695 [kafka-coordinator-heartbeat-thread | test] INFO  o.a.k.c.c.i.ConsumerCoordinator - [Consumer clientId=spring-kafka-client-0, groupId=test] Requesting disconnect from last known coordinator localhost:9092 (id: 2147483646 rack: null)
21:58:47.703 [kafka-coordinator-heartbeat-thread | test] INFO  o.apache.kafka.clients.NetworkClient - [Consumer clientId=spring-kafka-client-0, groupId=test] Client requested disconnect from node 2147483646
21:58:47.869 [org.springframework.kafka.KafkaListenerEndpointContainer#0-0-C-1] INFO  o.a.k.c.c.i.ConsumerCoordinator - [Consumer clientId=spring-kafka-client-0, groupId=test] Discovered group coordinator localhost:9092 (id: 2147483646 rack: null)
21:58:47.913 [org.springframework.kafka.KafkaListenerEndpointContainer#0-0-C-1] INFO  o.a.k.c.c.i.ConsumerCoordinator - [Consumer clientId=spring-kafka-client-0, groupId=test] Discovered group coordinator localhost:9092 (id: 2147483646 rack: null)
21:58:51.365 [HikariPool-1 housekeeper] WARN  com.zaxxer.hikari.pool.HikariPool - HikariPool-1 - Thread starvation or clock leap detected (housekeeper delta=4m22s484ms).
23:13:24.538 [kafka-coordinator-heartbeat-thread | test] INFO  o.a.k.c.c.i.ConsumerCoordinator - [Consumer clientId=spring-kafka-client-0, groupId=test] Group coordinator localhost:9092 (id: 2147483646 rack: null) is unavailable or invalid due to cause: session timed out without receiving a heartbeat response. isDisconnected: false. Rediscovery will be attempted.
23:13:24.555 [kafka-coordinator-heartbeat-thread | test] INFO  o.a.k.c.c.i.ConsumerCoordinator - [Consumer clientId=spring-kafka-client-0, groupId=test] Requesting disconnect from last known coordinator localhost:9092 (id: 2147483646 rack: null)
23:13:24.555 [kafka-coordinator-heartbeat-thread | test] INFO  o.apache.kafka.clients.NetworkClient - [Consumer clientId=spring-kafka-client-0, groupId=test] Client requested disconnect from node 2147483646
23:13:24.590 [org.springframework.kafka.KafkaListenerEndpointContainer#0-0-C-1] INFO  o.a.k.c.c.i.ConsumerCoordinator - [Consumer clientId=spring-kafka-client-0, groupId=test] Discovered group coordinator localhost:9092 (id: 2147483646 rack: null)
23:13:24.593 [org.springframework.kafka.KafkaListenerEndpointContainer#0-0-C-1] INFO  o.a.k.c.c.i.ConsumerCoordinator - [Consumer clientId=spring-kafka-client-0, groupId=test] Group coordinator localhost:9092 (id: 2147483646 rack: null) is unavailable or invalid due to cause: coordinator unavailable. isDisconnected: false. Rediscovery will be attempted.
23:13:24.594 [org.springframework.kafka.KafkaListenerEndpointContainer#0-0-C-1] INFO  o.a.k.c.c.i.ConsumerCoordinator - [Consumer clientId=spring-kafka-client-0, groupId=test] Requesting disconnect from last known coordinator localhost:9092 (id: 2147483646 rack: null)
23:13:24.711 [org.springframework.kafka.KafkaListenerEndpointContainer#0-0-C-1] INFO  o.a.k.c.c.i.ConsumerCoordinator - [Consumer clientId=spring-kafka-client-0, groupId=test] Discovered group coordinator localhost:9092 (id: 2147483646 rack: null)
23:30:02.765 [kafka-coordinator-heartbeat-thread | test] INFO  o.a.k.c.c.i.ConsumerCoordinator - [Consumer clientId=spring-kafka-client-0, groupId=test] Group coordinator localhost:9092 (id: 2147483646 rack: null) is unavailable or invalid due to cause: session timed out without receiving a heartbeat response. isDisconnected: false. Rediscovery will be attempted.
23:30:02.765 [kafka-coordinator-heartbeat-thread | test] INFO  o.a.k.c.c.i.ConsumerCoordinator - [Consumer clientId=spring-kafka-client-0, groupId=test] Requesting disconnect from last known coordinator localhost:9092 (id: 2147483646 rack: null)
23:30:02.765 [kafka-coordinator-heartbeat-thread | test] INFO  o.apache.kafka.clients.NetworkClient - [Consumer clientId=spring-kafka-client-0, groupId=test] Client requested disconnect from node 2147483646
23:30:02.880 [org.springframework.kafka.KafkaListenerEndpointContainer#0-0-C-1] INFO  o.a.k.c.c.i.ConsumerCoordinator - [Consumer clientId=spring-kafka-client-0, groupId=test] Discovered group coordinator localhost:9092 (id: 2147483646 rack: null)
23:45:13.092 [kafka-coordinator-heartbeat-thread | test] INFO  o.a.k.c.c.i.ConsumerCoordinator - [Consumer clientId=spring-kafka-client-0, groupId=test] Group coordinator localhost:9092 (id: 2147483646 rack: null) is unavailable or invalid due to cause: session timed out without receiving a heartbeat response. isDisconnected: false. Rediscovery will be attempted.
23:45:13.120 [kafka-coordinator-heartbeat-thread | test] INFO  o.a.k.c.c.i.ConsumerCoordinator - [Consumer clientId=spring-kafka-client-0, groupId=test] Requesting disconnect from last known coordinator localhost:9092 (id: 2147483646 rack: null)
23:45:13.123 [kafka-coordinator-heartbeat-thread | test] INFO  o.apache.kafka.clients.NetworkClient - [Consumer clientId=spring-kafka-client-0, groupId=test] Client requested disconnect from node 2147483646
23:45:14.468 [org.springframework.kafka.KafkaListenerEndpointContainer#0-0-C-1] INFO  o.a.k.c.c.i.ConsumerCoordinator - [Consumer clientId=spring-kafka-client-0, groupId=test] Discovered group coordinator localhost:9092 (id: 2147483646 rack: null)
23:45:21.624 [HikariPool-1 housekeeper] WARN  com.zaxxer.hikari.pool.HikariPool - HikariPool-1 - Thread starvation or clock leap detected (housekeeper delta=48m29s687ms).
23:46:13.981 [HikariPool-1 housekeeper] WARN  com.zaxxer.hikari.pool.HikariPool - HikariPool-1 - Thread starvation or clock leap detected (housekeeper delta=52s357ms).
