00:42:17.796 [kafka-coordinator-heartbeat-thread | test] INFO  o.a.k.c.c.i.ConsumerCoordinator - [Consumer clientId=spring-kafka-client-0, groupId=test] Group coordinator localhost:9092 (id: 2147483646 rack: null) is unavailable or invalid due to cause: session timed out without receiving a heartbeat response. isDisconnected: false. Rediscovery will be attempted.
00:42:17.855 [kafka-coordinator-heartbeat-thread | test] INFO  o.a.k.c.c.i.ConsumerCoordinator - [Consumer clientId=spring-kafka-client-0, groupId=test] Requesting disconnect from last known coordinator localhost:9092 (id: 2147483646 rack: null)
00:42:17.855 [kafka-coordinator-heartbeat-thread | test] INFO  o.apache.kafka.clients.NetworkClient - [Consumer clientId=spring-kafka-client-0, groupId=test] Client requested disconnect from node 2147483646
00:42:17.986 [org.springframework.kafka.KafkaListenerEndpointContainer#0-0-C-1] INFO  o.a.k.c.c.i.ConsumerCoordinator - [Consumer clientId=spring-kafka-client-0, groupId=test] Discovered group coordinator localhost:9092 (id: 2147483646 rack: null)
00:42:31.783 [HikariPool-1 housekeeper] WARN  com.zaxxer.hikari.pool.HikariPool - HikariPool-1 - Thread starvation or clock leap detected (housekeeper delta=16m29s974ms).
01:58:48.661 [kafka-coordinator-heartbeat-thread | test] INFO  o.a.k.c.c.i.ConsumerCoordinator - [Consumer clientId=spring-kafka-client-0, groupId=test] Group coordinator localhost:9092 (id: 2147483646 rack: null) is unavailable or invalid due to cause: session timed out without receiving a heartbeat response. isDisconnected: false. Rediscovery will be attempted.
01:58:48.706 [kafka-coordinator-heartbeat-thread | test] INFO  o.a.k.c.c.i.ConsumerCoordinator - [Consumer clientId=spring-kafka-client-0, groupId=test] Requesting disconnect from last known coordinator localhost:9092 (id: 2147483646 rack: null)
01:58:48.706 [kafka-coordinator-heartbeat-thread | test] INFO  o.apache.kafka.clients.NetworkClient - [Consumer clientId=spring-kafka-client-0, groupId=test] Client requested disconnect from node 2147483646
01:58:48.747 [org.springframework.kafka.KafkaListenerEndpointContainer#0-0-C-1] INFO  o.a.k.c.c.i.ConsumerCoordinator - [Consumer clientId=spring-kafka-client-0, groupId=test] Discovered group coordinator localhost:9092 (id: 2147483646 rack: null)
01:58:48.748 [org.springframework.kafka.KafkaListenerEndpointContainer#0-0-C-1] INFO  o.a.k.c.c.i.ConsumerCoordinator - [Consumer clientId=spring-kafka-client-0, groupId=test] Group coordinator localhost:9092 (id: 2147483646 rack: null) is unavailable or invalid due to cause: coordinator unavailable. isDisconnected: false. Rediscovery will be attempted.
01:58:48.748 [org.springframework.kafka.KafkaListenerEndpointContainer#0-0-C-1] INFO  o.a.k.c.c.i.ConsumerCoordinator - [Consumer clientId=spring-kafka-client-0, groupId=test] Requesting disconnect from last known coordinator localhost:9092 (id: 2147483646 rack: null)
01:58:48.845 [org.springframework.kafka.KafkaListenerEndpointContainer#0-0-C-1] INFO  o.a.k.c.c.i.ConsumerCoordinator - [Consumer clientId=spring-kafka-client-0, groupId=test] Discovered group coordinator localhost:9092 (id: 2147483646 rack: null)
01:59:01.492 [HikariPool-1 housekeeper] WARN  com.zaxxer.hikari.pool.HikariPool - HikariPool-1 - Thread starvation or clock leap detected (housekeeper delta=16m29s34ms).
03:15:50.843 [kafka-coordinator-heartbeat-thread | test] INFO  o.a.k.c.c.i.ConsumerCoordinator - [Consumer clientId=spring-kafka-client-0, groupId=test] Group coordinator localhost:9092 (id: 2147483646 rack: null) is unavailable or invalid due to cause: session timed out without receiving a heartbeat response. isDisconnected: false. Rediscovery will be attempted.
03:15:50.857 [kafka-coordinator-heartbeat-thread | test] INFO  o.a.k.c.c.i.ConsumerCoordinator - [Consumer clientId=spring-kafka-client-0, groupId=test] Requesting disconnect from last known coordinator localhost:9092 (id: 2147483646 rack: null)
03:15:50.857 [kafka-coordinator-heartbeat-thread | test] INFO  o.apache.kafka.clients.NetworkClient - [Consumer clientId=spring-kafka-client-0, groupId=test] Client requested disconnect from node 2147483646
03:15:50.864 [org.springframework.kafka.KafkaListenerEndpointContainer#0-0-C-1] INFO  o.a.k.c.c.i.ConsumerCoordinator - [Consumer clientId=spring-kafka-client-0, groupId=test] Discovered group coordinator localhost:9092 (id: 2147483646 rack: null)
03:15:50.865 [org.springframework.kafka.KafkaListenerEndpointContainer#0-0-C-1] INFO  o.a.k.c.c.i.ConsumerCoordinator - [Consumer clientId=spring-kafka-client-0, groupId=test] Group coordinator localhost:9092 (id: 2147483646 rack: null) is unavailable or invalid due to cause: coordinator unavailable. isDisconnected: false. Rediscovery will be attempted.
03:15:50.865 [org.springframework.kafka.KafkaListenerEndpointContainer#0-0-C-1] INFO  o.a.k.c.c.i.ConsumerCoordinator - [Consumer clientId=spring-kafka-client-0, groupId=test] Requesting disconnect from last known coordinator localhost:9092 (id: 2147483646 rack: null)
03:15:50.963 [org.springframework.kafka.KafkaListenerEndpointContainer#0-0-C-1] INFO  o.a.k.c.c.i.ConsumerCoordinator - [Consumer clientId=spring-kafka-client-0, groupId=test] Discovered group coordinator localhost:9092 (id: 2147483646 rack: null)
03:16:05.085 [HikariPool-1 housekeeper] WARN  com.zaxxer.hikari.pool.HikariPool - HikariPool-1 - Thread starvation or clock leap detected (housekeeper delta=17m2s953ms).
04:32:07.647 [kafka-coordinator-heartbeat-thread | test] INFO  o.a.k.c.c.i.ConsumerCoordinator - [Consumer clientId=spring-kafka-client-0, groupId=test] Group coordinator localhost:9092 (id: 2147483646 rack: null) is unavailable or invalid due to cause: session timed out without receiving a heartbeat response. isDisconnected: false. Rediscovery will be attempted.
04:32:07.652 [kafka-coordinator-heartbeat-thread | test] INFO  o.a.k.c.c.i.ConsumerCoordinator - [Consumer clientId=spring-kafka-client-0, groupId=test] Requesting disconnect from last known coordinator localhost:9092 (id: 2147483646 rack: null)
04:32:07.652 [kafka-coordinator-heartbeat-thread | test] INFO  o.apache.kafka.clients.NetworkClient - [Consumer clientId=spring-kafka-client-0, groupId=test] Client requested disconnect from node 2147483646
04:32:07.675 [org.springframework.kafka.KafkaListenerEndpointContainer#0-0-C-1] INFO  o.a.k.c.c.i.ConsumerCoordinator - [Consumer clientId=spring-kafka-client-0, groupId=test] Discovered group coordinator localhost:9092 (id: 2147483646 rack: null)
04:32:07.676 [org.springframework.kafka.KafkaListenerEndpointContainer#0-0-C-1] INFO  o.a.k.c.c.i.ConsumerCoordinator - [Consumer clientId=spring-kafka-client-0, groupId=test] Group coordinator localhost:9092 (id: 2147483646 rack: null) is unavailable or invalid due to cause: coordinator unavailable. isDisconnected: false. Rediscovery will be attempted.
04:32:07.676 [org.springframework.kafka.KafkaListenerEndpointContainer#0-0-C-1] INFO  o.a.k.c.c.i.ConsumerCoordinator - [Consumer clientId=spring-kafka-client-0, groupId=test] Requesting disconnect from last known coordinator localhost:9092 (id: 2147483646 rack: null)
04:32:07.796 [org.springframework.kafka.KafkaListenerEndpointContainer#0-0-C-1] INFO  o.a.k.c.c.i.ConsumerCoordinator - [Consumer clientId=spring-kafka-client-0, groupId=test] Discovered group coordinator localhost:9092 (id: 2147483646 rack: null)
04:32:33.706 [HikariPool-1 housekeeper] WARN  com.zaxxer.hikari.pool.HikariPool - HikariPool-1 - Thread starvation or clock leap detected (housekeeper delta=16m27s899ms).
05:48:57.307 [kafka-coordinator-heartbeat-thread | test] INFO  o.a.k.c.c.i.ConsumerCoordinator - [Consumer clientId=spring-kafka-client-0, groupId=test] Group coordinator localhost:9092 (id: 2147483646 rack: null) is unavailable or invalid due to cause: session timed out without receiving a heartbeat response. isDisconnected: false. Rediscovery will be attempted.
05:48:57.312 [kafka-coordinator-heartbeat-thread | test] INFO  o.a.k.c.c.i.ConsumerCoordinator - [Consumer clientId=spring-kafka-client-0, groupId=test] Requesting disconnect from last known coordinator localhost:9092 (id: 2147483646 rack: null)
05:48:57.312 [kafka-coordinator-heartbeat-thread | test] INFO  o.apache.kafka.clients.NetworkClient - [Consumer clientId=spring-kafka-client-0, groupId=test] Client requested disconnect from node 2147483646
05:48:57.314 [org.springframework.kafka.KafkaListenerEndpointContainer#0-0-C-1] INFO  o.a.k.c.c.i.ConsumerCoordinator - [Consumer clientId=spring-kafka-client-0, groupId=test] Discovered group coordinator localhost:9092 (id: 2147483646 rack: null)
05:48:57.315 [org.springframework.kafka.KafkaListenerEndpointContainer#0-0-C-1] INFO  o.a.k.c.c.i.ConsumerCoordinator - [Consumer clientId=spring-kafka-client-0, groupId=test] Group coordinator localhost:9092 (id: 2147483646 rack: null) is unavailable or invalid due to cause: coordinator unavailable. isDisconnected: false. Rediscovery will be attempted.
05:48:57.315 [org.springframework.kafka.KafkaListenerEndpointContainer#0-0-C-1] INFO  o.a.k.c.c.i.ConsumerCoordinator - [Consumer clientId=spring-kafka-client-0, groupId=test] Requesting disconnect from last known coordinator localhost:9092 (id: 2147483646 rack: null)
05:48:57.406 [org.springframework.kafka.KafkaListenerEndpointContainer#0-0-C-1] INFO  o.a.k.c.c.i.ConsumerCoordinator - [Consumer clientId=spring-kafka-client-0, groupId=test] Discovered group coordinator localhost:9092 (id: 2147483646 rack: null)
05:49:26.670 [HikariPool-1 housekeeper] WARN  com.zaxxer.hikari.pool.HikariPool - HikariPool-1 - Thread starvation or clock leap detected (housekeeper delta=16m52s188ms).
06:59:36.546 [kafka-coordinator-heartbeat-thread | test] INFO  o.a.k.c.c.i.ConsumerCoordinator - [Consumer clientId=spring-kafka-client-0, groupId=test] Group coordinator localhost:9092 (id: 2147483646 rack: null) is unavailable or invalid due to cause: session timed out without receiving a heartbeat response. isDisconnected: false. Rediscovery will be attempted.
06:59:36.550 [kafka-coordinator-heartbeat-thread | test] INFO  o.a.k.c.c.i.ConsumerCoordinator - [Consumer clientId=spring-kafka-client-0, groupId=test] Requesting disconnect from last known coordinator localhost:9092 (id: 2147483646 rack: null)
06:59:36.550 [kafka-coordinator-heartbeat-thread | test] INFO  o.apache.kafka.clients.NetworkClient - [Consumer clientId=spring-kafka-client-0, groupId=test] Client requested disconnect from node 2147483646
06:59:36.554 [org.springframework.kafka.KafkaListenerEndpointContainer#0-0-C-1] INFO  o.a.k.c.c.i.ConsumerCoordinator - [Consumer clientId=spring-kafka-client-0, groupId=test] Discovered group coordinator localhost:9092 (id: 2147483646 rack: null)
06:59:36.554 [org.springframework.kafka.KafkaListenerEndpointContainer#0-0-C-1] INFO  o.a.k.c.c.i.ConsumerCoordinator - [Consumer clientId=spring-kafka-client-0, groupId=test] Group coordinator localhost:9092 (id: 2147483646 rack: null) is unavailable or invalid due to cause: coordinator unavailable. isDisconnected: false. Rediscovery will be attempted.
06:59:36.555 [org.springframework.kafka.KafkaListenerEndpointContainer#0-0-C-1] INFO  o.a.k.c.c.i.ConsumerCoordinator - [Consumer clientId=spring-kafka-client-0, groupId=test] Requesting disconnect from last known coordinator localhost:9092 (id: 2147483646 rack: null)
06:59:36.668 [org.springframework.kafka.KafkaListenerEndpointContainer#0-0-C-1] INFO  o.a.k.c.c.i.ConsumerCoordinator - [Consumer clientId=spring-kafka-client-0, groupId=test] Discovered group coordinator localhost:9092 (id: 2147483646 rack: null)
07:00:05.554 [HikariPool-1 housekeeper] WARN  com.zaxxer.hikari.pool.HikariPool - HikariPool-1 - Thread starvation or clock leap detected (housekeeper delta=10m38s176ms).
08:00:55.899 [org.springframework.kafka.KafkaListenerEndpointContainer#0-0-C-1] INFO  o.apache.kafka.clients.NetworkClient - [Consumer clientId=spring-kafka-client-0, groupId=test] Disconnecting from node 1 due to request timeout.
08:00:55.909 [kafka-coordinator-heartbeat-thread | test] INFO  o.a.k.c.c.i.ConsumerCoordinator - [Consumer clientId=spring-kafka-client-0, groupId=test] Group coordinator localhost:9092 (id: 2147483646 rack: null) is unavailable or invalid due to cause: session timed out without receiving a heartbeat response. isDisconnected: false. Rediscovery will be attempted.
08:00:55.909 [kafka-coordinator-heartbeat-thread | test] INFO  o.a.k.c.c.i.ConsumerCoordinator - [Consumer clientId=spring-kafka-client-0, groupId=test] Requesting disconnect from last known coordinator localhost:9092 (id: 2147483646 rack: null)
08:00:55.909 [kafka-coordinator-heartbeat-thread | test] INFO  o.apache.kafka.clients.NetworkClient - [Consumer clientId=spring-kafka-client-0, groupId=test] Client requested disconnect from node 2147483646
08:00:55.909 [org.springframework.kafka.KafkaListenerEndpointContainer#0-0-C-1] INFO  o.a.k.clients.FetchSessionHandler - [Consumer clientId=spring-kafka-client-0, groupId=test] Error sending fetch request (sessionId=938277878, epoch=55690) to node 1:
org.apache.kafka.common.errors.DisconnectException: null
08:00:55.948 [org.springframework.kafka.KafkaListenerEndpointContainer#0-0-C-1] INFO  o.a.k.c.c.i.ConsumerCoordinator - [Consumer clientId=spring-kafka-client-0, groupId=test] Discovered group coordinator localhost:9092 (id: 2147483646 rack: null)
08:00:55.949 [org.springframework.kafka.KafkaListenerEndpointContainer#0-0-C-1] INFO  o.a.k.c.c.i.ConsumerCoordinator - [Consumer clientId=spring-kafka-client-0, groupId=test] Group coordinator localhost:9092 (id: 2147483646 rack: null) is unavailable or invalid due to cause: coordinator unavailable. isDisconnected: false. Rediscovery will be attempted.
08:00:55.949 [org.springframework.kafka.KafkaListenerEndpointContainer#0-0-C-1] INFO  o.a.k.c.c.i.ConsumerCoordinator - [Consumer clientId=spring-kafka-client-0, groupId=test] Requesting disconnect from last known coordinator localhost:9092 (id: 2147483646 rack: null)
08:00:56.074 [org.springframework.kafka.KafkaListenerEndpointContainer#0-0-C-1] INFO  o.a.k.c.c.i.ConsumerCoordinator - [Consumer clientId=spring-kafka-client-0, groupId=test] Discovered group coordinator localhost:9092 (id: 2147483646 rack: null)
08:00:56.510 [HikariPool-1 housekeeper] WARN  com.zaxxer.hikari.pool.HikariPool - HikariPool-1 - Thread starvation or clock leap detected (housekeeper delta=1m20s224ms).
09:00:35.049 [kafka-coordinator-heartbeat-thread | test] INFO  o.a.k.c.c.i.ConsumerCoordinator - [Consumer clientId=spring-kafka-client-0, groupId=test] Group coordinator localhost:9092 (id: 2147483646 rack: null) is unavailable or invalid due to cause: session timed out without receiving a heartbeat response. isDisconnected: false. Rediscovery will be attempted.
09:00:35.049 [kafka-coordinator-heartbeat-thread | test] INFO  o.a.k.c.c.i.ConsumerCoordinator - [Consumer clientId=spring-kafka-client-0, groupId=test] Requesting disconnect from last known coordinator localhost:9092 (id: 2147483646 rack: null)
09:00:35.050 [kafka-coordinator-heartbeat-thread | test] INFO  o.apache.kafka.clients.NetworkClient - [Consumer clientId=spring-kafka-client-0, groupId=test] Client requested disconnect from node 2147483646
09:00:35.057 [org.springframework.kafka.KafkaListenerEndpointContainer#0-0-C-1] INFO  o.a.k.c.c.i.ConsumerCoordinator - [Consumer clientId=spring-kafka-client-0, groupId=test] Discovered group coordinator localhost:9092 (id: 2147483646 rack: null)
09:00:35.057 [org.springframework.kafka.KafkaListenerEndpointContainer#0-0-C-1] INFO  o.a.k.c.c.i.ConsumerCoordinator - [Consumer clientId=spring-kafka-client-0, groupId=test] Group coordinator localhost:9092 (id: 2147483646 rack: null) is unavailable or invalid due to cause: coordinator unavailable. isDisconnected: false. Rediscovery will be attempted.
09:00:35.057 [org.springframework.kafka.KafkaListenerEndpointContainer#0-0-C-1] INFO  o.a.k.c.c.i.ConsumerCoordinator - [Consumer clientId=spring-kafka-client-0, groupId=test] Requesting disconnect from last known coordinator localhost:9092 (id: 2147483646 rack: null)
09:00:35.152 [org.springframework.kafka.KafkaListenerEndpointContainer#0-0-C-1] INFO  o.a.k.c.c.i.ConsumerCoordinator - [Consumer clientId=spring-kafka-client-0, groupId=test] Discovered group coordinator localhost:9092 (id: 2147483646 rack: null)
09:00:57.023 [HikariPool-1 housekeeper] WARN  com.zaxxer.hikari.pool.HikariPool - HikariPool-1 - Thread starvation or clock leap detected (housekeeper delta=1h509ms).
10:01:32.730 [kafka-coordinator-heartbeat-thread | test] INFO  o.a.k.c.c.i.ConsumerCoordinator - [Consumer clientId=spring-kafka-client-0, groupId=test] Group coordinator localhost:9092 (id: 2147483646 rack: null) is unavailable or invalid due to cause: session timed out without receiving a heartbeat response. isDisconnected: false. Rediscovery will be attempted.
10:01:32.736 [kafka-coordinator-heartbeat-thread | test] INFO  o.a.k.c.c.i.ConsumerCoordinator - [Consumer clientId=spring-kafka-client-0, groupId=test] Requesting disconnect from last known coordinator localhost:9092 (id: 2147483646 rack: null)
10:01:32.738 [kafka-coordinator-heartbeat-thread | test] INFO  o.apache.kafka.clients.NetworkClient - [Consumer clientId=spring-kafka-client-0, groupId=test] Client requested disconnect from node 2147483646
10:01:32.881 [org.springframework.kafka.KafkaListenerEndpointContainer#0-0-C-1] INFO  o.a.k.c.c.i.ConsumerCoordinator - [Consumer clientId=spring-kafka-client-0, groupId=test] Discovered group coordinator localhost:9092 (id: 2147483646 rack: null)
11:02:30.898 [kafka-coordinator-heartbeat-thread | test] INFO  o.a.k.c.c.i.ConsumerCoordinator - [Consumer clientId=spring-kafka-client-0, groupId=test] Group coordinator localhost:9092 (id: 2147483646 rack: null) is unavailable or invalid due to cause: session timed out without receiving a heartbeat response. isDisconnected: false. Rediscovery will be attempted.
11:02:30.898 [kafka-coordinator-heartbeat-thread | test] INFO  o.a.k.c.c.i.ConsumerCoordinator - [Consumer clientId=spring-kafka-client-0, groupId=test] Requesting disconnect from last known coordinator localhost:9092 (id: 2147483646 rack: null)
11:02:30.898 [kafka-coordinator-heartbeat-thread | test] INFO  o.apache.kafka.clients.NetworkClient - [Consumer clientId=spring-kafka-client-0, groupId=test] Client requested disconnect from node 2147483646
11:02:30.901 [org.springframework.kafka.KafkaListenerEndpointContainer#0-0-C-1] INFO  o.a.k.c.c.i.ConsumerCoordinator - [Consumer clientId=spring-kafka-client-0, groupId=test] Discovered group coordinator localhost:9092 (id: 2147483646 rack: null)
11:02:30.901 [org.springframework.kafka.KafkaListenerEndpointContainer#0-0-C-1] INFO  o.a.k.c.c.i.ConsumerCoordinator - [Consumer clientId=spring-kafka-client-0, groupId=test] Group coordinator localhost:9092 (id: 2147483646 rack: null) is unavailable or invalid due to cause: coordinator unavailable. isDisconnected: false. Rediscovery will be attempted.
11:02:30.901 [org.springframework.kafka.KafkaListenerEndpointContainer#0-0-C-1] INFO  o.a.k.c.c.i.ConsumerCoordinator - [Consumer clientId=spring-kafka-client-0, groupId=test] Requesting disconnect from last known coordinator localhost:9092 (id: 2147483646 rack: null)
11:02:30.993 [org.springframework.kafka.KafkaListenerEndpointContainer#0-0-C-1] INFO  o.a.k.c.c.i.ConsumerCoordinator - [Consumer clientId=spring-kafka-client-0, groupId=test] Discovered group coordinator localhost:9092 (id: 2147483646 rack: null)
11:17:44.530 [kafka-coordinator-heartbeat-thread | test] INFO  o.a.k.c.c.i.ConsumerCoordinator - [Consumer clientId=spring-kafka-client-0, groupId=test] Group coordinator localhost:9092 (id: 2147483646 rack: null) is unavailable or invalid due to cause: session timed out without receiving a heartbeat response. isDisconnected: false. Rediscovery will be attempted.
11:17:44.530 [kafka-coordinator-heartbeat-thread | test] INFO  o.a.k.c.c.i.ConsumerCoordinator - [Consumer clientId=spring-kafka-client-0, groupId=test] Requesting disconnect from last known coordinator localhost:9092 (id: 2147483646 rack: null)
11:17:44.530 [kafka-coordinator-heartbeat-thread | test] INFO  o.apache.kafka.clients.NetworkClient - [Consumer clientId=spring-kafka-client-0, groupId=test] Client requested disconnect from node 2147483646
11:17:44.532 [org.springframework.kafka.KafkaListenerEndpointContainer#0-0-C-1] INFO  o.a.k.c.c.i.ConsumerCoordinator - [Consumer clientId=spring-kafka-client-0, groupId=test] Discovered group coordinator localhost:9092 (id: 2147483646 rack: null)
11:17:44.532 [org.springframework.kafka.KafkaListenerEndpointContainer#0-0-C-1] INFO  o.a.k.c.c.i.ConsumerCoordinator - [Consumer clientId=spring-kafka-client-0, groupId=test] Group coordinator localhost:9092 (id: 2147483646 rack: null) is unavailable or invalid due to cause: coordinator unavailable. isDisconnected: false. Rediscovery will be attempted.
11:17:44.532 [org.springframework.kafka.KafkaListenerEndpointContainer#0-0-C-1] INFO  o.a.k.c.c.i.ConsumerCoordinator - [Consumer clientId=spring-kafka-client-0, groupId=test] Requesting disconnect from last known coordinator localhost:9092 (id: 2147483646 rack: null)
11:17:44.645 [org.springframework.kafka.KafkaListenerEndpointContainer#0-0-C-1] INFO  o.a.k.c.c.i.ConsumerCoordinator - [Consumer clientId=spring-kafka-client-0, groupId=test] Discovered group coordinator localhost:9092 (id: 2147483646 rack: null)
12:03:28.780 [kafka-coordinator-heartbeat-thread | test] INFO  o.a.k.c.c.i.ConsumerCoordinator - [Consumer clientId=spring-kafka-client-0, groupId=test] Group coordinator localhost:9092 (id: 2147483646 rack: null) is unavailable or invalid due to cause: session timed out without receiving a heartbeat response. isDisconnected: false. Rediscovery will be attempted.
12:03:28.781 [kafka-coordinator-heartbeat-thread | test] INFO  o.a.k.c.c.i.ConsumerCoordinator - [Consumer clientId=spring-kafka-client-0, groupId=test] Requesting disconnect from last known coordinator localhost:9092 (id: 2147483646 rack: null)
12:03:28.781 [kafka-coordinator-heartbeat-thread | test] INFO  o.apache.kafka.clients.NetworkClient - [Consumer clientId=spring-kafka-client-0, groupId=test] Client requested disconnect from node 2147483646
12:03:28.788 [org.springframework.kafka.KafkaListenerEndpointContainer#0-0-C-1] INFO  o.a.k.c.c.i.ConsumerCoordinator - [Consumer clientId=spring-kafka-client-0, groupId=test] Discovered group coordinator localhost:9092 (id: 2147483646 rack: null)
12:03:28.789 [org.springframework.kafka.KafkaListenerEndpointContainer#0-0-C-1] INFO  o.a.k.c.c.i.ConsumerCoordinator - [Consumer clientId=spring-kafka-client-0, groupId=test] Group coordinator localhost:9092 (id: 2147483646 rack: null) is unavailable or invalid due to cause: coordinator unavailable. isDisconnected: false. Rediscovery will be attempted.
12:03:28.789 [org.springframework.kafka.KafkaListenerEndpointContainer#0-0-C-1] INFO  o.a.k.c.c.i.ConsumerCoordinator - [Consumer clientId=spring-kafka-client-0, groupId=test] Requesting disconnect from last known coordinator localhost:9092 (id: 2147483646 rack: null)
12:03:28.897 [org.springframework.kafka.KafkaListenerEndpointContainer#0-0-C-1] INFO  o.a.k.c.c.i.ConsumerCoordinator - [Consumer clientId=spring-kafka-client-0, groupId=test] Discovered group coordinator localhost:9092 (id: 2147483646 rack: null)
13:04:26.331 [kafka-coordinator-heartbeat-thread | test] INFO  o.a.k.c.c.i.ConsumerCoordinator - [Consumer clientId=spring-kafka-client-0, groupId=test] Group coordinator localhost:9092 (id: 2147483646 rack: null) is unavailable or invalid due to cause: session timed out without receiving a heartbeat response. isDisconnected: false. Rediscovery will be attempted.
13:04:26.331 [kafka-coordinator-heartbeat-thread | test] INFO  o.a.k.c.c.i.ConsumerCoordinator - [Consumer clientId=spring-kafka-client-0, groupId=test] Requesting disconnect from last known coordinator localhost:9092 (id: 2147483646 rack: null)
13:04:26.331 [kafka-coordinator-heartbeat-thread | test] INFO  o.apache.kafka.clients.NetworkClient - [Consumer clientId=spring-kafka-client-0, groupId=test] Client requested disconnect from node 2147483646
13:04:26.335 [org.springframework.kafka.KafkaListenerEndpointContainer#0-0-C-1] INFO  o.a.k.c.c.i.ConsumerCoordinator - [Consumer clientId=spring-kafka-client-0, groupId=test] Discovered group coordinator localhost:9092 (id: 2147483646 rack: null)
13:04:26.336 [org.springframework.kafka.KafkaListenerEndpointContainer#0-0-C-1] INFO  o.a.k.c.c.i.ConsumerCoordinator - [Consumer clientId=spring-kafka-client-0, groupId=test] Group coordinator localhost:9092 (id: 2147483646 rack: null) is unavailable or invalid due to cause: coordinator unavailable. isDisconnected: false. Rediscovery will be attempted.
13:04:26.336 [org.springframework.kafka.KafkaListenerEndpointContainer#0-0-C-1] INFO  o.a.k.c.c.i.ConsumerCoordinator - [Consumer clientId=spring-kafka-client-0, groupId=test] Requesting disconnect from last known coordinator localhost:9092 (id: 2147483646 rack: null)
13:04:26.474 [org.springframework.kafka.KafkaListenerEndpointContainer#0-0-C-1] INFO  o.a.k.c.c.i.ConsumerCoordinator - [Consumer clientId=spring-kafka-client-0, groupId=test] Discovered group coordinator localhost:9092 (id: 2147483646 rack: null)
13:04:28.112 [HikariPool-1 housekeeper] WARN  com.zaxxer.hikari.pool.HikariPool - HikariPool-1 - Thread starvation or clock leap detected (housekeeper delta=4h3m31s92ms).
13:22:10.677 [kafka-coordinator-heartbeat-thread | test] INFO  o.a.k.c.c.i.ConsumerCoordinator - [Consumer clientId=spring-kafka-client-0, groupId=test] Group coordinator localhost:9092 (id: 2147483646 rack: null) is unavailable or invalid due to cause: session timed out without receiving a heartbeat response. isDisconnected: false. Rediscovery will be attempted.
13:22:10.677 [kafka-coordinator-heartbeat-thread | test] INFO  o.a.k.c.c.i.ConsumerCoordinator - [Consumer clientId=spring-kafka-client-0, groupId=test] Requesting disconnect from last known coordinator localhost:9092 (id: 2147483646 rack: null)
13:22:10.677 [kafka-coordinator-heartbeat-thread | test] INFO  o.apache.kafka.clients.NetworkClient - [Consumer clientId=spring-kafka-client-0, groupId=test] Client requested disconnect from node 2147483646
13:22:10.678 [org.springframework.kafka.KafkaListenerEndpointContainer#0-0-C-1] INFO  o.a.k.c.c.i.ConsumerCoordinator - [Consumer clientId=spring-kafka-client-0, groupId=test] Discovered group coordinator localhost:9092 (id: 2147483646 rack: null)
13:22:10.678 [org.springframework.kafka.KafkaListenerEndpointContainer#0-0-C-1] INFO  o.a.k.c.c.i.ConsumerCoordinator - [Consumer clientId=spring-kafka-client-0, groupId=test] Group coordinator localhost:9092 (id: 2147483646 rack: null) is unavailable or invalid due to cause: coordinator unavailable. isDisconnected: false. Rediscovery will be attempted.
13:22:10.678 [org.springframework.kafka.KafkaListenerEndpointContainer#0-0-C-1] INFO  o.a.k.c.c.i.ConsumerCoordinator - [Consumer clientId=spring-kafka-client-0, groupId=test] Requesting disconnect from last known coordinator localhost:9092 (id: 2147483646 rack: null)
13:22:10.794 [org.springframework.kafka.KafkaListenerEndpointContainer#0-0-C-1] INFO  o.a.k.c.c.i.ConsumerCoordinator - [Consumer clientId=spring-kafka-client-0, groupId=test] Discovered group coordinator localhost:9092 (id: 2147483646 rack: null)
14:05:24.374 [org.springframework.kafka.KafkaListenerEndpointContainer#0-0-C-1] INFO  o.apache.kafka.clients.NetworkClient - [Consumer clientId=spring-kafka-client-0, groupId=test] Disconnecting from node 1 due to request timeout.
14:05:24.374 [kafka-coordinator-heartbeat-thread | test] INFO  o.a.k.c.c.i.ConsumerCoordinator - [Consumer clientId=spring-kafka-client-0, groupId=test] Group coordinator localhost:9092 (id: 2147483646 rack: null) is unavailable or invalid due to cause: session timed out without receiving a heartbeat response. isDisconnected: false. Rediscovery will be attempted.
14:05:24.374 [org.springframework.kafka.KafkaListenerEndpointContainer#0-0-C-1] INFO  o.a.k.clients.FetchSessionHandler - [Consumer clientId=spring-kafka-client-0, groupId=test] Error sending fetch request (sessionId=1160179986, epoch=118) to node 1:
org.apache.kafka.common.errors.DisconnectException: null
14:05:24.375 [kafka-coordinator-heartbeat-thread | test] INFO  o.a.k.c.c.i.ConsumerCoordinator - [Consumer clientId=spring-kafka-client-0, groupId=test] Requesting disconnect from last known coordinator localhost:9092 (id: 2147483646 rack: null)
14:05:24.375 [kafka-coordinator-heartbeat-thread | test] INFO  o.apache.kafka.clients.NetworkClient - [Consumer clientId=spring-kafka-client-0, groupId=test] Client requested disconnect from node 2147483646
14:05:24.471 [org.springframework.kafka.KafkaListenerEndpointContainer#0-0-C-1] INFO  o.a.k.c.c.i.ConsumerCoordinator - [Consumer clientId=spring-kafka-client-0, groupId=test] Discovered group coordinator localhost:9092 (id: 2147483646 rack: null)
15:06:22.352 [org.springframework.kafka.KafkaListenerEndpointContainer#0-0-C-1] INFO  o.apache.kafka.clients.NetworkClient - [Consumer clientId=spring-kafka-client-0, groupId=test] Disconnecting from node 1 due to request timeout.
15:06:22.354 [org.springframework.kafka.KafkaListenerEndpointContainer#0-0-C-1] INFO  o.a.k.clients.FetchSessionHandler - [Consumer clientId=spring-kafka-client-0, groupId=test] Error sending fetch request (sessionId=1403979663, epoch=24) to node 1:
org.apache.kafka.common.errors.DisconnectException: null
15:06:22.354 [kafka-coordinator-heartbeat-thread | test] INFO  o.a.k.c.c.i.ConsumerCoordinator - [Consumer clientId=spring-kafka-client-0, groupId=test] Group coordinator localhost:9092 (id: 2147483646 rack: null) is unavailable or invalid due to cause: session timed out without receiving a heartbeat response. isDisconnected: false. Rediscovery will be attempted.
15:06:22.354 [kafka-coordinator-heartbeat-thread | test] INFO  o.a.k.c.c.i.ConsumerCoordinator - [Consumer clientId=spring-kafka-client-0, groupId=test] Requesting disconnect from last known coordinator localhost:9092 (id: 2147483646 rack: null)
15:06:22.354 [kafka-coordinator-heartbeat-thread | test] INFO  o.apache.kafka.clients.NetworkClient - [Consumer clientId=spring-kafka-client-0, groupId=test] Client requested disconnect from node 2147483646
15:06:22.487 [org.springframework.kafka.KafkaListenerEndpointContainer#0-0-C-1] INFO  o.a.k.c.c.i.ConsumerCoordinator - [Consumer clientId=spring-kafka-client-0, groupId=test] Discovered group coordinator localhost:9092 (id: 2147483646 rack: null)
15:06:25.043 [HikariPool-1 housekeeper] WARN  com.zaxxer.hikari.pool.HikariPool - HikariPool-1 - Thread starvation or clock leap detected (housekeeper delta=2h1m56s930ms).
16:07:20.118 [kafka-coordinator-heartbeat-thread | test] INFO  o.a.k.c.c.i.ConsumerCoordinator - [Consumer clientId=spring-kafka-client-0, groupId=test] Group coordinator localhost:9092 (id: 2147483646 rack: null) is unavailable or invalid due to cause: session timed out without receiving a heartbeat response. isDisconnected: false. Rediscovery will be attempted.
16:07:20.118 [kafka-coordinator-heartbeat-thread | test] INFO  o.a.k.c.c.i.ConsumerCoordinator - [Consumer clientId=spring-kafka-client-0, groupId=test] Requesting disconnect from last known coordinator localhost:9092 (id: 2147483646 rack: null)
16:07:20.118 [kafka-coordinator-heartbeat-thread | test] INFO  o.apache.kafka.clients.NetworkClient - [Consumer clientId=spring-kafka-client-0, groupId=test] Client requested disconnect from node 2147483646
16:07:20.121 [org.springframework.kafka.KafkaListenerEndpointContainer#0-0-C-1] INFO  o.a.k.c.c.i.ConsumerCoordinator - [Consumer clientId=spring-kafka-client-0, groupId=test] Discovered group coordinator localhost:9092 (id: 2147483646 rack: null)
16:07:20.121 [org.springframework.kafka.KafkaListenerEndpointContainer#0-0-C-1] INFO  o.a.k.c.c.i.ConsumerCoordinator - [Consumer clientId=spring-kafka-client-0, groupId=test] Group coordinator localhost:9092 (id: 2147483646 rack: null) is unavailable or invalid due to cause: coordinator unavailable. isDisconnected: false. Rediscovery will be attempted.
16:07:20.122 [org.springframework.kafka.KafkaListenerEndpointContainer#0-0-C-1] INFO  o.a.k.c.c.i.ConsumerCoordinator - [Consumer clientId=spring-kafka-client-0, groupId=test] Requesting disconnect from last known coordinator localhost:9092 (id: 2147483646 rack: null)
16:07:20.215 [org.springframework.kafka.KafkaListenerEndpointContainer#0-0-C-1] INFO  o.a.k.c.c.i.ConsumerCoordinator - [Consumer clientId=spring-kafka-client-0, groupId=test] Discovered group coordinator localhost:9092 (id: 2147483646 rack: null)
16:11:15.958 [org.springframework.kafka.KafkaListenerEndpointContainer#0-0-C-1] INFO  o.apache.kafka.clients.NetworkClient - [Consumer clientId=spring-kafka-client-0, groupId=test] Disconnecting from node 1 due to request timeout.
16:11:15.959 [org.springframework.kafka.KafkaListenerEndpointContainer#0-0-C-1] INFO  o.a.k.clients.FetchSessionHandler - [Consumer clientId=spring-kafka-client-0, groupId=test] Error sending fetch request (sessionId=1643528041, epoch=50) to node 1:
org.apache.kafka.common.errors.DisconnectException: null
16:11:15.959 [kafka-coordinator-heartbeat-thread | test] INFO  o.a.k.c.c.i.ConsumerCoordinator - [Consumer clientId=spring-kafka-client-0, groupId=test] Group coordinator localhost:9092 (id: 2147483646 rack: null) is unavailable or invalid due to cause: session timed out without receiving a heartbeat response. isDisconnected: false. Rediscovery will be attempted.
16:11:15.959 [kafka-coordinator-heartbeat-thread | test] INFO  o.a.k.c.c.i.ConsumerCoordinator - [Consumer clientId=spring-kafka-client-0, groupId=test] Requesting disconnect from last known coordinator localhost:9092 (id: 2147483646 rack: null)
16:11:15.959 [kafka-coordinator-heartbeat-thread | test] INFO  o.apache.kafka.clients.NetworkClient - [Consumer clientId=spring-kafka-client-0, groupId=test] Client requested disconnect from node 2147483646
16:11:16.058 [org.springframework.kafka.KafkaListenerEndpointContainer#0-0-C-1] INFO  o.a.k.c.c.i.ConsumerCoordinator - [Consumer clientId=spring-kafka-client-0, groupId=test] Discovered group coordinator localhost:9092 (id: 2147483646 rack: null)
16:11:17.902 [HikariPool-1 housekeeper] WARN  com.zaxxer.hikari.pool.HikariPool - HikariPool-1 - Thread starvation or clock leap detected (housekeeper delta=1h4m52s860ms).
17:08:18.241 [kafka-coordinator-heartbeat-thread | test] INFO  o.a.k.c.c.i.ConsumerCoordinator - [Consumer clientId=spring-kafka-client-0, groupId=test] Group coordinator localhost:9092 (id: 2147483646 rack: null) is unavailable or invalid due to cause: session timed out without receiving a heartbeat response. isDisconnected: false. Rediscovery will be attempted.
17:08:18.241 [kafka-coordinator-heartbeat-thread | test] INFO  o.a.k.c.c.i.ConsumerCoordinator - [Consumer clientId=spring-kafka-client-0, groupId=test] Requesting disconnect from last known coordinator localhost:9092 (id: 2147483646 rack: null)
17:08:18.241 [kafka-coordinator-heartbeat-thread | test] INFO  o.apache.kafka.clients.NetworkClient - [Consumer clientId=spring-kafka-client-0, groupId=test] Client requested disconnect from node 2147483646
17:08:18.243 [org.springframework.kafka.KafkaListenerEndpointContainer#0-0-C-1] INFO  o.a.k.c.c.i.ConsumerCoordinator - [Consumer clientId=spring-kafka-client-0, groupId=test] Discovered group coordinator localhost:9092 (id: 2147483646 rack: null)
17:08:18.243 [org.springframework.kafka.KafkaListenerEndpointContainer#0-0-C-1] INFO  o.a.k.c.c.i.ConsumerCoordinator - [Consumer clientId=spring-kafka-client-0, groupId=test] Group coordinator localhost:9092 (id: 2147483646 rack: null) is unavailable or invalid due to cause: coordinator unavailable. isDisconnected: false. Rediscovery will be attempted.
17:08:18.243 [org.springframework.kafka.KafkaListenerEndpointContainer#0-0-C-1] INFO  o.a.k.c.c.i.ConsumerCoordinator - [Consumer clientId=spring-kafka-client-0, groupId=test] Requesting disconnect from last known coordinator localhost:9092 (id: 2147483646 rack: null)
17:08:18.331 [org.springframework.kafka.KafkaListenerEndpointContainer#0-0-C-1] INFO  o.a.k.c.c.i.ConsumerCoordinator - [Consumer clientId=spring-kafka-client-0, groupId=test] Discovered group coordinator localhost:9092 (id: 2147483646 rack: null)
17:23:34.793 [kafka-coordinator-heartbeat-thread | test] INFO  o.a.k.c.c.i.ConsumerCoordinator - [Consumer clientId=spring-kafka-client-0, groupId=test] Group coordinator localhost:9092 (id: 2147483646 rack: null) is unavailable or invalid due to cause: session timed out without receiving a heartbeat response. isDisconnected: false. Rediscovery will be attempted.
17:23:34.793 [kafka-coordinator-heartbeat-thread | test] INFO  o.a.k.c.c.i.ConsumerCoordinator - [Consumer clientId=spring-kafka-client-0, groupId=test] Requesting disconnect from last known coordinator localhost:9092 (id: 2147483646 rack: null)
17:23:34.793 [kafka-coordinator-heartbeat-thread | test] INFO  o.apache.kafka.clients.NetworkClient - [Consumer clientId=spring-kafka-client-0, groupId=test] Client requested disconnect from node 2147483646
17:23:34.816 [org.springframework.kafka.KafkaListenerEndpointContainer#0-0-C-1] INFO  o.a.k.c.c.i.ConsumerCoordinator - [Consumer clientId=spring-kafka-client-0, groupId=test] Discovered group coordinator localhost:9092 (id: 2147483646 rack: null)
17:23:34.816 [org.springframework.kafka.KafkaListenerEndpointContainer#0-0-C-1] INFO  o.a.k.c.c.i.ConsumerCoordinator - [Consumer clientId=spring-kafka-client-0, groupId=test] Group coordinator localhost:9092 (id: 2147483646 rack: null) is unavailable or invalid due to cause: coordinator unavailable. isDisconnected: false. Rediscovery will be attempted.
17:23:34.817 [org.springframework.kafka.KafkaListenerEndpointContainer#0-0-C-1] INFO  o.a.k.c.c.i.ConsumerCoordinator - [Consumer clientId=spring-kafka-client-0, groupId=test] Requesting disconnect from last known coordinator localhost:9092 (id: 2147483646 rack: null)
17:23:34.912 [org.springframework.kafka.KafkaListenerEndpointContainer#0-0-C-1] INFO  o.a.k.c.c.i.ConsumerCoordinator - [Consumer clientId=spring-kafka-client-0, groupId=test] Discovered group coordinator localhost:9092 (id: 2147483646 rack: null)
18:09:16.002 [kafka-coordinator-heartbeat-thread | test] INFO  o.a.k.c.c.i.ConsumerCoordinator - [Consumer clientId=spring-kafka-client-0, groupId=test] Group coordinator localhost:9092 (id: 2147483646 rack: null) is unavailable or invalid due to cause: session timed out without receiving a heartbeat response. isDisconnected: false. Rediscovery will be attempted.
18:09:16.002 [kafka-coordinator-heartbeat-thread | test] INFO  o.a.k.c.c.i.ConsumerCoordinator - [Consumer clientId=spring-kafka-client-0, groupId=test] Requesting disconnect from last known coordinator localhost:9092 (id: 2147483646 rack: null)
18:09:16.002 [kafka-coordinator-heartbeat-thread | test] INFO  o.apache.kafka.clients.NetworkClient - [Consumer clientId=spring-kafka-client-0, groupId=test] Client requested disconnect from node 2147483646
18:09:16.011 [org.springframework.kafka.KafkaListenerEndpointContainer#0-0-C-1] INFO  o.a.k.c.c.i.ConsumerCoordinator - [Consumer clientId=spring-kafka-client-0, groupId=test] Discovered group coordinator localhost:9092 (id: 2147483646 rack: null)
18:09:16.012 [org.springframework.kafka.KafkaListenerEndpointContainer#0-0-C-1] INFO  o.a.k.c.c.i.ConsumerCoordinator - [Consumer clientId=spring-kafka-client-0, groupId=test] Group coordinator localhost:9092 (id: 2147483646 rack: null) is unavailable or invalid due to cause: coordinator unavailable. isDisconnected: false. Rediscovery will be attempted.
18:09:16.012 [org.springframework.kafka.KafkaListenerEndpointContainer#0-0-C-1] INFO  o.a.k.c.c.i.ConsumerCoordinator - [Consumer clientId=spring-kafka-client-0, groupId=test] Requesting disconnect from last known coordinator localhost:9092 (id: 2147483646 rack: null)
18:09:16.104 [org.springframework.kafka.KafkaListenerEndpointContainer#0-0-C-1] INFO  o.a.k.c.c.i.ConsumerCoordinator - [Consumer clientId=spring-kafka-client-0, groupId=test] Discovered group coordinator localhost:9092 (id: 2147483646 rack: null)
18:09:17.126 [HikariPool-1 housekeeper] WARN  com.zaxxer.hikari.pool.HikariPool - HikariPool-1 - Thread starvation or clock leap detected (housekeeper delta=1h57m59s225ms).
19:10:13.026 [kafka-coordinator-heartbeat-thread | test] INFO  o.a.k.c.c.i.ConsumerCoordinator - [Consumer clientId=spring-kafka-client-0, groupId=test] Group coordinator localhost:9092 (id: 2147483646 rack: null) is unavailable or invalid due to cause: session timed out without receiving a heartbeat response. isDisconnected: false. Rediscovery will be attempted.
19:10:13.026 [kafka-coordinator-heartbeat-thread | test] INFO  o.a.k.c.c.i.ConsumerCoordinator - [Consumer clientId=spring-kafka-client-0, groupId=test] Requesting disconnect from last known coordinator localhost:9092 (id: 2147483646 rack: null)
19:10:13.026 [kafka-coordinator-heartbeat-thread | test] INFO  o.apache.kafka.clients.NetworkClient - [Consumer clientId=spring-kafka-client-0, groupId=test] Client requested disconnect from node 2147483646
19:10:13.027 [org.springframework.kafka.KafkaListenerEndpointContainer#0-0-C-1] INFO  o.a.k.c.c.i.ConsumerCoordinator - [Consumer clientId=spring-kafka-client-0, groupId=test] Discovered group coordinator localhost:9092 (id: 2147483646 rack: null)
19:10:13.027 [org.springframework.kafka.KafkaListenerEndpointContainer#0-0-C-1] INFO  o.a.k.c.c.i.ConsumerCoordinator - [Consumer clientId=spring-kafka-client-0, groupId=test] Group coordinator localhost:9092 (id: 2147483646 rack: null) is unavailable or invalid due to cause: coordinator unavailable. isDisconnected: false. Rediscovery will be attempted.
19:10:13.027 [org.springframework.kafka.KafkaListenerEndpointContainer#0-0-C-1] INFO  o.a.k.c.c.i.ConsumerCoordinator - [Consumer clientId=spring-kafka-client-0, groupId=test] Requesting disconnect from last known coordinator localhost:9092 (id: 2147483646 rack: null)
19:10:13.119 [org.springframework.kafka.KafkaListenerEndpointContainer#0-0-C-1] INFO  o.a.k.c.c.i.ConsumerCoordinator - [Consumer clientId=spring-kafka-client-0, groupId=test] Discovered group coordinator localhost:9092 (id: 2147483646 rack: null)
19:27:11.826 [org.springframework.kafka.KafkaListenerEndpointContainer#0-0-C-1] INFO  o.apache.kafka.clients.NetworkClient - [Consumer clientId=spring-kafka-client-0, groupId=test] Disconnecting from node 1 due to request timeout.
19:27:11.828 [kafka-coordinator-heartbeat-thread | test] INFO  o.a.k.c.c.i.ConsumerCoordinator - [Consumer clientId=spring-kafka-client-0, groupId=test] Group coordinator localhost:9092 (id: 2147483646 rack: null) is unavailable or invalid due to cause: session timed out without receiving a heartbeat response. isDisconnected: false. Rediscovery will be attempted.
19:27:11.828 [kafka-coordinator-heartbeat-thread | test] INFO  o.a.k.c.c.i.ConsumerCoordinator - [Consumer clientId=spring-kafka-client-0, groupId=test] Requesting disconnect from last known coordinator localhost:9092 (id: 2147483646 rack: null)
19:27:11.828 [kafka-coordinator-heartbeat-thread | test] INFO  o.apache.kafka.clients.NetworkClient - [Consumer clientId=spring-kafka-client-0, groupId=test] Client requested disconnect from node 2147483646
19:27:11.828 [org.springframework.kafka.KafkaListenerEndpointContainer#0-0-C-1] INFO  o.a.k.clients.FetchSessionHandler - [Consumer clientId=spring-kafka-client-0, groupId=test] Error sending fetch request (sessionId=2145014175, epoch=93) to node 1:
org.apache.kafka.common.errors.DisconnectException: null
19:27:11.951 [org.springframework.kafka.KafkaListenerEndpointContainer#0-0-C-1] INFO  o.a.k.c.c.i.ConsumerCoordinator - [Consumer clientId=spring-kafka-client-0, groupId=test] Discovered group coordinator localhost:9092 (id: 2147483646 rack: null)
19:27:16.358 [HikariPool-1 housekeeper] WARN  com.zaxxer.hikari.pool.HikariPool - HikariPool-1 - Thread starvation or clock leap detected (housekeeper delta=1h17m59s232ms).
20:05:06.489 [kafka-coordinator-heartbeat-thread | test] INFO  o.a.k.c.c.i.ConsumerCoordinator - [Consumer clientId=spring-kafka-client-0, groupId=test] Group coordinator localhost:9092 (id: 2147483646 rack: null) is unavailable or invalid due to cause: session timed out without receiving a heartbeat response. isDisconnected: false. Rediscovery will be attempted.
20:05:06.490 [kafka-coordinator-heartbeat-thread | test] INFO  o.a.k.c.c.i.ConsumerCoordinator - [Consumer clientId=spring-kafka-client-0, groupId=test] Requesting disconnect from last known coordinator localhost:9092 (id: 2147483646 rack: null)
20:05:06.490 [kafka-coordinator-heartbeat-thread | test] INFO  o.apache.kafka.clients.NetworkClient - [Consumer clientId=spring-kafka-client-0, groupId=test] Client requested disconnect from node 2147483646
20:05:06.492 [org.springframework.kafka.KafkaListenerEndpointContainer#0-0-C-1] INFO  o.a.k.c.c.i.ConsumerCoordinator - [Consumer clientId=spring-kafka-client-0, groupId=test] Discovered group coordinator localhost:9092 (id: 2147483646 rack: null)
20:05:06.492 [org.springframework.kafka.KafkaListenerEndpointContainer#0-0-C-1] INFO  o.a.k.c.c.i.ConsumerCoordinator - [Consumer clientId=spring-kafka-client-0, groupId=test] Group coordinator localhost:9092 (id: 2147483646 rack: null) is unavailable or invalid due to cause: coordinator unavailable. isDisconnected: false. Rediscovery will be attempted.
20:05:06.492 [org.springframework.kafka.KafkaListenerEndpointContainer#0-0-C-1] INFO  o.a.k.c.c.i.ConsumerCoordinator - [Consumer clientId=spring-kafka-client-0, groupId=test] Requesting disconnect from last known coordinator localhost:9092 (id: 2147483646 rack: null)
20:05:06.605 [org.springframework.kafka.KafkaListenerEndpointContainer#0-0-C-1] INFO  o.a.k.c.c.i.ConsumerCoordinator - [Consumer clientId=spring-kafka-client-0, groupId=test] Discovered group coordinator localhost:9092 (id: 2147483646 rack: null)
20:10:39.986 [org.springframework.kafka.KafkaListenerEndpointContainer#0-0-C-1] INFO  o.apache.kafka.clients.NetworkClient - [Consumer clientId=spring-kafka-client-0, groupId=test] Disconnecting from node 1 due to request timeout.
20:10:40.047 [kafka-coordinator-heartbeat-thread | test] INFO  o.a.k.c.c.i.ConsumerCoordinator - [Consumer clientId=spring-kafka-client-0, groupId=test] Group coordinator localhost:9092 (id: 2147483646 rack: null) is unavailable or invalid due to cause: session timed out without receiving a heartbeat response. isDisconnected: false. Rediscovery will be attempted.
20:10:40.048 [kafka-coordinator-heartbeat-thread | test] INFO  o.a.k.c.c.i.ConsumerCoordinator - [Consumer clientId=spring-kafka-client-0, groupId=test] Requesting disconnect from last known coordinator localhost:9092 (id: 2147483646 rack: null)
20:10:40.059 [kafka-coordinator-heartbeat-thread | test] INFO  o.apache.kafka.clients.NetworkClient - [Consumer clientId=spring-kafka-client-0, groupId=test] Client requested disconnect from node 2147483646
20:10:40.047 [org.springframework.kafka.KafkaListenerEndpointContainer#0-0-C-1] INFO  o.a.k.clients.FetchSessionHandler - [Consumer clientId=spring-kafka-client-0, groupId=test] Error sending fetch request (sessionId=155249307, epoch=27) to node 1:
org.apache.kafka.common.errors.DisconnectException: null
20:10:41.040 [org.springframework.kafka.KafkaListenerEndpointContainer#0-0-C-1] INFO  o.a.k.c.c.i.ConsumerCoordinator - [Consumer clientId=spring-kafka-client-0, groupId=test] Discovered group coordinator localhost:9092 (id: 2147483646 rack: null)
20:10:57.366 [HikariPool-1 housekeeper] WARN  com.zaxxer.hikari.pool.HikariPool - HikariPool-1 - Thread starvation or clock leap detected (housekeeper delta=43m41s8ms).
23:43:59.216 [kafka-coordinator-heartbeat-thread | test] INFO  o.a.k.c.c.i.ConsumerCoordinator - [Consumer clientId=spring-kafka-client-0, groupId=test] Group coordinator localhost:9092 (id: 2147483646 rack: null) is unavailable or invalid due to cause: session timed out without receiving a heartbeat response. isDisconnected: false. Rediscovery will be attempted.
23:43:59.239 [kafka-coordinator-heartbeat-thread | test] INFO  o.a.k.c.c.i.ConsumerCoordinator - [Consumer clientId=spring-kafka-client-0, groupId=test] Requesting disconnect from last known coordinator localhost:9092 (id: 2147483646 rack: null)
23:43:59.240 [kafka-coordinator-heartbeat-thread | test] INFO  o.apache.kafka.clients.NetworkClient - [Consumer clientId=spring-kafka-client-0, groupId=test] Client requested disconnect from node 2147483646
23:43:59.334 [org.springframework.kafka.KafkaListenerEndpointContainer#0-0-C-1] INFO  o.a.k.c.c.i.ConsumerCoordinator - [Consumer clientId=spring-kafka-client-0, groupId=test] Discovered group coordinator localhost:9092 (id: 2147483646 rack: null)
23:44:09.262 [HikariPool-1 housekeeper] WARN  com.zaxxer.hikari.pool.HikariPool - HikariPool-1 - Thread starvation or clock leap detected (housekeeper delta=42m37s652ms).
