01:02:20.036 [kafka-coordinator-heartbeat-thread | test] INFO  o.a.k.c.c.i.ConsumerCoordinator - [Consumer clientId=spring-kafka-client-0, groupId=test] Group coordinator localhost:9092 (id: 2147483646 rack: null) is unavailable or invalid due to cause: session timed out without receiving a heartbeat response. isDisconnected: false. Rediscovery will be attempted.
01:02:20.036 [kafka-coordinator-heartbeat-thread | test] INFO  o.a.k.c.c.i.ConsumerCoordinator - [Consumer clientId=spring-kafka-client-0, groupId=test] Requesting disconnect from last known coordinator localhost:9092 (id: 2147483646 rack: null)
01:02:20.036 [kafka-coordinator-heartbeat-thread | test] INFO  o.apache.kafka.clients.NetworkClient - [Consumer clientId=spring-kafka-client-0, groupId=test] Client requested disconnect from node 2147483646
01:02:20.037 [org.springframework.kafka.KafkaListenerEndpointContainer#0-0-C-1] INFO  o.a.k.c.c.i.ConsumerCoordinator - [Consumer clientId=spring-kafka-client-0, groupId=test] Discovered group coordinator localhost:9092 (id: 2147483646 rack: null)
01:02:20.037 [org.springframework.kafka.KafkaListenerEndpointContainer#0-0-C-1] INFO  o.a.k.c.c.i.ConsumerCoordinator - [Consumer clientId=spring-kafka-client-0, groupId=test] Group coordinator localhost:9092 (id: 2147483646 rack: null) is unavailable or invalid due to cause: coordinator unavailable. isDisconnected: false. Rediscovery will be attempted.
01:02:20.037 [org.springframework.kafka.KafkaListenerEndpointContainer#0-0-C-1] INFO  o.a.k.c.c.i.ConsumerCoordinator - [Consumer clientId=spring-kafka-client-0, groupId=test] Requesting disconnect from last known coordinator localhost:9092 (id: 2147483646 rack: null)
01:02:20.131 [org.springframework.kafka.KafkaListenerEndpointContainer#0-0-C-1] INFO  o.a.k.c.c.i.ConsumerCoordinator - [Consumer clientId=spring-kafka-client-0, groupId=test] Discovered group coordinator localhost:9092 (id: 2147483646 rack: null)
02:30:17.979 [kafka-coordinator-heartbeat-thread | test] INFO  o.a.k.c.c.i.ConsumerCoordinator - [Consumer clientId=spring-kafka-client-0, groupId=test] Group coordinator localhost:9092 (id: 2147483646 rack: null) is unavailable or invalid due to cause: session timed out without receiving a heartbeat response. isDisconnected: false. Rediscovery will be attempted.
02:30:17.980 [kafka-coordinator-heartbeat-thread | test] INFO  o.a.k.c.c.i.ConsumerCoordinator - [Consumer clientId=spring-kafka-client-0, groupId=test] Requesting disconnect from last known coordinator localhost:9092 (id: 2147483646 rack: null)
02:30:17.980 [kafka-coordinator-heartbeat-thread | test] INFO  o.apache.kafka.clients.NetworkClient - [Consumer clientId=spring-kafka-client-0, groupId=test] Client requested disconnect from node 2147483646
02:30:17.983 [org.springframework.kafka.KafkaListenerEndpointContainer#0-0-C-1] INFO  o.a.k.c.c.i.ConsumerCoordinator - [Consumer clientId=spring-kafka-client-0, groupId=test] Discovered group coordinator localhost:9092 (id: 2147483646 rack: null)
02:30:17.983 [org.springframework.kafka.KafkaListenerEndpointContainer#0-0-C-1] INFO  o.a.k.c.c.i.ConsumerCoordinator - [Consumer clientId=spring-kafka-client-0, groupId=test] Group coordinator localhost:9092 (id: 2147483646 rack: null) is unavailable or invalid due to cause: coordinator unavailable. isDisconnected: false. Rediscovery will be attempted.
02:30:17.983 [org.springframework.kafka.KafkaListenerEndpointContainer#0-0-C-1] INFO  o.a.k.c.c.i.ConsumerCoordinator - [Consumer clientId=spring-kafka-client-0, groupId=test] Requesting disconnect from last known coordinator localhost:9092 (id: 2147483646 rack: null)
02:30:18.104 [org.springframework.kafka.KafkaListenerEndpointContainer#0-0-C-1] INFO  o.a.k.c.c.i.ConsumerCoordinator - [Consumer clientId=spring-kafka-client-0, groupId=test] Discovered group coordinator localhost:9092 (id: 2147483646 rack: null)
02:48:03.223 [kafka-coordinator-heartbeat-thread | test] INFO  o.a.k.c.c.i.ConsumerCoordinator - [Consumer clientId=spring-kafka-client-0, groupId=test] Group coordinator localhost:9092 (id: 2147483646 rack: null) is unavailable or invalid due to cause: session timed out without receiving a heartbeat response. isDisconnected: false. Rediscovery will be attempted.
02:48:03.223 [kafka-coordinator-heartbeat-thread | test] INFO  o.a.k.c.c.i.ConsumerCoordinator - [Consumer clientId=spring-kafka-client-0, groupId=test] Requesting disconnect from last known coordinator localhost:9092 (id: 2147483646 rack: null)
02:48:03.223 [kafka-coordinator-heartbeat-thread | test] INFO  o.apache.kafka.clients.NetworkClient - [Consumer clientId=spring-kafka-client-0, groupId=test] Client requested disconnect from node 2147483646
02:48:03.224 [org.springframework.kafka.KafkaListenerEndpointContainer#0-0-C-1] INFO  o.a.k.c.c.i.ConsumerCoordinator - [Consumer clientId=spring-kafka-client-0, groupId=test] Discovered group coordinator localhost:9092 (id: 2147483646 rack: null)
02:48:03.225 [org.springframework.kafka.KafkaListenerEndpointContainer#0-0-C-1] INFO  o.a.k.c.c.i.ConsumerCoordinator - [Consumer clientId=spring-kafka-client-0, groupId=test] Group coordinator localhost:9092 (id: 2147483646 rack: null) is unavailable or invalid due to cause: coordinator unavailable. isDisconnected: false. Rediscovery will be attempted.
02:48:03.225 [org.springframework.kafka.KafkaListenerEndpointContainer#0-0-C-1] INFO  o.a.k.c.c.i.ConsumerCoordinator - [Consumer clientId=spring-kafka-client-0, groupId=test] Requesting disconnect from last known coordinator localhost:9092 (id: 2147483646 rack: null)
02:48:03.350 [org.springframework.kafka.KafkaListenerEndpointContainer#0-0-C-1] INFO  o.a.k.c.c.i.ConsumerCoordinator - [Consumer clientId=spring-kafka-client-0, groupId=test] Discovered group coordinator localhost:9092 (id: 2147483646 rack: null)
02:48:05.477 [HikariPool-1 housekeeper] WARN  com.zaxxer.hikari.pool.HikariPool - HikariPool-1 - Thread starvation or clock leap detected (housekeeper delta=3h3m56s215ms).
04:15:55.578 [org.springframework.kafka.KafkaListenerEndpointContainer#0-0-C-1] INFO  o.apache.kafka.clients.NetworkClient - [Consumer clientId=spring-kafka-client-0, groupId=test] Disconnecting from node 1 due to request timeout.
04:15:55.646 [kafka-coordinator-heartbeat-thread | test] INFO  o.a.k.c.c.i.ConsumerCoordinator - [Consumer clientId=spring-kafka-client-0, groupId=test] Group coordinator localhost:9092 (id: 2147483646 rack: null) is unavailable or invalid due to cause: session timed out without receiving a heartbeat response. isDisconnected: false. Rediscovery will be attempted.
04:15:55.646 [kafka-coordinator-heartbeat-thread | test] INFO  o.a.k.c.c.i.ConsumerCoordinator - [Consumer clientId=spring-kafka-client-0, groupId=test] Requesting disconnect from last known coordinator localhost:9092 (id: 2147483646 rack: null)
04:15:55.646 [kafka-coordinator-heartbeat-thread | test] INFO  o.apache.kafka.clients.NetworkClient - [Consumer clientId=spring-kafka-client-0, groupId=test] Client requested disconnect from node 2147483646
04:15:55.644 [org.springframework.kafka.KafkaListenerEndpointContainer#0-0-C-1] INFO  o.a.k.clients.FetchSessionHandler - [Consumer clientId=spring-kafka-client-0, groupId=test] Error sending fetch request (sessionId=531891664, epoch=18538) to node 1:
org.apache.kafka.common.errors.DisconnectException: null
04:15:55.672 [org.springframework.kafka.KafkaListenerEndpointContainer#0-0-C-1] INFO  o.a.k.c.c.i.ConsumerCoordinator - [Consumer clientId=spring-kafka-client-0, groupId=test] Discovered group coordinator localhost:9092 (id: 2147483646 rack: null)
04:15:55.672 [org.springframework.kafka.KafkaListenerEndpointContainer#0-0-C-1] INFO  o.a.k.c.c.i.ConsumerCoordinator - [Consumer clientId=spring-kafka-client-0, groupId=test] Group coordinator localhost:9092 (id: 2147483646 rack: null) is unavailable or invalid due to cause: coordinator unavailable. isDisconnected: false. Rediscovery will be attempted.
04:15:55.672 [org.springframework.kafka.KafkaListenerEndpointContainer#0-0-C-1] INFO  o.a.k.c.c.i.ConsumerCoordinator - [Consumer clientId=spring-kafka-client-0, groupId=test] Requesting disconnect from last known coordinator localhost:9092 (id: 2147483646 rack: null)
04:15:55.778 [org.springframework.kafka.KafkaListenerEndpointContainer#0-0-C-1] INFO  o.a.k.c.c.i.ConsumerCoordinator - [Consumer clientId=spring-kafka-client-0, groupId=test] Discovered group coordinator localhost:9092 (id: 2147483646 rack: null)
04:59:42.069 [kafka-coordinator-heartbeat-thread | test] INFO  o.a.k.c.c.i.ConsumerCoordinator - [Consumer clientId=spring-kafka-client-0, groupId=test] Group coordinator localhost:9092 (id: 2147483646 rack: null) is unavailable or invalid due to cause: session timed out without receiving a heartbeat response. isDisconnected: false. Rediscovery will be attempted.
04:59:42.069 [kafka-coordinator-heartbeat-thread | test] INFO  o.a.k.c.c.i.ConsumerCoordinator - [Consumer clientId=spring-kafka-client-0, groupId=test] Requesting disconnect from last known coordinator localhost:9092 (id: 2147483646 rack: null)
04:59:42.069 [kafka-coordinator-heartbeat-thread | test] INFO  o.apache.kafka.clients.NetworkClient - [Consumer clientId=spring-kafka-client-0, groupId=test] Client requested disconnect from node 2147483646
04:59:42.071 [org.springframework.kafka.KafkaListenerEndpointContainer#0-0-C-1] INFO  o.a.k.c.c.i.ConsumerCoordinator - [Consumer clientId=spring-kafka-client-0, groupId=test] Discovered group coordinator localhost:9092 (id: 2147483646 rack: null)
04:59:42.071 [org.springframework.kafka.KafkaListenerEndpointContainer#0-0-C-1] INFO  o.a.k.c.c.i.ConsumerCoordinator - [Consumer clientId=spring-kafka-client-0, groupId=test] Group coordinator localhost:9092 (id: 2147483646 rack: null) is unavailable or invalid due to cause: coordinator unavailable. isDisconnected: false. Rediscovery will be attempted.
04:59:42.071 [org.springframework.kafka.KafkaListenerEndpointContainer#0-0-C-1] INFO  o.a.k.c.c.i.ConsumerCoordinator - [Consumer clientId=spring-kafka-client-0, groupId=test] Requesting disconnect from last known coordinator localhost:9092 (id: 2147483646 rack: null)
04:59:42.165 [org.springframework.kafka.KafkaListenerEndpointContainer#0-0-C-1] INFO  o.a.k.c.c.i.ConsumerCoordinator - [Consumer clientId=spring-kafka-client-0, groupId=test] Discovered group coordinator localhost:9092 (id: 2147483646 rack: null)
06:27:34.235 [org.springframework.kafka.KafkaListenerEndpointContainer#0-0-C-1] INFO  o.apache.kafka.clients.NetworkClient - [Consumer clientId=spring-kafka-client-0, groupId=test] Disconnecting from node 1 due to request timeout.
06:27:34.236 [org.springframework.kafka.KafkaListenerEndpointContainer#0-0-C-1] INFO  o.a.k.clients.FetchSessionHandler - [Consumer clientId=spring-kafka-client-0, groupId=test] Error sending fetch request (sessionId=588756954, epoch=28) to node 1:
org.apache.kafka.common.errors.DisconnectException: null
06:27:34.236 [kafka-coordinator-heartbeat-thread | test] INFO  o.a.k.c.c.i.ConsumerCoordinator - [Consumer clientId=spring-kafka-client-0, groupId=test] Group coordinator localhost:9092 (id: 2147483646 rack: null) is unavailable or invalid due to cause: session timed out without receiving a heartbeat response. isDisconnected: false. Rediscovery will be attempted.
06:27:34.236 [kafka-coordinator-heartbeat-thread | test] INFO  o.a.k.c.c.i.ConsumerCoordinator - [Consumer clientId=spring-kafka-client-0, groupId=test] Requesting disconnect from last known coordinator localhost:9092 (id: 2147483646 rack: null)
06:27:34.236 [kafka-coordinator-heartbeat-thread | test] INFO  o.apache.kafka.clients.NetworkClient - [Consumer clientId=spring-kafka-client-0, groupId=test] Client requested disconnect from node 2147483646
06:27:34.341 [org.springframework.kafka.KafkaListenerEndpointContainer#0-0-C-1] INFO  o.a.k.c.c.i.ConsumerCoordinator - [Consumer clientId=spring-kafka-client-0, groupId=test] Discovered group coordinator localhost:9092 (id: 2147483646 rack: null)
06:35:09.359 [kafka-coordinator-heartbeat-thread | test] INFO  o.a.k.c.c.i.ConsumerCoordinator - [Consumer clientId=spring-kafka-client-0, groupId=test] Group coordinator localhost:9092 (id: 2147483646 rack: null) is unavailable or invalid due to cause: session timed out without receiving a heartbeat response. isDisconnected: false. Rediscovery will be attempted.
06:35:09.359 [kafka-coordinator-heartbeat-thread | test] INFO  o.a.k.c.c.i.ConsumerCoordinator - [Consumer clientId=spring-kafka-client-0, groupId=test] Requesting disconnect from last known coordinator localhost:9092 (id: 2147483646 rack: null)
06:35:09.359 [kafka-coordinator-heartbeat-thread | test] INFO  o.apache.kafka.clients.NetworkClient - [Consumer clientId=spring-kafka-client-0, groupId=test] Client requested disconnect from node 2147483646
06:35:09.362 [org.springframework.kafka.KafkaListenerEndpointContainer#0-0-C-1] INFO  o.a.k.c.c.i.ConsumerCoordinator - [Consumer clientId=spring-kafka-client-0, groupId=test] Discovered group coordinator localhost:9092 (id: 2147483646 rack: null)
06:35:09.362 [org.springframework.kafka.KafkaListenerEndpointContainer#0-0-C-1] INFO  o.a.k.c.c.i.ConsumerCoordinator - [Consumer clientId=spring-kafka-client-0, groupId=test] Group coordinator localhost:9092 (id: 2147483646 rack: null) is unavailable or invalid due to cause: coordinator unavailable. isDisconnected: false. Rediscovery will be attempted.
06:35:09.362 [org.springframework.kafka.KafkaListenerEndpointContainer#0-0-C-1] INFO  o.a.k.c.c.i.ConsumerCoordinator - [Consumer clientId=spring-kafka-client-0, groupId=test] Requesting disconnect from last known coordinator localhost:9092 (id: 2147483646 rack: null)
06:35:09.456 [org.springframework.kafka.KafkaListenerEndpointContainer#0-0-C-1] INFO  o.a.k.c.c.i.ConsumerCoordinator - [Consumer clientId=spring-kafka-client-0, groupId=test] Discovered group coordinator localhost:9092 (id: 2147483646 rack: null)
06:35:11.823 [HikariPool-1 housekeeper] WARN  com.zaxxer.hikari.pool.HikariPool - HikariPool-1 - Thread starvation or clock leap detected (housekeeper delta=3h47m6s346ms).
07:00:43.085 [kafka-coordinator-heartbeat-thread | test] INFO  o.a.k.c.c.i.ConsumerCoordinator - [Consumer clientId=spring-kafka-client-0, groupId=test] Group coordinator localhost:9092 (id: 2147483646 rack: null) is unavailable or invalid due to cause: session timed out without receiving a heartbeat response. isDisconnected: false. Rediscovery will be attempted.
07:00:43.085 [kafka-coordinator-heartbeat-thread | test] INFO  o.a.k.c.c.i.ConsumerCoordinator - [Consumer clientId=spring-kafka-client-0, groupId=test] Requesting disconnect from last known coordinator localhost:9092 (id: 2147483646 rack: null)
07:00:43.085 [kafka-coordinator-heartbeat-thread | test] INFO  o.apache.kafka.clients.NetworkClient - [Consumer clientId=spring-kafka-client-0, groupId=test] Client requested disconnect from node 2147483646
07:00:43.086 [org.springframework.kafka.KafkaListenerEndpointContainer#0-0-C-1] INFO  o.a.k.c.c.i.ConsumerCoordinator - [Consumer clientId=spring-kafka-client-0, groupId=test] Discovered group coordinator localhost:9092 (id: 2147483646 rack: null)
07:00:43.086 [org.springframework.kafka.KafkaListenerEndpointContainer#0-0-C-1] INFO  o.a.k.c.c.i.ConsumerCoordinator - [Consumer clientId=spring-kafka-client-0, groupId=test] Group coordinator localhost:9092 (id: 2147483646 rack: null) is unavailable or invalid due to cause: coordinator unavailable. isDisconnected: false. Rediscovery will be attempted.
07:00:43.086 [org.springframework.kafka.KafkaListenerEndpointContainer#0-0-C-1] INFO  o.a.k.c.c.i.ConsumerCoordinator - [Consumer clientId=spring-kafka-client-0, groupId=test] Requesting disconnect from last known coordinator localhost:9092 (id: 2147483646 rack: null)
07:00:43.181 [org.springframework.kafka.KafkaListenerEndpointContainer#0-0-C-1] INFO  o.a.k.c.c.i.ConsumerCoordinator - [Consumer clientId=spring-kafka-client-0, groupId=test] Discovered group coordinator localhost:9092 (id: 2147483646 rack: null)
07:57:10.302 [kafka-coordinator-heartbeat-thread | test] INFO  o.a.k.c.c.i.ConsumerCoordinator - [Consumer clientId=spring-kafka-client-0, groupId=test] Group coordinator localhost:9092 (id: 2147483646 rack: null) is unavailable or invalid due to cause: session timed out without receiving a heartbeat response. isDisconnected: false. Rediscovery will be attempted.
07:57:10.302 [kafka-coordinator-heartbeat-thread | test] INFO  o.a.k.c.c.i.ConsumerCoordinator - [Consumer clientId=spring-kafka-client-0, groupId=test] Requesting disconnect from last known coordinator localhost:9092 (id: 2147483646 rack: null)
07:57:10.302 [kafka-coordinator-heartbeat-thread | test] INFO  o.apache.kafka.clients.NetworkClient - [Consumer clientId=spring-kafka-client-0, groupId=test] Client requested disconnect from node 2147483646
07:57:10.303 [org.springframework.kafka.KafkaListenerEndpointContainer#0-0-C-1] INFO  o.a.k.c.c.i.ConsumerCoordinator - [Consumer clientId=spring-kafka-client-0, groupId=test] Discovered group coordinator localhost:9092 (id: 2147483646 rack: null)
07:57:10.303 [org.springframework.kafka.KafkaListenerEndpointContainer#0-0-C-1] INFO  o.a.k.c.c.i.ConsumerCoordinator - [Consumer clientId=spring-kafka-client-0, groupId=test] Group coordinator localhost:9092 (id: 2147483646 rack: null) is unavailable or invalid due to cause: coordinator unavailable. isDisconnected: false. Rediscovery will be attempted.
07:57:10.303 [org.springframework.kafka.KafkaListenerEndpointContainer#0-0-C-1] INFO  o.a.k.c.c.i.ConsumerCoordinator - [Consumer clientId=spring-kafka-client-0, groupId=test] Requesting disconnect from last known coordinator localhost:9092 (id: 2147483646 rack: null)
07:57:10.404 [org.springframework.kafka.KafkaListenerEndpointContainer#0-0-C-1] INFO  o.a.k.c.c.i.ConsumerCoordinator - [Consumer clientId=spring-kafka-client-0, groupId=test] Discovered group coordinator localhost:9092 (id: 2147483646 rack: null)
08:01:44.389 [kafka-coordinator-heartbeat-thread | test] INFO  o.a.k.c.c.i.ConsumerCoordinator - [Consumer clientId=spring-kafka-client-0, groupId=test] Group coordinator localhost:9092 (id: 2147483646 rack: null) is unavailable or invalid due to cause: session timed out without receiving a heartbeat response. isDisconnected: false. Rediscovery will be attempted.
08:01:44.389 [kafka-coordinator-heartbeat-thread | test] INFO  o.a.k.c.c.i.ConsumerCoordinator - [Consumer clientId=spring-kafka-client-0, groupId=test] Requesting disconnect from last known coordinator localhost:9092 (id: 2147483646 rack: null)
08:01:44.389 [kafka-coordinator-heartbeat-thread | test] INFO  o.apache.kafka.clients.NetworkClient - [Consumer clientId=spring-kafka-client-0, groupId=test] Client requested disconnect from node 2147483646
08:01:44.390 [org.springframework.kafka.KafkaListenerEndpointContainer#0-0-C-1] INFO  o.a.k.c.c.i.ConsumerCoordinator - [Consumer clientId=spring-kafka-client-0, groupId=test] Discovered group coordinator localhost:9092 (id: 2147483646 rack: null)
08:01:44.390 [org.springframework.kafka.KafkaListenerEndpointContainer#0-0-C-1] INFO  o.a.k.c.c.i.ConsumerCoordinator - [Consumer clientId=spring-kafka-client-0, groupId=test] Group coordinator localhost:9092 (id: 2147483646 rack: null) is unavailable or invalid due to cause: coordinator unavailable. isDisconnected: false. Rediscovery will be attempted.
08:01:44.391 [org.springframework.kafka.KafkaListenerEndpointContainer#0-0-C-1] INFO  o.a.k.c.c.i.ConsumerCoordinator - [Consumer clientId=spring-kafka-client-0, groupId=test] Requesting disconnect from last known coordinator localhost:9092 (id: 2147483646 rack: null)
08:01:44.480 [org.springframework.kafka.KafkaListenerEndpointContainer#0-0-C-1] INFO  o.a.k.c.c.i.ConsumerCoordinator - [Consumer clientId=spring-kafka-client-0, groupId=test] Discovered group coordinator localhost:9092 (id: 2147483646 rack: null)
08:19:01.586 [kafka-coordinator-heartbeat-thread | test] INFO  o.a.k.c.c.i.ConsumerCoordinator - [Consumer clientId=spring-kafka-client-0, groupId=test] Group coordinator localhost:9092 (id: 2147483646 rack: null) is unavailable or invalid due to cause: session timed out without receiving a heartbeat response. isDisconnected: false. Rediscovery will be attempted.
08:19:01.586 [kafka-coordinator-heartbeat-thread | test] INFO  o.a.k.c.c.i.ConsumerCoordinator - [Consumer clientId=spring-kafka-client-0, groupId=test] Requesting disconnect from last known coordinator localhost:9092 (id: 2147483646 rack: null)
08:19:01.586 [kafka-coordinator-heartbeat-thread | test] INFO  o.apache.kafka.clients.NetworkClient - [Consumer clientId=spring-kafka-client-0, groupId=test] Client requested disconnect from node 2147483646
08:19:01.587 [org.springframework.kafka.KafkaListenerEndpointContainer#0-0-C-1] INFO  o.a.k.c.c.i.ConsumerCoordinator - [Consumer clientId=spring-kafka-client-0, groupId=test] Discovered group coordinator localhost:9092 (id: 2147483646 rack: null)
08:19:01.587 [org.springframework.kafka.KafkaListenerEndpointContainer#0-0-C-1] INFO  o.a.k.c.c.i.ConsumerCoordinator - [Consumer clientId=spring-kafka-client-0, groupId=test] Group coordinator localhost:9092 (id: 2147483646 rack: null) is unavailable or invalid due to cause: coordinator unavailable. isDisconnected: false. Rediscovery will be attempted.
08:19:01.588 [org.springframework.kafka.KafkaListenerEndpointContainer#0-0-C-1] INFO  o.a.k.c.c.i.ConsumerCoordinator - [Consumer clientId=spring-kafka-client-0, groupId=test] Requesting disconnect from last known coordinator localhost:9092 (id: 2147483646 rack: null)
08:19:01.699 [org.springframework.kafka.KafkaListenerEndpointContainer#0-0-C-1] INFO  o.a.k.c.c.i.ConsumerCoordinator - [Consumer clientId=spring-kafka-client-0, groupId=test] Discovered group coordinator localhost:9092 (id: 2147483646 rack: null)
08:19:05.280 [HikariPool-1 housekeeper] WARN  com.zaxxer.hikari.pool.HikariPool - HikariPool-1 - Thread starvation or clock leap detected (housekeeper delta=1h43m53s457ms).
09:02:45.326 [kafka-coordinator-heartbeat-thread | test] INFO  o.a.k.c.c.i.ConsumerCoordinator - [Consumer clientId=spring-kafka-client-0, groupId=test] Group coordinator localhost:9092 (id: 2147483646 rack: null) is unavailable or invalid due to cause: session timed out without receiving a heartbeat response. isDisconnected: false. Rediscovery will be attempted.
09:02:45.326 [kafka-coordinator-heartbeat-thread | test] INFO  o.a.k.c.c.i.ConsumerCoordinator - [Consumer clientId=spring-kafka-client-0, groupId=test] Requesting disconnect from last known coordinator localhost:9092 (id: 2147483646 rack: null)
09:02:45.326 [kafka-coordinator-heartbeat-thread | test] INFO  o.apache.kafka.clients.NetworkClient - [Consumer clientId=spring-kafka-client-0, groupId=test] Client requested disconnect from node 2147483646
09:02:45.327 [org.springframework.kafka.KafkaListenerEndpointContainer#0-0-C-1] INFO  o.a.k.c.c.i.ConsumerCoordinator - [Consumer clientId=spring-kafka-client-0, groupId=test] Discovered group coordinator localhost:9092 (id: 2147483646 rack: null)
09:02:45.327 [org.springframework.kafka.KafkaListenerEndpointContainer#0-0-C-1] INFO  o.a.k.c.c.i.ConsumerCoordinator - [Consumer clientId=spring-kafka-client-0, groupId=test] Group coordinator localhost:9092 (id: 2147483646 rack: null) is unavailable or invalid due to cause: coordinator unavailable. isDisconnected: false. Rediscovery will be attempted.
09:02:45.327 [org.springframework.kafka.KafkaListenerEndpointContainer#0-0-C-1] INFO  o.a.k.c.c.i.ConsumerCoordinator - [Consumer clientId=spring-kafka-client-0, groupId=test] Requesting disconnect from last known coordinator localhost:9092 (id: 2147483646 rack: null)
09:02:45.448 [org.springframework.kafka.KafkaListenerEndpointContainer#0-0-C-1] INFO  o.a.k.c.c.i.ConsumerCoordinator - [Consumer clientId=spring-kafka-client-0, groupId=test] Discovered group coordinator localhost:9092 (id: 2147483646 rack: null)
09:43:20.371 [kafka-coordinator-heartbeat-thread | test] INFO  o.a.k.c.c.i.ConsumerCoordinator - [Consumer clientId=spring-kafka-client-0, groupId=test] Group coordinator localhost:9092 (id: 2147483646 rack: null) is unavailable or invalid due to cause: session timed out without receiving a heartbeat response. isDisconnected: false. Rediscovery will be attempted.
09:43:20.372 [kafka-coordinator-heartbeat-thread | test] INFO  o.a.k.c.c.i.ConsumerCoordinator - [Consumer clientId=spring-kafka-client-0, groupId=test] Requesting disconnect from last known coordinator localhost:9092 (id: 2147483646 rack: null)
09:43:20.372 [kafka-coordinator-heartbeat-thread | test] INFO  o.apache.kafka.clients.NetworkClient - [Consumer clientId=spring-kafka-client-0, groupId=test] Client requested disconnect from node 2147483646
09:43:20.373 [org.springframework.kafka.KafkaListenerEndpointContainer#0-0-C-1] INFO  o.a.k.c.c.i.ConsumerCoordinator - [Consumer clientId=spring-kafka-client-0, groupId=test] Discovered group coordinator localhost:9092 (id: 2147483646 rack: null)
09:43:20.373 [org.springframework.kafka.KafkaListenerEndpointContainer#0-0-C-1] INFO  o.a.k.c.c.i.ConsumerCoordinator - [Consumer clientId=spring-kafka-client-0, groupId=test] Group coordinator localhost:9092 (id: 2147483646 rack: null) is unavailable or invalid due to cause: coordinator unavailable. isDisconnected: false. Rediscovery will be attempted.
09:43:20.374 [org.springframework.kafka.KafkaListenerEndpointContainer#0-0-C-1] INFO  o.a.k.c.c.i.ConsumerCoordinator - [Consumer clientId=spring-kafka-client-0, groupId=test] Requesting disconnect from last known coordinator localhost:9092 (id: 2147483646 rack: null)
09:43:20.484 [org.springframework.kafka.KafkaListenerEndpointContainer#0-0-C-1] INFO  o.a.k.c.c.i.ConsumerCoordinator - [Consumer clientId=spring-kafka-client-0, groupId=test] Discovered group coordinator localhost:9092 (id: 2147483646 rack: null)
10:03:46.129 [org.springframework.kafka.KafkaListenerEndpointContainer#0-0-C-1] INFO  o.apache.kafka.clients.NetworkClient - [Consumer clientId=spring-kafka-client-0, groupId=test] Disconnecting from node 1 due to request timeout.
10:03:46.129 [org.springframework.kafka.KafkaListenerEndpointContainer#0-0-C-1] INFO  o.a.k.clients.FetchSessionHandler - [Consumer clientId=spring-kafka-client-0, groupId=test] Error sending fetch request (sessionId=877323767, epoch=87) to node 1:
org.apache.kafka.common.errors.DisconnectException: null
10:03:46.130 [kafka-coordinator-heartbeat-thread | test] INFO  o.a.k.c.c.i.ConsumerCoordinator - [Consumer clientId=spring-kafka-client-0, groupId=test] Group coordinator localhost:9092 (id: 2147483646 rack: null) is unavailable or invalid due to cause: session timed out without receiving a heartbeat response. isDisconnected: false. Rediscovery will be attempted.
10:03:46.130 [kafka-coordinator-heartbeat-thread | test] INFO  o.a.k.c.c.i.ConsumerCoordinator - [Consumer clientId=spring-kafka-client-0, groupId=test] Requesting disconnect from last known coordinator localhost:9092 (id: 2147483646 rack: null)
10:03:46.130 [kafka-coordinator-heartbeat-thread | test] INFO  o.apache.kafka.clients.NetworkClient - [Consumer clientId=spring-kafka-client-0, groupId=test] Client requested disconnect from node 2147483646
10:03:46.241 [org.springframework.kafka.KafkaListenerEndpointContainer#0-0-C-1] INFO  o.a.k.c.c.i.ConsumerCoordinator - [Consumer clientId=spring-kafka-client-0, groupId=test] Discovered group coordinator localhost:9092 (id: 2147483646 rack: null)
11:04:47.555 [kafka-coordinator-heartbeat-thread | test] INFO  o.a.k.c.c.i.ConsumerCoordinator - [Consumer clientId=spring-kafka-client-0, groupId=test] Group coordinator localhost:9092 (id: 2147483646 rack: null) is unavailable or invalid due to cause: session timed out without receiving a heartbeat response. isDisconnected: false. Rediscovery will be attempted.
11:04:47.555 [kafka-coordinator-heartbeat-thread | test] INFO  o.a.k.c.c.i.ConsumerCoordinator - [Consumer clientId=spring-kafka-client-0, groupId=test] Requesting disconnect from last known coordinator localhost:9092 (id: 2147483646 rack: null)
11:04:47.555 [kafka-coordinator-heartbeat-thread | test] INFO  o.apache.kafka.clients.NetworkClient - [Consumer clientId=spring-kafka-client-0, groupId=test] Client requested disconnect from node 2147483646
11:04:47.557 [org.springframework.kafka.KafkaListenerEndpointContainer#0-0-C-1] INFO  o.a.k.c.c.i.ConsumerCoordinator - [Consumer clientId=spring-kafka-client-0, groupId=test] Discovered group coordinator localhost:9092 (id: 2147483646 rack: null)
11:04:47.557 [org.springframework.kafka.KafkaListenerEndpointContainer#0-0-C-1] INFO  o.a.k.c.c.i.ConsumerCoordinator - [Consumer clientId=spring-kafka-client-0, groupId=test] Group coordinator localhost:9092 (id: 2147483646 rack: null) is unavailable or invalid due to cause: coordinator unavailable. isDisconnected: false. Rediscovery will be attempted.
11:04:47.557 [org.springframework.kafka.KafkaListenerEndpointContainer#0-0-C-1] INFO  o.a.k.c.c.i.ConsumerCoordinator - [Consumer clientId=spring-kafka-client-0, groupId=test] Requesting disconnect from last known coordinator localhost:9092 (id: 2147483646 rack: null)
11:04:47.655 [org.springframework.kafka.KafkaListenerEndpointContainer#0-0-C-1] INFO  o.a.k.c.c.i.ConsumerCoordinator - [Consumer clientId=spring-kafka-client-0, groupId=test] Discovered group coordinator localhost:9092 (id: 2147483646 rack: null)
12:05:48.251 [kafka-coordinator-heartbeat-thread | test] INFO  o.a.k.c.c.i.ConsumerCoordinator - [Consumer clientId=spring-kafka-client-0, groupId=test] Group coordinator localhost:9092 (id: 2147483646 rack: null) is unavailable or invalid due to cause: session timed out without receiving a heartbeat response. isDisconnected: false. Rediscovery will be attempted.
12:05:48.252 [kafka-coordinator-heartbeat-thread | test] INFO  o.a.k.c.c.i.ConsumerCoordinator - [Consumer clientId=spring-kafka-client-0, groupId=test] Requesting disconnect from last known coordinator localhost:9092 (id: 2147483646 rack: null)
12:05:48.252 [kafka-coordinator-heartbeat-thread | test] INFO  o.apache.kafka.clients.NetworkClient - [Consumer clientId=spring-kafka-client-0, groupId=test] Client requested disconnect from node 2147483646
12:05:48.253 [org.springframework.kafka.KafkaListenerEndpointContainer#0-0-C-1] INFO  o.a.k.c.c.i.ConsumerCoordinator - [Consumer clientId=spring-kafka-client-0, groupId=test] Discovered group coordinator localhost:9092 (id: 2147483646 rack: null)
12:05:48.253 [org.springframework.kafka.KafkaListenerEndpointContainer#0-0-C-1] INFO  o.a.k.c.c.i.ConsumerCoordinator - [Consumer clientId=spring-kafka-client-0, groupId=test] Group coordinator localhost:9092 (id: 2147483646 rack: null) is unavailable or invalid due to cause: coordinator unavailable. isDisconnected: false. Rediscovery will be attempted.
12:05:48.253 [org.springframework.kafka.KafkaListenerEndpointContainer#0-0-C-1] INFO  o.a.k.c.c.i.ConsumerCoordinator - [Consumer clientId=spring-kafka-client-0, groupId=test] Requesting disconnect from last known coordinator localhost:9092 (id: 2147483646 rack: null)
12:05:48.366 [org.springframework.kafka.KafkaListenerEndpointContainer#0-0-C-1] INFO  o.a.k.c.c.i.ConsumerCoordinator - [Consumer clientId=spring-kafka-client-0, groupId=test] Discovered group coordinator localhost:9092 (id: 2147483646 rack: null)
12:05:49.958 [HikariPool-1 housekeeper] WARN  com.zaxxer.hikari.pool.HikariPool - HikariPool-1 - Thread starvation or clock leap detected (housekeeper delta=3h46m44s678ms).
13:06:49.459 [kafka-coordinator-heartbeat-thread | test] INFO  o.a.k.c.c.i.ConsumerCoordinator - [Consumer clientId=spring-kafka-client-0, groupId=test] Group coordinator localhost:9092 (id: 2147483646 rack: null) is unavailable or invalid due to cause: session timed out without receiving a heartbeat response. isDisconnected: false. Rediscovery will be attempted.
13:06:49.459 [kafka-coordinator-heartbeat-thread | test] INFO  o.a.k.c.c.i.ConsumerCoordinator - [Consumer clientId=spring-kafka-client-0, groupId=test] Requesting disconnect from last known coordinator localhost:9092 (id: 2147483646 rack: null)
13:06:49.459 [kafka-coordinator-heartbeat-thread | test] INFO  o.apache.kafka.clients.NetworkClient - [Consumer clientId=spring-kafka-client-0, groupId=test] Client requested disconnect from node 2147483646
13:06:49.461 [org.springframework.kafka.KafkaListenerEndpointContainer#0-0-C-1] INFO  o.a.k.c.c.i.ConsumerCoordinator - [Consumer clientId=spring-kafka-client-0, groupId=test] Discovered group coordinator localhost:9092 (id: 2147483646 rack: null)
13:06:49.461 [org.springframework.kafka.KafkaListenerEndpointContainer#0-0-C-1] INFO  o.a.k.c.c.i.ConsumerCoordinator - [Consumer clientId=spring-kafka-client-0, groupId=test] Group coordinator localhost:9092 (id: 2147483646 rack: null) is unavailable or invalid due to cause: coordinator unavailable. isDisconnected: false. Rediscovery will be attempted.
13:06:49.461 [org.springframework.kafka.KafkaListenerEndpointContainer#0-0-C-1] INFO  o.a.k.c.c.i.ConsumerCoordinator - [Consumer clientId=spring-kafka-client-0, groupId=test] Requesting disconnect from last known coordinator localhost:9092 (id: 2147483646 rack: null)
13:06:49.574 [org.springframework.kafka.KafkaListenerEndpointContainer#0-0-C-1] INFO  o.a.k.c.c.i.ConsumerCoordinator - [Consumer clientId=spring-kafka-client-0, groupId=test] Discovered group coordinator localhost:9092 (id: 2147483646 rack: null)
13:22:11.551 [kafka-coordinator-heartbeat-thread | test] INFO  o.a.k.c.c.i.ConsumerCoordinator - [Consumer clientId=spring-kafka-client-0, groupId=test] Group coordinator localhost:9092 (id: 2147483646 rack: null) is unavailable or invalid due to cause: session timed out without receiving a heartbeat response. isDisconnected: false. Rediscovery will be attempted.
13:22:11.551 [kafka-coordinator-heartbeat-thread | test] INFO  o.a.k.c.c.i.ConsumerCoordinator - [Consumer clientId=spring-kafka-client-0, groupId=test] Requesting disconnect from last known coordinator localhost:9092 (id: 2147483646 rack: null)
13:22:11.551 [kafka-coordinator-heartbeat-thread | test] INFO  o.apache.kafka.clients.NetworkClient - [Consumer clientId=spring-kafka-client-0, groupId=test] Client requested disconnect from node 2147483646
13:22:11.553 [org.springframework.kafka.KafkaListenerEndpointContainer#0-0-C-1] INFO  o.a.k.c.c.i.ConsumerCoordinator - [Consumer clientId=spring-kafka-client-0, groupId=test] Discovered group coordinator localhost:9092 (id: 2147483646 rack: null)
13:22:11.553 [org.springframework.kafka.KafkaListenerEndpointContainer#0-0-C-1] INFO  o.a.k.c.c.i.ConsumerCoordinator - [Consumer clientId=spring-kafka-client-0, groupId=test] Group coordinator localhost:9092 (id: 2147483646 rack: null) is unavailable or invalid due to cause: coordinator unavailable. isDisconnected: false. Rediscovery will be attempted.
13:22:11.553 [org.springframework.kafka.KafkaListenerEndpointContainer#0-0-C-1] INFO  o.a.k.c.c.i.ConsumerCoordinator - [Consumer clientId=spring-kafka-client-0, groupId=test] Requesting disconnect from last known coordinator localhost:9092 (id: 2147483646 rack: null)
13:22:11.667 [org.springframework.kafka.KafkaListenerEndpointContainer#0-0-C-1] INFO  o.a.k.c.c.i.ConsumerCoordinator - [Consumer clientId=spring-kafka-client-0, groupId=test] Discovered group coordinator localhost:9092 (id: 2147483646 rack: null)
14:07:50.132 [kafka-coordinator-heartbeat-thread | test] INFO  o.a.k.c.c.i.ConsumerCoordinator - [Consumer clientId=spring-kafka-client-0, groupId=test] Group coordinator localhost:9092 (id: 2147483646 rack: null) is unavailable or invalid due to cause: session timed out without receiving a heartbeat response. isDisconnected: false. Rediscovery will be attempted.
14:07:50.132 [kafka-coordinator-heartbeat-thread | test] INFO  o.a.k.c.c.i.ConsumerCoordinator - [Consumer clientId=spring-kafka-client-0, groupId=test] Requesting disconnect from last known coordinator localhost:9092 (id: 2147483646 rack: null)
14:07:50.132 [kafka-coordinator-heartbeat-thread | test] INFO  o.apache.kafka.clients.NetworkClient - [Consumer clientId=spring-kafka-client-0, groupId=test] Client requested disconnect from node 2147483646
14:07:50.133 [org.springframework.kafka.KafkaListenerEndpointContainer#0-0-C-1] INFO  o.a.k.c.c.i.ConsumerCoordinator - [Consumer clientId=spring-kafka-client-0, groupId=test] Discovered group coordinator localhost:9092 (id: 2147483646 rack: null)
14:07:50.133 [org.springframework.kafka.KafkaListenerEndpointContainer#0-0-C-1] INFO  o.a.k.c.c.i.ConsumerCoordinator - [Consumer clientId=spring-kafka-client-0, groupId=test] Group coordinator localhost:9092 (id: 2147483646 rack: null) is unavailable or invalid due to cause: coordinator unavailable. isDisconnected: false. Rediscovery will be attempted.
14:07:50.133 [org.springframework.kafka.KafkaListenerEndpointContainer#0-0-C-1] INFO  o.a.k.c.c.i.ConsumerCoordinator - [Consumer clientId=spring-kafka-client-0, groupId=test] Requesting disconnect from last known coordinator localhost:9092 (id: 2147483646 rack: null)
14:07:50.242 [org.springframework.kafka.KafkaListenerEndpointContainer#0-0-C-1] INFO  o.a.k.c.c.i.ConsumerCoordinator - [Consumer clientId=spring-kafka-client-0, groupId=test] Discovered group coordinator localhost:9092 (id: 2147483646 rack: null)
14:23:14.427 [kafka-coordinator-heartbeat-thread | test] INFO  o.a.k.c.c.i.ConsumerCoordinator - [Consumer clientId=spring-kafka-client-0, groupId=test] Group coordinator localhost:9092 (id: 2147483646 rack: null) is unavailable or invalid due to cause: session timed out without receiving a heartbeat response. isDisconnected: false. Rediscovery will be attempted.
14:23:14.427 [kafka-coordinator-heartbeat-thread | test] INFO  o.a.k.c.c.i.ConsumerCoordinator - [Consumer clientId=spring-kafka-client-0, groupId=test] Requesting disconnect from last known coordinator localhost:9092 (id: 2147483646 rack: null)
14:23:14.427 [kafka-coordinator-heartbeat-thread | test] INFO  o.apache.kafka.clients.NetworkClient - [Consumer clientId=spring-kafka-client-0, groupId=test] Client requested disconnect from node 2147483646
14:23:14.429 [org.springframework.kafka.KafkaListenerEndpointContainer#0-0-C-1] INFO  o.a.k.c.c.i.ConsumerCoordinator - [Consumer clientId=spring-kafka-client-0, groupId=test] Discovered group coordinator localhost:9092 (id: 2147483646 rack: null)
14:23:14.430 [org.springframework.kafka.KafkaListenerEndpointContainer#0-0-C-1] INFO  o.a.k.c.c.i.ConsumerCoordinator - [Consumer clientId=spring-kafka-client-0, groupId=test] Group coordinator localhost:9092 (id: 2147483646 rack: null) is unavailable or invalid due to cause: coordinator unavailable. isDisconnected: false. Rediscovery will be attempted.
14:23:14.430 [org.springframework.kafka.KafkaListenerEndpointContainer#0-0-C-1] INFO  o.a.k.c.c.i.ConsumerCoordinator - [Consumer clientId=spring-kafka-client-0, groupId=test] Requesting disconnect from last known coordinator localhost:9092 (id: 2147483646 rack: null)
14:23:14.521 [org.springframework.kafka.KafkaListenerEndpointContainer#0-0-C-1] INFO  o.a.k.c.c.i.ConsumerCoordinator - [Consumer clientId=spring-kafka-client-0, groupId=test] Discovered group coordinator localhost:9092 (id: 2147483646 rack: null)
14:23:17.776 [HikariPool-1 housekeeper] WARN  com.zaxxer.hikari.pool.HikariPool - HikariPool-1 - Thread starvation or clock leap detected (housekeeper delta=2h17m27s818ms).
14:48:10.209 [org.springframework.kafka.KafkaListenerEndpointContainer#0-0-C-1] INFO  o.apache.kafka.clients.NetworkClient - [Consumer clientId=spring-kafka-client-0, groupId=test] Disconnecting from node 1 due to request timeout.
14:48:10.209 [org.springframework.kafka.KafkaListenerEndpointContainer#0-0-C-1] INFO  o.a.k.clients.FetchSessionHandler - [Consumer clientId=spring-kafka-client-0, groupId=test] Error sending fetch request (sessionId=1185365345, epoch=79) to node 1:
org.apache.kafka.common.errors.DisconnectException: null
14:48:10.209 [kafka-coordinator-heartbeat-thread | test] INFO  o.a.k.c.c.i.ConsumerCoordinator - [Consumer clientId=spring-kafka-client-0, groupId=test] Group coordinator localhost:9092 (id: 2147483646 rack: null) is unavailable or invalid due to cause: session timed out without receiving a heartbeat response. isDisconnected: false. Rediscovery will be attempted.
14:48:10.209 [kafka-coordinator-heartbeat-thread | test] INFO  o.a.k.c.c.i.ConsumerCoordinator - [Consumer clientId=spring-kafka-client-0, groupId=test] Requesting disconnect from last known coordinator localhost:9092 (id: 2147483646 rack: null)
14:48:10.209 [kafka-coordinator-heartbeat-thread | test] INFO  o.apache.kafka.clients.NetworkClient - [Consumer clientId=spring-kafka-client-0, groupId=test] Client requested disconnect from node 2147483646
14:48:10.324 [org.springframework.kafka.KafkaListenerEndpointContainer#0-0-C-1] INFO  o.a.k.c.c.i.ConsumerCoordinator - [Consumer clientId=spring-kafka-client-0, groupId=test] Discovered group coordinator localhost:9092 (id: 2147483646 rack: null)
15:08:51.562 [kafka-coordinator-heartbeat-thread | test] INFO  o.a.k.c.c.i.ConsumerCoordinator - [Consumer clientId=spring-kafka-client-0, groupId=test] Group coordinator localhost:9092 (id: 2147483646 rack: null) is unavailable or invalid due to cause: session timed out without receiving a heartbeat response. isDisconnected: false. Rediscovery will be attempted.
15:08:51.562 [kafka-coordinator-heartbeat-thread | test] INFO  o.a.k.c.c.i.ConsumerCoordinator - [Consumer clientId=spring-kafka-client-0, groupId=test] Requesting disconnect from last known coordinator localhost:9092 (id: 2147483646 rack: null)
15:08:51.562 [kafka-coordinator-heartbeat-thread | test] INFO  o.apache.kafka.clients.NetworkClient - [Consumer clientId=spring-kafka-client-0, groupId=test] Client requested disconnect from node 2147483646
15:08:51.564 [org.springframework.kafka.KafkaListenerEndpointContainer#0-0-C-1] INFO  o.a.k.c.c.i.ConsumerCoordinator - [Consumer clientId=spring-kafka-client-0, groupId=test] Discovered group coordinator localhost:9092 (id: 2147483646 rack: null)
15:08:51.564 [org.springframework.kafka.KafkaListenerEndpointContainer#0-0-C-1] INFO  o.a.k.c.c.i.ConsumerCoordinator - [Consumer clientId=spring-kafka-client-0, groupId=test] Group coordinator localhost:9092 (id: 2147483646 rack: null) is unavailable or invalid due to cause: coordinator unavailable. isDisconnected: false. Rediscovery will be attempted.
15:08:51.564 [org.springframework.kafka.KafkaListenerEndpointContainer#0-0-C-1] INFO  o.a.k.c.c.i.ConsumerCoordinator - [Consumer clientId=spring-kafka-client-0, groupId=test] Requesting disconnect from last known coordinator localhost:9092 (id: 2147483646 rack: null)
15:08:51.685 [org.springframework.kafka.KafkaListenerEndpointContainer#0-0-C-1] INFO  o.a.k.c.c.i.ConsumerCoordinator - [Consumer clientId=spring-kafka-client-0, groupId=test] Discovered group coordinator localhost:9092 (id: 2147483646 rack: null)
16:09:52.593 [kafka-coordinator-heartbeat-thread | test] INFO  o.a.k.c.c.i.ConsumerCoordinator - [Consumer clientId=spring-kafka-client-0, groupId=test] Group coordinator localhost:9092 (id: 2147483646 rack: null) is unavailable or invalid due to cause: session timed out without receiving a heartbeat response. isDisconnected: false. Rediscovery will be attempted.
16:09:52.593 [kafka-coordinator-heartbeat-thread | test] INFO  o.a.k.c.c.i.ConsumerCoordinator - [Consumer clientId=spring-kafka-client-0, groupId=test] Requesting disconnect from last known coordinator localhost:9092 (id: 2147483646 rack: null)
16:09:52.593 [kafka-coordinator-heartbeat-thread | test] INFO  o.apache.kafka.clients.NetworkClient - [Consumer clientId=spring-kafka-client-0, groupId=test] Client requested disconnect from node 2147483646
16:09:52.594 [org.springframework.kafka.KafkaListenerEndpointContainer#0-0-C-1] INFO  o.a.k.c.c.i.ConsumerCoordinator - [Consumer clientId=spring-kafka-client-0, groupId=test] Discovered group coordinator localhost:9092 (id: 2147483646 rack: null)
16:09:52.595 [org.springframework.kafka.KafkaListenerEndpointContainer#0-0-C-1] INFO  o.a.k.c.c.i.ConsumerCoordinator - [Consumer clientId=spring-kafka-client-0, groupId=test] Group coordinator localhost:9092 (id: 2147483646 rack: null) is unavailable or invalid due to cause: coordinator unavailable. isDisconnected: false. Rediscovery will be attempted.
16:09:52.595 [org.springframework.kafka.KafkaListenerEndpointContainer#0-0-C-1] INFO  o.a.k.c.c.i.ConsumerCoordinator - [Consumer clientId=spring-kafka-client-0, groupId=test] Requesting disconnect from last known coordinator localhost:9092 (id: 2147483646 rack: null)
16:09:52.686 [org.springframework.kafka.KafkaListenerEndpointContainer#0-0-C-1] INFO  o.a.k.c.c.i.ConsumerCoordinator - [Consumer clientId=spring-kafka-client-0, groupId=test] Discovered group coordinator localhost:9092 (id: 2147483646 rack: null)
17:10:53.262 [kafka-coordinator-heartbeat-thread | test] INFO  o.a.k.c.c.i.ConsumerCoordinator - [Consumer clientId=spring-kafka-client-0, groupId=test] Group coordinator localhost:9092 (id: 2147483646 rack: null) is unavailable or invalid due to cause: session timed out without receiving a heartbeat response. isDisconnected: false. Rediscovery will be attempted.
17:10:53.263 [kafka-coordinator-heartbeat-thread | test] INFO  o.a.k.c.c.i.ConsumerCoordinator - [Consumer clientId=spring-kafka-client-0, groupId=test] Requesting disconnect from last known coordinator localhost:9092 (id: 2147483646 rack: null)
17:10:53.263 [kafka-coordinator-heartbeat-thread | test] INFO  o.apache.kafka.clients.NetworkClient - [Consumer clientId=spring-kafka-client-0, groupId=test] Client requested disconnect from node 2147483646
17:10:53.264 [org.springframework.kafka.KafkaListenerEndpointContainer#0-0-C-1] INFO  o.a.k.c.c.i.ConsumerCoordinator - [Consumer clientId=spring-kafka-client-0, groupId=test] Discovered group coordinator localhost:9092 (id: 2147483646 rack: null)
17:10:53.264 [org.springframework.kafka.KafkaListenerEndpointContainer#0-0-C-1] INFO  o.a.k.c.c.i.ConsumerCoordinator - [Consumer clientId=spring-kafka-client-0, groupId=test] Group coordinator localhost:9092 (id: 2147483646 rack: null) is unavailable or invalid due to cause: coordinator unavailable. isDisconnected: false. Rediscovery will be attempted.
17:10:53.264 [org.springframework.kafka.KafkaListenerEndpointContainer#0-0-C-1] INFO  o.a.k.c.c.i.ConsumerCoordinator - [Consumer clientId=spring-kafka-client-0, groupId=test] Requesting disconnect from last known coordinator localhost:9092 (id: 2147483646 rack: null)
17:10:53.373 [org.springframework.kafka.KafkaListenerEndpointContainer#0-0-C-1] INFO  o.a.k.c.c.i.ConsumerCoordinator - [Consumer clientId=spring-kafka-client-0, groupId=test] Discovered group coordinator localhost:9092 (id: 2147483646 rack: null)
17:10:59.397 [HikariPool-1 housekeeper] WARN  com.zaxxer.hikari.pool.HikariPool - HikariPool-1 - Thread starvation or clock leap detected (housekeeper delta=2h47m41s621ms).
17:26:01.516 [kafka-coordinator-heartbeat-thread | test] INFO  o.a.k.c.c.i.ConsumerCoordinator - [Consumer clientId=spring-kafka-client-0, groupId=test] Group coordinator localhost:9092 (id: 2147483646 rack: null) is unavailable or invalid due to cause: session timed out without receiving a heartbeat response. isDisconnected: false. Rediscovery will be attempted.
17:26:01.517 [kafka-coordinator-heartbeat-thread | test] INFO  o.a.k.c.c.i.ConsumerCoordinator - [Consumer clientId=spring-kafka-client-0, groupId=test] Requesting disconnect from last known coordinator localhost:9092 (id: 2147483646 rack: null)
17:26:01.517 [kafka-coordinator-heartbeat-thread | test] INFO  o.apache.kafka.clients.NetworkClient - [Consumer clientId=spring-kafka-client-0, groupId=test] Client requested disconnect from node 2147483646
17:26:01.518 [org.springframework.kafka.KafkaListenerEndpointContainer#0-0-C-1] INFO  o.a.k.c.c.i.ConsumerCoordinator - [Consumer clientId=spring-kafka-client-0, groupId=test] Discovered group coordinator localhost:9092 (id: 2147483646 rack: null)
17:26:01.518 [org.springframework.kafka.KafkaListenerEndpointContainer#0-0-C-1] INFO  o.a.k.c.c.i.ConsumerCoordinator - [Consumer clientId=spring-kafka-client-0, groupId=test] Group coordinator localhost:9092 (id: 2147483646 rack: null) is unavailable or invalid due to cause: coordinator unavailable. isDisconnected: false. Rediscovery will be attempted.
17:26:01.518 [org.springframework.kafka.KafkaListenerEndpointContainer#0-0-C-1] INFO  o.a.k.c.c.i.ConsumerCoordinator - [Consumer clientId=spring-kafka-client-0, groupId=test] Requesting disconnect from last known coordinator localhost:9092 (id: 2147483646 rack: null)
17:26:01.630 [org.springframework.kafka.KafkaListenerEndpointContainer#0-0-C-1] INFO  o.a.k.c.c.i.ConsumerCoordinator - [Consumer clientId=spring-kafka-client-0, groupId=test] Discovered group coordinator localhost:9092 (id: 2147483646 rack: null)
18:11:54.169 [kafka-coordinator-heartbeat-thread | test] INFO  o.a.k.c.c.i.ConsumerCoordinator - [Consumer clientId=spring-kafka-client-0, groupId=test] Group coordinator localhost:9092 (id: 2147483646 rack: null) is unavailable or invalid due to cause: session timed out without receiving a heartbeat response. isDisconnected: false. Rediscovery will be attempted.
18:11:54.169 [kafka-coordinator-heartbeat-thread | test] INFO  o.a.k.c.c.i.ConsumerCoordinator - [Consumer clientId=spring-kafka-client-0, groupId=test] Requesting disconnect from last known coordinator localhost:9092 (id: 2147483646 rack: null)
18:11:54.170 [kafka-coordinator-heartbeat-thread | test] INFO  o.apache.kafka.clients.NetworkClient - [Consumer clientId=spring-kafka-client-0, groupId=test] Client requested disconnect from node 2147483646
18:11:54.171 [org.springframework.kafka.KafkaListenerEndpointContainer#0-0-C-1] INFO  o.a.k.c.c.i.ConsumerCoordinator - [Consumer clientId=spring-kafka-client-0, groupId=test] Discovered group coordinator localhost:9092 (id: 2147483646 rack: null)
18:11:54.171 [org.springframework.kafka.KafkaListenerEndpointContainer#0-0-C-1] INFO  o.a.k.c.c.i.ConsumerCoordinator - [Consumer clientId=spring-kafka-client-0, groupId=test] Group coordinator localhost:9092 (id: 2147483646 rack: null) is unavailable or invalid due to cause: coordinator unavailable. isDisconnected: false. Rediscovery will be attempted.
18:11:54.171 [org.springframework.kafka.KafkaListenerEndpointContainer#0-0-C-1] INFO  o.a.k.c.c.i.ConsumerCoordinator - [Consumer clientId=spring-kafka-client-0, groupId=test] Requesting disconnect from last known coordinator localhost:9092 (id: 2147483646 rack: null)
18:11:54.286 [org.springframework.kafka.KafkaListenerEndpointContainer#0-0-C-1] INFO  o.a.k.c.c.i.ConsumerCoordinator - [Consumer clientId=spring-kafka-client-0, groupId=test] Discovered group coordinator localhost:9092 (id: 2147483646 rack: null)
19:12:55.324 [kafka-coordinator-heartbeat-thread | test] INFO  o.a.k.c.c.i.ConsumerCoordinator - [Consumer clientId=spring-kafka-client-0, groupId=test] Group coordinator localhost:9092 (id: 2147483646 rack: null) is unavailable or invalid due to cause: session timed out without receiving a heartbeat response. isDisconnected: false. Rediscovery will be attempted.
19:12:55.324 [kafka-coordinator-heartbeat-thread | test] INFO  o.a.k.c.c.i.ConsumerCoordinator - [Consumer clientId=spring-kafka-client-0, groupId=test] Requesting disconnect from last known coordinator localhost:9092 (id: 2147483646 rack: null)
19:12:55.324 [kafka-coordinator-heartbeat-thread | test] INFO  o.apache.kafka.clients.NetworkClient - [Consumer clientId=spring-kafka-client-0, groupId=test] Client requested disconnect from node 2147483646
19:12:55.326 [org.springframework.kafka.KafkaListenerEndpointContainer#0-0-C-1] INFO  o.a.k.c.c.i.ConsumerCoordinator - [Consumer clientId=spring-kafka-client-0, groupId=test] Discovered group coordinator localhost:9092 (id: 2147483646 rack: null)
19:12:55.326 [org.springframework.kafka.KafkaListenerEndpointContainer#0-0-C-1] INFO  o.a.k.c.c.i.ConsumerCoordinator - [Consumer clientId=spring-kafka-client-0, groupId=test] Group coordinator localhost:9092 (id: 2147483646 rack: null) is unavailable or invalid due to cause: coordinator unavailable. isDisconnected: false. Rediscovery will be attempted.
19:12:55.326 [org.springframework.kafka.KafkaListenerEndpointContainer#0-0-C-1] INFO  o.a.k.c.c.i.ConsumerCoordinator - [Consumer clientId=spring-kafka-client-0, groupId=test] Requesting disconnect from last known coordinator localhost:9092 (id: 2147483646 rack: null)
19:12:55.455 [org.springframework.kafka.KafkaListenerEndpointContainer#0-0-C-1] INFO  o.a.k.c.c.i.ConsumerCoordinator - [Consumer clientId=spring-kafka-client-0, groupId=test] Discovered group coordinator localhost:9092 (id: 2147483646 rack: null)
20:13:56.201 [kafka-coordinator-heartbeat-thread | test] INFO  o.a.k.c.c.i.ConsumerCoordinator - [Consumer clientId=spring-kafka-client-0, groupId=test] Group coordinator localhost:9092 (id: 2147483646 rack: null) is unavailable or invalid due to cause: session timed out without receiving a heartbeat response. isDisconnected: false. Rediscovery will be attempted.
20:13:56.202 [kafka-coordinator-heartbeat-thread | test] INFO  o.a.k.c.c.i.ConsumerCoordinator - [Consumer clientId=spring-kafka-client-0, groupId=test] Requesting disconnect from last known coordinator localhost:9092 (id: 2147483646 rack: null)
20:13:56.202 [kafka-coordinator-heartbeat-thread | test] INFO  o.apache.kafka.clients.NetworkClient - [Consumer clientId=spring-kafka-client-0, groupId=test] Client requested disconnect from node 2147483646
20:13:56.203 [org.springframework.kafka.KafkaListenerEndpointContainer#0-0-C-1] INFO  o.a.k.c.c.i.ConsumerCoordinator - [Consumer clientId=spring-kafka-client-0, groupId=test] Discovered group coordinator localhost:9092 (id: 2147483646 rack: null)
20:13:56.203 [org.springframework.kafka.KafkaListenerEndpointContainer#0-0-C-1] INFO  o.a.k.c.c.i.ConsumerCoordinator - [Consumer clientId=spring-kafka-client-0, groupId=test] Group coordinator localhost:9092 (id: 2147483646 rack: null) is unavailable or invalid due to cause: coordinator unavailable. isDisconnected: false. Rediscovery will be attempted.
20:13:56.203 [org.springframework.kafka.KafkaListenerEndpointContainer#0-0-C-1] INFO  o.a.k.c.c.i.ConsumerCoordinator - [Consumer clientId=spring-kafka-client-0, groupId=test] Requesting disconnect from last known coordinator localhost:9092 (id: 2147483646 rack: null)
20:13:56.327 [org.springframework.kafka.KafkaListenerEndpointContainer#0-0-C-1] INFO  o.a.k.c.c.i.ConsumerCoordinator - [Consumer clientId=spring-kafka-client-0, groupId=test] Discovered group coordinator localhost:9092 (id: 2147483646 rack: null)
20:31:41.288 [kafka-coordinator-heartbeat-thread | test] INFO  o.a.k.c.c.i.ConsumerCoordinator - [Consumer clientId=spring-kafka-client-0, groupId=test] Group coordinator localhost:9092 (id: 2147483646 rack: null) is unavailable or invalid due to cause: session timed out without receiving a heartbeat response. isDisconnected: false. Rediscovery will be attempted.
20:31:41.289 [kafka-coordinator-heartbeat-thread | test] INFO  o.a.k.c.c.i.ConsumerCoordinator - [Consumer clientId=spring-kafka-client-0, groupId=test] Requesting disconnect from last known coordinator localhost:9092 (id: 2147483646 rack: null)
20:31:41.289 [kafka-coordinator-heartbeat-thread | test] INFO  o.apache.kafka.clients.NetworkClient - [Consumer clientId=spring-kafka-client-0, groupId=test] Client requested disconnect from node 2147483646
20:31:41.297 [org.springframework.kafka.KafkaListenerEndpointContainer#0-0-C-1] INFO  o.a.k.c.c.i.ConsumerCoordinator - [Consumer clientId=spring-kafka-client-0, groupId=test] Discovered group coordinator localhost:9092 (id: 2147483646 rack: null)
20:31:41.297 [org.springframework.kafka.KafkaListenerEndpointContainer#0-0-C-1] INFO  o.a.k.c.c.i.ConsumerCoordinator - [Consumer clientId=spring-kafka-client-0, groupId=test] Group coordinator localhost:9092 (id: 2147483646 rack: null) is unavailable or invalid due to cause: coordinator unavailable. isDisconnected: false. Rediscovery will be attempted.
20:31:41.297 [org.springframework.kafka.KafkaListenerEndpointContainer#0-0-C-1] INFO  o.a.k.c.c.i.ConsumerCoordinator - [Consumer clientId=spring-kafka-client-0, groupId=test] Requesting disconnect from last known coordinator localhost:9092 (id: 2147483646 rack: null)
20:31:41.389 [org.springframework.kafka.KafkaListenerEndpointContainer#0-0-C-1] INFO  o.a.k.c.c.i.ConsumerCoordinator - [Consumer clientId=spring-kafka-client-0, groupId=test] Discovered group coordinator localhost:9092 (id: 2147483646 rack: null)
20:31:43.634 [HikariPool-1 housekeeper] WARN  com.zaxxer.hikari.pool.HikariPool - HikariPool-1 - Thread starvation or clock leap detected (housekeeper delta=3h20m44s237ms).
21:14:57.204 [kafka-coordinator-heartbeat-thread | test] INFO  o.a.k.c.c.i.ConsumerCoordinator - [Consumer clientId=spring-kafka-client-0, groupId=test] Group coordinator localhost:9092 (id: 2147483646 rack: null) is unavailable or invalid due to cause: session timed out without receiving a heartbeat response. isDisconnected: false. Rediscovery will be attempted.
21:14:57.204 [kafka-coordinator-heartbeat-thread | test] INFO  o.a.k.c.c.i.ConsumerCoordinator - [Consumer clientId=spring-kafka-client-0, groupId=test] Requesting disconnect from last known coordinator localhost:9092 (id: 2147483646 rack: null)
21:14:57.204 [kafka-coordinator-heartbeat-thread | test] INFO  o.apache.kafka.clients.NetworkClient - [Consumer clientId=spring-kafka-client-0, groupId=test] Client requested disconnect from node 2147483646
21:14:57.205 [org.springframework.kafka.KafkaListenerEndpointContainer#0-0-C-1] INFO  o.a.k.c.c.i.ConsumerCoordinator - [Consumer clientId=spring-kafka-client-0, groupId=test] Discovered group coordinator localhost:9092 (id: 2147483646 rack: null)
21:14:57.206 [org.springframework.kafka.KafkaListenerEndpointContainer#0-0-C-1] INFO  o.a.k.c.c.i.ConsumerCoordinator - [Consumer clientId=spring-kafka-client-0, groupId=test] Group coordinator localhost:9092 (id: 2147483646 rack: null) is unavailable or invalid due to cause: coordinator unavailable. isDisconnected: false. Rediscovery will be attempted.
21:14:57.206 [org.springframework.kafka.KafkaListenerEndpointContainer#0-0-C-1] INFO  o.a.k.c.c.i.ConsumerCoordinator - [Consumer clientId=spring-kafka-client-0, groupId=test] Requesting disconnect from last known coordinator localhost:9092 (id: 2147483646 rack: null)
21:14:57.331 [org.springframework.kafka.KafkaListenerEndpointContainer#0-0-C-1] INFO  o.a.k.c.c.i.ConsumerCoordinator - [Consumer clientId=spring-kafka-client-0, groupId=test] Discovered group coordinator localhost:9092 (id: 2147483646 rack: null)
21:17:57.192 [kafka-coordinator-heartbeat-thread | test] INFO  o.a.k.c.c.i.ConsumerCoordinator - [Consumer clientId=spring-kafka-client-0, groupId=test] Group coordinator localhost:9092 (id: 2147483646 rack: null) is unavailable or invalid due to cause: session timed out without receiving a heartbeat response. isDisconnected: false. Rediscovery will be attempted.
21:17:57.194 [kafka-coordinator-heartbeat-thread | test] INFO  o.a.k.c.c.i.ConsumerCoordinator - [Consumer clientId=spring-kafka-client-0, groupId=test] Requesting disconnect from last known coordinator localhost:9092 (id: 2147483646 rack: null)
21:17:57.199 [kafka-coordinator-heartbeat-thread | test] INFO  o.apache.kafka.clients.NetworkClient - [Consumer clientId=spring-kafka-client-0, groupId=test] Client requested disconnect from node 2147483646
21:17:57.260 [org.springframework.kafka.KafkaListenerEndpointContainer#0-0-C-1] INFO  o.a.k.c.c.i.ConsumerCoordinator - [Consumer clientId=spring-kafka-client-0, groupId=test] Discovered group coordinator localhost:9092 (id: 2147483646 rack: null)
21:18:14.749 [HikariPool-1 housekeeper] WARN  com.zaxxer.hikari.pool.HikariPool - HikariPool-1 - Thread starvation or clock leap detected (housekeeper delta=46m31s115ms).
21:18:41.837 [HikariPool-1 housekeeper] WARN  com.zaxxer.hikari.pool.HikariPool - HikariPool-1 - Retrograde clock change detected (housekeeper delta=27s87ms), soft-evicting connections from pool.
